This file contains any messages produced by compilers while
running configure, to aid debugging if configure makes a mistake.

It was created by configure, which was
generated by GNU Autoconf 2.59.  Invocation command line was

  $ /home/takayuki/home2/work/h8_micon/env/binutils-2.19.1/gprof/configure --cache-file=./config.cache --with-gnu-as --with-gnu-ld --disable-nls --prefix=/home/takayuki/home2/work/h8_micon/tools --disable-werror --program-transform-name=s,^,h8300-elf-, --build=x86_64-unknown-linux-gnu --host=x86_64-unknown-linux-gnu --target=h8300-elf --srcdir=.././gprof

## --------- ##
## Platform. ##
## --------- ##

hostname = ArchLinux
uname -m = x86_64
uname -r = 4.13.12-1-ARCH
uname -s = Linux
uname -v = #1 SMP PREEMPT Wed Nov 8 11:54:06 CET 2017

/usr/bin/uname -p = unknown
/bin/uname -X     = unknown

/bin/arch              = unknown
/usr/bin/arch -k       = unknown
/usr/convex/getsysinfo = unknown
hostinfo               = unknown
/bin/machine           = unknown
/usr/bin/oslevel       = unknown
/bin/universe          = unknown

PATH: /usr/local/sbin
PATH: /usr/local/bin
PATH: /usr/bin
PATH: /usr/lib/emscripten
PATH: /usr/lib/jvm/default/bin
PATH: /usr/bin/site_perl
PATH: /usr/bin/vendor_perl
PATH: /usr/bin/core_perl
PATH: /home/takayuki/bin
PATH: /home/takayuki/bin
PATH: /home/takayuki/.cargo/bin
PATH: /home/takayuki/.config/composer/vendor/bin


## ----------- ##
## Core tests. ##
## ----------- ##

configure:1392: creating cache ./config.cache
configure:1519: checking build system type
configure:1537: result: x86_64-unknown-linux-gnu
configure:1545: checking host system type
configure:1559: result: x86_64-unknown-linux-gnu
configure:1567: checking target system type
configure:1581: result: h8300-unknown-elf
configure:1603: checking for x86_64-unknown-linux-gnu-gcc
configure:1629: result: gcc
configure:1913: checking for C compiler version
configure:1916: gcc --version </dev/null >&5
gcc (GCC) 7.2.0
Copyright (C) 2017 Free Software Foundation, Inc.
This is free software; see the source for copying conditions.  There is NO
warranty; not even for MERCHANTABILITY or FITNESS FOR A PARTICULAR PURPOSE.

configure:1919: $? = 0
configure:1921: gcc -v </dev/null >&5
Using built-in specs.
COLLECT_GCC=gcc
COLLECT_LTO_WRAPPER=/usr/lib/gcc/x86_64-pc-linux-gnu/7.2.0/lto-wrapper
Target: x86_64-pc-linux-gnu
Configured with: /build/gcc-multilib/src/gcc/configure --prefix=/usr --libdir=/usr/lib --libexecdir=/usr/lib --mandir=/usr/share/man --infodir=/usr/share/info --with-bugurl=https://bugs.archlinux.org/ --enable-languages=c,c++,ada,fortran,go,lto,objc,obj-c++ --enable-shared --enable-threads=posix --enable-libmpx --with-system-zlib --with-isl --enable-__cxa_atexit --disable-libunwind-exceptions --enable-clocale=gnu --disable-libstdcxx-pch --disable-libssp --enable-gnu-unique-object --enable-linker-build-id --enable-lto --enable-plugin --enable-install-libiberty --with-linker-hash-style=gnu --enable-gnu-indirect-function --enable-multilib --disable-werror --enable-checking=release --enable-default-pie --enable-default-ssp
Thread model: posix
gcc version 7.2.0 (GCC) 
configure:1924: $? = 0
configure:1926: gcc -V </dev/null >&5
gcc: error: unrecognized command line option '-V'
gcc: fatal error: no input files
compilation terminated.
configure:1929: $? = 1
configure:1952: checking for C compiler default output file name
configure:1955: gcc -g -O2   conftest.c  >&5
configure:1958: $? = 0
configure:2006: result: a.out
configure:2011: checking whether the C compiler works
configure:2017: ./a.out
configure:2020: $? = 0
configure:2039: result: yes
configure:2046: checking whether we are cross compiling
configure:2048: result: no
configure:2051: checking for suffix of executables
configure:2053: gcc -o conftest -g -O2   conftest.c  >&5
configure:2056: $? = 0
configure:2083: result: 
configure:2089: checking for suffix of object files
configure:2110: gcc -c -g -O2  conftest.c >&5
configure:2113: $? = 0
configure:2137: result: o
configure:2141: checking whether we are using the GNU C compiler
configure:2165: gcc -c -g -O2  conftest.c >&5
configure:2171: $? = 0
configure:2175: test -z 
			 || test ! -s conftest.err
configure:2178: $? = 0
configure:2181: test -s conftest.o
configure:2184: $? = 0
configure:2197: result: yes
configure:2203: checking whether gcc accepts -g
configure:2224: gcc -c -g  conftest.c >&5
configure:2230: $? = 0
configure:2234: test -z 
			 || test ! -s conftest.err
configure:2237: $? = 0
configure:2240: test -s conftest.o
configure:2243: $? = 0
configure:2254: result: yes
configure:2271: checking for gcc option to accept ANSI C
configure:2341: gcc  -c -g -O2  conftest.c >&5
configure:2347: $? = 0
configure:2351: test -z 
			 || test ! -s conftest.err
configure:2354: $? = 0
configure:2357: test -s conftest.o
configure:2360: $? = 0
configure:2378: result: none needed
configure:2396: gcc -c -g -O2  conftest.c >&5
conftest.c:2:3: error: unknown type name 'choke'
   choke me
   ^~~~~
conftest.c:2:3: error: expected '=', ',', ';', 'asm' or '__attribute__' at end of input
configure:2402: $? = 1
configure: failed program was:
| #ifndef __cplusplus
|   choke me
| #endif
configure:2536: checking for library containing strerror
configure:2566: gcc -o conftest -g -O2   conftest.c  >&5
configure:2572: $? = 0
configure:2576: test -z 
			 || test ! -s conftest.err
configure:2579: $? = 0
configure:2582: test -s conftest
configure:2585: $? = 0
configure:2655: result: none required
configure:2679: checking for a BSD-compatible install
configure:2745: result: /usr/bin/install -c
configure:2756: checking whether build environment is sane
configure:2799: result: yes
configure:2864: checking for gawk
configure:2880: found /usr/bin/gawk
configure:2890: result: gawk
configure:2900: checking whether make sets $(MAKE)
configure:2920: result: yes
configure:2950: checking for style of include used by make
configure:2978: result: GNU
configure:3154: checking dependency style of gcc
configure:3244: result: gcc3
configure:3274: checking for x86_64-unknown-linux-gnu-gcc
configure:3300: result: gcc
configure:3584: checking for C compiler version
configure:3587: gcc --version </dev/null >&5
gcc (GCC) 7.2.0
Copyright (C) 2017 Free Software Foundation, Inc.
This is free software; see the source for copying conditions.  There is NO
warranty; not even for MERCHANTABILITY or FITNESS FOR A PARTICULAR PURPOSE.

configure:3590: $? = 0
configure:3592: gcc -v </dev/null >&5
Using built-in specs.
COLLECT_GCC=gcc
COLLECT_LTO_WRAPPER=/usr/lib/gcc/x86_64-pc-linux-gnu/7.2.0/lto-wrapper
Target: x86_64-pc-linux-gnu
Configured with: /build/gcc-multilib/src/gcc/configure --prefix=/usr --libdir=/usr/lib --libexecdir=/usr/lib --mandir=/usr/share/man --infodir=/usr/share/info --with-bugurl=https://bugs.archlinux.org/ --enable-languages=c,c++,ada,fortran,go,lto,objc,obj-c++ --enable-shared --enable-threads=posix --enable-libmpx --with-system-zlib --with-isl --enable-__cxa_atexit --disable-libunwind-exceptions --enable-clocale=gnu --disable-libstdcxx-pch --disable-libssp --enable-gnu-unique-object --enable-linker-build-id --enable-lto --enable-plugin --enable-install-libiberty --with-linker-hash-style=gnu --enable-gnu-indirect-function --enable-multilib --disable-werror --enable-checking=release --enable-default-pie --enable-default-ssp
Thread model: posix
gcc version 7.2.0 (GCC) 
configure:3595: $? = 0
configure:3597: gcc -V </dev/null >&5
gcc: error: unrecognized command line option '-V'
gcc: fatal error: no input files
compilation terminated.
configure:3600: $? = 1
configure:3603: checking whether we are using the GNU C compiler
configure:3659: result: yes
configure:3665: checking whether gcc accepts -g
configure:3716: result: yes
configure:3733: checking for gcc option to accept ANSI C
configure:3840: result: none needed
configure:3858: gcc -c -g -O2  conftest.c >&5
conftest.c:2:3: error: unknown type name 'choke'
   choke me
   ^~~~~
conftest.c:2:3: error: expected '=', ',', ';', 'asm' or '__attribute__' at end of input
configure:3864: $? = 1
configure: failed program was:
| #ifndef __cplusplus
|   choke me
| #endif
configure:4008: checking how to run the C preprocessor
configure:4043: gcc -E  conftest.c
configure:4049: $? = 0
configure:4081: gcc -E  conftest.c
conftest.c:12:10: fatal error: ac_nonexistent.h: No such file or directory
 #include <ac_nonexistent.h>
          ^~~~~~~~~~~~~~~~~~
compilation terminated.
configure:4087: $? = 1
configure: failed program was:
| /* confdefs.h.  */
| 
| #define PACKAGE_NAME ""
| #define PACKAGE_TARNAME ""
| #define PACKAGE_VERSION ""
| #define PACKAGE_STRING ""
| #define PACKAGE_BUGREPORT ""
| #define PACKAGE "gprof"
| #define VERSION "2.19.1"
| #define _GNU_SOURCE 1
| /* end confdefs.h.  */
| #include <ac_nonexistent.h>
configure:4126: result: gcc -E
configure:4150: gcc -E  conftest.c
configure:4156: $? = 0
configure:4188: gcc -E  conftest.c
conftest.c:12:10: fatal error: ac_nonexistent.h: No such file or directory
 #include <ac_nonexistent.h>
          ^~~~~~~~~~~~~~~~~~
compilation terminated.
configure:4194: $? = 1
configure: failed program was:
| /* confdefs.h.  */
| 
| #define PACKAGE_NAME ""
| #define PACKAGE_TARNAME ""
| #define PACKAGE_VERSION ""
| #define PACKAGE_STRING ""
| #define PACKAGE_BUGREPORT ""
| #define PACKAGE "gprof"
| #define VERSION "2.19.1"
| #define _GNU_SOURCE 1
| /* end confdefs.h.  */
| #include <ac_nonexistent.h>
configure:4240: checking for egrep
configure:4250: result: grep -E
configure:4255: checking for ANSI C header files
configure:4280: gcc -c -g -O2  conftest.c >&5
configure:4286: $? = 0
configure:4290: test -z 
			 || test ! -s conftest.err
configure:4293: $? = 0
configure:4296: test -s conftest.o
configure:4299: $? = 0
configure:4388: gcc -o conftest -g -O2   conftest.c  >&5
conftest.c: In function 'main':
conftest.c:29:7: warning: implicit declaration of function 'exit' [-Wimplicit-function-declaration]
       exit(2);
       ^~~~
conftest.c:29:7: warning: incompatible implicit declaration of built-in function 'exit'
conftest.c:29:7: note: include '<stdlib.h>' or provide a declaration of 'exit'
conftest.c:30:3: warning: incompatible implicit declaration of built-in function 'exit'
   exit (0);
   ^~~~
conftest.c:30:3: note: include '<stdlib.h>' or provide a declaration of 'exit'
configure:4391: $? = 0
configure:4393: ./conftest
configure:4396: $? = 0
configure:4411: result: yes
configure:4435: checking for sys/types.h
configure:4451: gcc -c -g -O2  conftest.c >&5
configure:4457: $? = 0
configure:4461: test -z 
			 || test ! -s conftest.err
configure:4464: $? = 0
configure:4467: test -s conftest.o
configure:4470: $? = 0
configure:4481: result: yes
configure:4435: checking for sys/stat.h
configure:4451: gcc -c -g -O2  conftest.c >&5
configure:4457: $? = 0
configure:4461: test -z 
			 || test ! -s conftest.err
configure:4464: $? = 0
configure:4467: test -s conftest.o
configure:4470: $? = 0
configure:4481: result: yes
configure:4435: checking for stdlib.h
configure:4451: gcc -c -g -O2  conftest.c >&5
configure:4457: $? = 0
configure:4461: test -z 
			 || test ! -s conftest.err
configure:4464: $? = 0
configure:4467: test -s conftest.o
configure:4470: $? = 0
configure:4481: result: yes
configure:4435: checking for string.h
configure:4451: gcc -c -g -O2  conftest.c >&5
configure:4457: $? = 0
configure:4461: test -z 
			 || test ! -s conftest.err
configure:4464: $? = 0
configure:4467: test -s conftest.o
configure:4470: $? = 0
configure:4481: result: yes
configure:4435: checking for memory.h
configure:4451: gcc -c -g -O2  conftest.c >&5
configure:4457: $? = 0
configure:4461: test -z 
			 || test ! -s conftest.err
configure:4464: $? = 0
configure:4467: test -s conftest.o
configure:4470: $? = 0
configure:4481: result: yes
configure:4435: checking for strings.h
configure:4451: gcc -c -g -O2  conftest.c >&5
configure:4457: $? = 0
configure:4461: test -z 
			 || test ! -s conftest.err
configure:4464: $? = 0
configure:4467: test -s conftest.o
configure:4470: $? = 0
configure:4481: result: yes
configure:4435: checking for inttypes.h
configure:4451: gcc -c -g -O2  conftest.c >&5
configure:4457: $? = 0
configure:4461: test -z 
			 || test ! -s conftest.err
configure:4464: $? = 0
configure:4467: test -s conftest.o
configure:4470: $? = 0
configure:4481: result: yes
configure:4435: checking for stdint.h
configure:4451: gcc -c -g -O2  conftest.c >&5
configure:4457: $? = 0
configure:4461: test -z 
			 || test ! -s conftest.err
configure:4464: $? = 0
configure:4467: test -s conftest.o
configure:4470: $? = 0
configure:4481: result: yes
configure:4435: checking for unistd.h
configure:4451: gcc -c -g -O2  conftest.c >&5
configure:4457: $? = 0
configure:4461: test -z 
			 || test ! -s conftest.err
configure:4464: $? = 0
configure:4467: test -s conftest.o
configure:4470: $? = 0
configure:4481: result: yes
configure:4504: checking minix/config.h usability
configure:4516: gcc -c -g -O2  conftest.c >&5
conftest.c:56:10: fatal error: minix/config.h: No such file or directory
 #include <minix/config.h>
          ^~~~~~~~~~~~~~~~
compilation terminated.
configure:4522: $? = 1
configure: failed program was:
| /* confdefs.h.  */
| 
| #define PACKAGE_NAME ""
| #define PACKAGE_TARNAME ""
| #define PACKAGE_VERSION ""
| #define PACKAGE_STRING ""
| #define PACKAGE_BUGREPORT ""
| #define PACKAGE "gprof"
| #define VERSION "2.19.1"
| #define _GNU_SOURCE 1
| #define STDC_HEADERS 1
| #define HAVE_SYS_TYPES_H 1
| #define HAVE_SYS_STAT_H 1
| #define HAVE_STDLIB_H 1
| #define HAVE_STRING_H 1
| #define HAVE_MEMORY_H 1
| #define HAVE_STRINGS_H 1
| #define HAVE_INTTYPES_H 1
| #define HAVE_STDINT_H 1
| #define HAVE_UNISTD_H 1
| /* end confdefs.h.  */
| #include <stdio.h>
| #if HAVE_SYS_TYPES_H
| # include <sys/types.h>
| #endif
| #if HAVE_SYS_STAT_H
| # include <sys/stat.h>
| #endif
| #if STDC_HEADERS
| # include <stdlib.h>
| # include <stddef.h>
| #else
| # if HAVE_STDLIB_H
| #  include <stdlib.h>
| # endif
| #endif
| #if HAVE_STRING_H
| # if !STDC_HEADERS && HAVE_MEMORY_H
| #  include <memory.h>
| # endif
| # include <string.h>
| #endif
| #if HAVE_STRINGS_H
| # include <strings.h>
| #endif
| #if HAVE_INTTYPES_H
| # include <inttypes.h>
| #else
| # if HAVE_STDINT_H
| #  include <stdint.h>
| # endif
| #endif
| #if HAVE_UNISTD_H
| # include <unistd.h>
| #endif
| #include <minix/config.h>
configure:4545: result: no
configure:4549: checking minix/config.h presence
configure:4559: gcc -E  conftest.c
conftest.c:22:10: fatal error: minix/config.h: No such file or directory
 #include <minix/config.h>
          ^~~~~~~~~~~~~~~~
compilation terminated.
configure:4565: $? = 1
configure: failed program was:
| /* confdefs.h.  */
| 
| #define PACKAGE_NAME ""
| #define PACKAGE_TARNAME ""
| #define PACKAGE_VERSION ""
| #define PACKAGE_STRING ""
| #define PACKAGE_BUGREPORT ""
| #define PACKAGE "gprof"
| #define VERSION "2.19.1"
| #define _GNU_SOURCE 1
| #define STDC_HEADERS 1
| #define HAVE_SYS_TYPES_H 1
| #define HAVE_SYS_STAT_H 1
| #define HAVE_STDLIB_H 1
| #define HAVE_STRING_H 1
| #define HAVE_MEMORY_H 1
| #define HAVE_STRINGS_H 1
| #define HAVE_INTTYPES_H 1
| #define HAVE_STDINT_H 1
| #define HAVE_UNISTD_H 1
| /* end confdefs.h.  */
| #include <minix/config.h>
configure:4585: result: no
configure:4620: checking for minix/config.h
configure:4627: result: no
configure:4658: checking whether it is safe to define __EXTENSIONS__
configure:4681: gcc -c -g -O2  conftest.c >&5
configure:4687: $? = 0
configure:4691: test -z 
			 || test ! -s conftest.err
configure:4694: $? = 0
configure:4697: test -s conftest.o
configure:4700: $? = 0
configure:4711: result: yes
configure:4749: checking for a BSD-compatible install
configure:4815: result: /usr/bin/install -c
configure:4963: checking for a sed that does not truncate output
configure:5019: result: /usr/bin/sed
configure:5035: checking for fgrep
configure:5045: result: grep -F
configure:5080: checking for ld used by gcc
configure:5147: result: ld
configure:5156: checking if the linker (ld) is GNU ld
configure:5171: result: yes
configure:5184: checking for BSD- or MS-compatible name lister (nm)
configure:5233: result: nm
configure:5338: checking the name lister (nm) interface
configure:5345: gcc -c -g -O2  conftest.c >&5
configure:5348: nm "conftest.o"
configure:5351: output
0000000000000000 B some_variable
configure:5358: result: BSD nm
configure:5361: checking whether ln -s works
configure:5365: result: yes
configure:5373: checking the maximum length of command line arguments
configure:5493: result: 1572864
configure:5511: checking whether the shell understands some XSI constructs
configure:5519: result: yes
configure:5523: checking whether the shell understands "+="
configure:5529: result: yes
configure:5564: checking for ld option to reload object files
configure:5571: result: -r
configure:5598: checking how to recognize dependent libraries
configure:5788: result: pass_all
configure:5808: checking for x86_64-unknown-linux-gnu-ar
configure:5834: result: ar
configure:5901: checking for x86_64-unknown-linux-gnu-strip
configure:5930: result: no
configure:5939: checking for strip
configure:5955: found /usr/bin/strip
configure:5966: result: strip
configure:5988: checking for x86_64-unknown-linux-gnu-ranlib
configure:6014: result: ranlib
configure:6133: checking command to parse nm output from gcc object
configure:6250: gcc -c -g -O2  conftest.c >&5
configure:6253: $? = 0
configure:6257: nm conftest.o \| sed -n -e 's/^.*[	 ]\([ABCDGIRSTW][ABCDGIRSTW]*\)[	 ][	 ]*\([_A-Za-z][_A-Za-z0-9]*\)$/\1 \2 \2/p' \> conftest.nm
configure:6260: $? = 0
configure:6314: gcc -o conftest -g -O2   conftest.c conftstm.o >&5
configure:6317: $? = 0
configure:6355: result: ok
configure:6445: gcc -c -g -O2  conftest.c >&5
configure:6448: $? = 0
configure:6596: checking for dlfcn.h
configure:6612: gcc -c -g -O2  conftest.c >&5
configure:6618: $? = 0
configure:6622: test -z 
			 || test ! -s conftest.err
configure:6625: $? = 0
configure:6628: test -s conftest.o
configure:6631: $? = 0
configure:6642: result: yes
configure:6704: checking for objdir
configure:6719: result: .libs
configure:7015: checking if gcc supports -fno-rtti -fno-exceptions
configure:7033: gcc -c -g -O2  -fno-rtti -fno-exceptions conftest.c >&5
cc1: warning: command line option '-fno-rtti' is valid for C++/ObjC++ but not for C
configure:7037: $? = 0
configure:7050: result: no
configure:7070: checking for gcc option to produce PIC
configure:7325: result: -fPIC -DPIC
configure:7337: checking if gcc PIC flag -fPIC -DPIC works
configure:7355: gcc -c -g -O2  -fPIC -DPIC -DPIC conftest.c >&5
configure:7359: $? = 0
configure:7372: result: yes
configure:7396: checking if gcc static flag -static works
configure:7424: result: yes
configure:7439: checking if gcc supports -c -o file.o
configure:7460: gcc -c -g -O2  -o out/conftest2.o conftest.c >&5
configure:7464: $? = 0
configure:7486: result: yes
configure:7494: checking if gcc supports -c -o file.o
configure:7541: result: yes
configure:7574: checking whether the gcc linker (ld -m elf_x86_64) supports shared libraries
configure:8654: result: yes
configure:8691: checking whether -lc should be explicitly linked in
configure:8696: gcc -c -g -O2  conftest.c >&5
configure:8699: $? = 0
configure:8714: gcc -shared conftest.o  -v -Wl,-soname -Wl,conftest -o conftest 2\>\&1 \| grep  -lc  \>/dev/null 2\>\&1
configure:8717: $? = 0
configure:8729: result: no
configure:8893: checking dynamic linker characteristics
configure:9326: gcc -o conftest -g -O2   -Wl,-rpath -Wl,/foo conftest.c  >&5
configure:9332: $? = 0
configure:9336: test -z 
			 || test ! -s conftest.err
configure:9339: $? = 0
configure:9342: test -s conftest
configure:9345: $? = 0
configure:9569: result: GNU/Linux ld.so
configure:9664: checking how to hardcode library paths into programs
configure:9689: result: immediate
configure:10535: checking whether stripping libraries is possible
configure:10540: result: yes
configure:10575: checking if libtool supports shared libraries
configure:10577: result: yes
configure:10580: checking whether to build shared libraries
configure:10601: result: yes
configure:10604: checking whether to build static libraries
configure:10608: result: yes
configure:10648: checking for setmode
configure:10705: gcc -o conftest -g -O2   conftest.c  >&5
/tmp/ccMbAlgj.o: In function `main':
/home/takayuki/home2/work/h8_micon/env/binutils-2.19.1/gprof/conftest.c:69: undefined reference to `setmode'
/tmp/ccMbAlgj.o:/home/takayuki/home2/work/h8_micon/env/binutils-2.19.1/gprof/conftest.c:60: undefined reference to `setmode'
collect2: error: ld returned 1 exit status
configure:10711: $? = 1
configure: failed program was:
| /* confdefs.h.  */
| 
| #define PACKAGE_NAME ""
| #define PACKAGE_TARNAME ""
| #define PACKAGE_VERSION ""
| #define PACKAGE_STRING ""
| #define PACKAGE_BUGREPORT ""
| #define PACKAGE "gprof"
| #define VERSION "2.19.1"
| #define _GNU_SOURCE 1
| #define STDC_HEADERS 1
| #define HAVE_SYS_TYPES_H 1
| #define HAVE_SYS_STAT_H 1
| #define HAVE_STDLIB_H 1
| #define HAVE_STRING_H 1
| #define HAVE_MEMORY_H 1
| #define HAVE_STRINGS_H 1
| #define HAVE_INTTYPES_H 1
| #define HAVE_STDINT_H 1
| #define HAVE_UNISTD_H 1
| #define __EXTENSIONS__ 1
| #define _ALL_SOURCE 1
| #define _GNU_SOURCE 1
| #define _POSIX_PTHREAD_SEMANTICS 1
| #define _TANDEM_SOURCE 1
| #define HAVE_DLFCN_H 1
| #define LT_OBJDIR ".libs/"
| /* end confdefs.h.  */
| /* Define setmode to an innocuous variant, in case <limits.h> declares setmode.
|    For example, HP-UX 11i <limits.h> declares gettimeofday.  */
| #define setmode innocuous_setmode
| 
| /* System header to define __stub macros and hopefully few prototypes,
|     which can conflict with char setmode (); below.
|     Prefer <limits.h> to <assert.h> if __STDC__ is defined, since
|     <limits.h> exists even on freestanding compilers.  */
| 
| #ifdef __STDC__
| # include <limits.h>
| #else
| # include <assert.h>
| #endif
| 
| #undef setmode
| 
| /* Override any gcc2 internal prototype to avoid an error.  */
| #ifdef __cplusplus
| extern "C"
| {
| #endif
| /* We use char because int might match the return type of a gcc2
|    builtin and then its argument prototype would still apply.  */
| char setmode ();
| /* The GNU C library defines this for functions which it implements
|     to always fail with ENOSYS.  Some functions are actually named
|     something starting with __ and the normal name is an alias.  */
| #if defined (__stub_setmode) || defined (__stub___setmode)
| choke me
| #else
| char (*f) () = setmode;
| #endif
| #ifdef __cplusplus
| }
| #endif
| 
| int
| main ()
| {
| return f != setmode;
|   ;
|   return 0;
| }
configure:10736: result: no
configure:10761: checking whether NLS is requested
configure:10764: result: no
configure:10834: checking whether NLS is requested
configure:10843: result: no
configure:10881: checking for msgfmt
configure:10912: result: /usr/bin/msgfmt
configure:10921: checking for gmsgfmt
configure:10952: result: /usr/bin/msgfmt
configure:10991: checking for xgettext
configure:11022: result: /usr/bin/xgettext
configure:11062: checking for msgmerge
configure:11092: result: /usr/bin/msgmerge
configure:11128: checking whether to enable maintainer-specific portions of Makefiles
configure:11137: result: no
configure:11178: checking sys/gmon_out.h usability
configure:11190: gcc -c -g -O2  conftest.c >&5
configure:11196: $? = 0
configure:11200: test -z 
			 || test ! -s conftest.err
configure:11203: $? = 0
configure:11206: test -s conftest.o
configure:11209: $? = 0
configure:11219: result: yes
configure:11223: checking sys/gmon_out.h presence
configure:11233: gcc -E  conftest.c
configure:11239: $? = 0
configure:11259: result: yes
configure:11294: checking for sys/gmon_out.h
configure:11301: result: yes
configure:11315: checking for a known getopt prototype in unistd.h
configure:11336: gcc -c -g -O2  conftest.c >&5
configure:11342: $? = 0
configure:11346: test -z 
			 || test ! -s conftest.err
configure:11349: $? = 0
configure:11352: test -s conftest.o
configure:11355: $? = 0
configure:11367: result: yes
configure:11378: checking for library containing fabs
configure:11408: gcc -o conftest -g -O2   conftest.c  >&5
conftest.c:38:6: warning: conflicting types for built-in function 'fabs' [-Wbuiltin-declaration-mismatch]
 char fabs ();
      ^~~~
/tmp/ccI1ubGu.o: In function `main':
/home/takayuki/home2/work/h8_micon/env/binutils-2.19.1/gprof/conftest.c:42: undefined reference to `fabs'
collect2: error: ld returned 1 exit status
configure:11414: $? = 1
configure: failed program was:
| /* confdefs.h.  */
| 
| #define PACKAGE_NAME ""
| #define PACKAGE_TARNAME ""
| #define PACKAGE_VERSION ""
| #define PACKAGE_STRING ""
| #define PACKAGE_BUGREPORT ""
| #define PACKAGE "gprof"
| #define VERSION "2.19.1"
| #define _GNU_SOURCE 1
| #define STDC_HEADERS 1
| #define HAVE_SYS_TYPES_H 1
| #define HAVE_SYS_STAT_H 1
| #define HAVE_STDLIB_H 1
| #define HAVE_STRING_H 1
| #define HAVE_MEMORY_H 1
| #define HAVE_STRINGS_H 1
| #define HAVE_INTTYPES_H 1
| #define HAVE_STDINT_H 1
| #define HAVE_UNISTD_H 1
| #define __EXTENSIONS__ 1
| #define _ALL_SOURCE 1
| #define _GNU_SOURCE 1
| #define _POSIX_PTHREAD_SEMANTICS 1
| #define _TANDEM_SOURCE 1
| #define HAVE_DLFCN_H 1
| #define LT_OBJDIR ".libs/"
| #define HAVE_SYS_GMON_OUT_H 1
| #define HAVE_DECL_GETOPT 1
| /* end confdefs.h.  */
| 
| /* Override any gcc2 internal prototype to avoid an error.  */
| #ifdef __cplusplus
| extern "C"
| #endif
| /* We use char because int might match the return type of a gcc2
|    builtin and then its argument prototype would still apply.  */
| char fabs ();
| int
| main ()
| {
| fabs ();
|   ;
|   return 0;
| }
configure:11463: gcc -o conftest -g -O2   conftest.c -lm   >&5
conftest.c:38:6: warning: conflicting types for built-in function 'fabs' [-Wbuiltin-declaration-mismatch]
 char fabs ();
      ^~~~
configure:11469: $? = 0
configure:11473: test -z 
			 || test ! -s conftest.err
configure:11476: $? = 0
configure:11479: test -s conftest
configure:11482: $? = 0
configure:11497: result: -lm
configure:11698: creating ./config.status

## ---------------------- ##
## Running config.status. ##
## ---------------------- ##

This file was extended by config.status, which was
generated by GNU Autoconf 2.59.  Invocation command line was

  CONFIG_FILES    = 
  CONFIG_HEADERS  = 
  CONFIG_LINKS    = 
  CONFIG_COMMANDS = 
  $ ./config.status 

on ArchLinux

config.status:927: creating Makefile
config.status:927: creating po/Makefile.in
config.status:1024: creating gconfig.h
config.status:1330: executing depfiles commands
config.status:1330: executing libtool commands
config.status:1330: executing default-1 commands

## ---------------- ##
## Cache variables. ##
## ---------------- ##

ac_cv_build=x86_64-unknown-linux-gnu
ac_cv_build_alias=x86_64-unknown-linux-gnu
ac_cv_c_compiler_gnu=yes
ac_cv_env_CC_set=set
ac_cv_env_CC_value=gcc
ac_cv_env_CFLAGS_set=set
ac_cv_env_CFLAGS_value='-g -O2'
ac_cv_env_CPPFLAGS_set=
ac_cv_env_CPPFLAGS_value=
ac_cv_env_CPP_set=
ac_cv_env_CPP_value=
ac_cv_env_LDFLAGS_set=set
ac_cv_env_LDFLAGS_value=
ac_cv_env_build_alias_set=set
ac_cv_env_build_alias_value=x86_64-unknown-linux-gnu
ac_cv_env_host_alias_set=set
ac_cv_env_host_alias_value=x86_64-unknown-linux-gnu
ac_cv_env_target_alias_set=set
ac_cv_env_target_alias_value=h8300-elf
ac_cv_exeext=
ac_cv_func_setmode=no
ac_cv_header_dlfcn_h=yes
ac_cv_header_inttypes_h=yes
ac_cv_header_memory_h=yes
ac_cv_header_minix_config_h=no
ac_cv_header_stdc=yes
ac_cv_header_stdint_h=yes
ac_cv_header_stdlib_h=yes
ac_cv_header_string_h=yes
ac_cv_header_strings_h=yes
ac_cv_header_sys_gmon_out_h=yes
ac_cv_header_sys_stat_h=yes
ac_cv_header_sys_types_h=yes
ac_cv_header_unistd_h=yes
ac_cv_host=x86_64-unknown-linux-gnu
ac_cv_host_alias=x86_64-unknown-linux-gnu
ac_cv_objext=o
ac_cv_path_GMSGFMT=/usr/bin/msgfmt
ac_cv_path_MSGFMT=/usr/bin/msgfmt
ac_cv_path_MSGMERGE=/usr/bin/msgmerge
ac_cv_path_XGETTEXT=/usr/bin/xgettext
ac_cv_prog_AR=ar
ac_cv_prog_AWK=gawk
ac_cv_prog_CC=gcc
ac_cv_prog_CPP='gcc -E'
ac_cv_prog_RANLIB=ranlib
ac_cv_prog_ac_ct_STRIP=strip
ac_cv_prog_cc_g=yes
ac_cv_prog_cc_stdc=
ac_cv_prog_egrep='grep -E'
ac_cv_prog_fgrep='grep -F'
ac_cv_prog_make_make_set=yes
ac_cv_safe_to_define___extensions__=yes
ac_cv_search_fabs=-lm
ac_cv_search_strerror='none required'
ac_cv_target=h8300-unknown-elf
ac_cv_target_alias=h8300-elf
am_cv_CC_dependencies_compiler_type=gcc3
gprof_cv_decl_getopt_unistd_h=yes
lt_cv_deplibs_check_method=pass_all
lt_cv_file_magic_cmd='$MAGIC_CMD'
lt_cv_file_magic_test_file=
lt_cv_ld_reload_flag=-r
lt_cv_nm_interface='BSD nm'
lt_cv_objdir=.libs
lt_cv_path_LD=ld
lt_cv_path_NM=nm
lt_cv_path_SED=/usr/bin/sed
lt_cv_prog_compiler_c_o=yes
lt_cv_prog_compiler_rtti_exceptions=no
lt_cv_prog_gnu_ld=yes
lt_cv_sys_global_symbol_pipe='sed -n -e '\''s/^.*[	 ]\([ABCDGIRSTW][ABCDGIRSTW]*\)[	 ][	 ]*\([_A-Za-z][_A-Za-z0-9]*\)$/\1 \2 \2/p'\'''
lt_cv_sys_global_symbol_to_c_name_address='sed -n -e '\''s/^: \([^ ]*\) $/  {\"\1\", (void *) 0},/p'\'' -e '\''s/^[ABCDGIRSTW]* \([^ ]*\) \([^ ]*\)$/  {"\2", (void *) \&\2},/p'\'''
lt_cv_sys_global_symbol_to_cdecl='sed -n -e '\''s/^T .* \(.*\)$/extern int \1();/p'\'' -e '\''s/^[ABCDGIRSTW]* .* \(.*\)$/extern char \1;/p'\'''
lt_cv_sys_max_cmd_len=1572864

## ----------------- ##
## Output variables. ##
## ----------------- ##

ACLOCAL='${SHELL} /home/takayuki/home2/work/h8_micon/env/binutils-2.19.1/missing --run aclocal-1.9'
AMDEPBACKSLASH='\'
AMDEP_FALSE='#'
AMDEP_TRUE=''
AMTAR='${SHELL} /home/takayuki/home2/work/h8_micon/env/binutils-2.19.1/missing --run tar'
AR='ar'
AUTOCONF='${SHELL} /home/takayuki/home2/work/h8_micon/env/binutils-2.19.1/missing --run autoconf'
AUTOHEADER='${SHELL} /home/takayuki/home2/work/h8_micon/env/binutils-2.19.1/missing --run autoheader'
AUTOMAKE='${SHELL} /home/takayuki/home2/work/h8_micon/env/binutils-2.19.1/missing --run automake-1.9'
AWK='gawk'
CATALOGS=''
CATOBJEXT=''
CC='gcc'
CCDEPMODE='depmode=gcc3'
CFLAGS='-g -O2'
CPP='gcc -E'
CPPFLAGS=''
CYGPATH_W='echo'
DATADIRNAME=''
DEFS='-DHAVE_CONFIG_H'
DEPDIR='.deps'
DUMPBIN=''
ECHO_C=''
ECHO_N='-n'
ECHO_T=''
EGREP='grep -E'
EXEEXT=''
FGREP='grep -F'
GENCAT=''
GENINSRC_NEVER_FALSE=''
GENINSRC_NEVER_TRUE='#'
GMSGFMT='/usr/bin/msgfmt'
GREP='grep'
INCINTL=''
INSTALL_DATA='/usr/bin/install -c -m 644'
INSTALL_PROGRAM='/usr/bin/install -c'
INSTALL_SCRIPT='/usr/bin/install -c'
INSTALL_STRIP_PROGRAM='${SHELL} $(install_sh) -c -s'
INSTOBJEXT=''
LD='ld -m elf_x86_64'
LDFLAGS=''
LIBINTL=''
LIBINTL_DEP=''
LIBOBJS=''
LIBS='-lm '
LIBTOOL='$(SHELL) $(top_builddir)/libtool'
LN_S='ln -s'
LTLIBOBJS=''
MAINT='#'
MAINTAINER_MODE_FALSE=''
MAINTAINER_MODE_TRUE='#'
MAKEINFO='makeinfo --split-size=5000000'
MKINSTALLDIRS='$(top_builddir)/.././gprof/../mkinstalldirs'
MSGFMT='/usr/bin/msgfmt'
MSGMERGE='/usr/bin/msgmerge'
NM='nm'
NO_WERROR=''
OBJEXT='o'
PACKAGE='gprof'
PACKAGE_BUGREPORT=''
PACKAGE_NAME=''
PACKAGE_STRING=''
PACKAGE_TARNAME=''
PACKAGE_VERSION=''
PATH_SEPARATOR=':'
POSUB=''
RANLIB='ranlib'
SED='/usr/bin/sed'
SET_MAKE=''
SHELL='/bin/sh'
STRIP='strip'
USE_NLS='no'
VERSION='2.19.1'
WARN_CFLAGS='-W -Wall -Wstrict-prototypes -Wmissing-prototypes'
XGETTEXT='/usr/bin/xgettext'
ac_ct_AR=''
ac_ct_CC=''
ac_ct_DUMPBIN=''
ac_ct_RANLIB=''
ac_ct_STRIP='strip'
am__fastdepCC_FALSE='#'
am__fastdepCC_TRUE=''
am__include='include'
am__leading_dot='.'
am__quote=''
am__tar='${AMTAR} chof - "$$tardir"'
am__untar='${AMTAR} xf -'
bindir='${exec_prefix}/bin'
build='x86_64-unknown-linux-gnu'
build_alias='x86_64-unknown-linux-gnu'
build_cpu='x86_64'
build_os='linux-gnu'
build_vendor='unknown'
datadir='${prefix}/share'
datarootdir='/home/takayuki/home2/work/h8_micon/tools/share'
docdir='/home/takayuki/home2/work/h8_micon/tools/share/doc'
exec_prefix='${prefix}'
host='x86_64-unknown-linux-gnu'
host_alias='x86_64-unknown-linux-gnu'
host_cpu='x86_64'
host_os='linux-gnu'
host_vendor='unknown'
htmldir='/home/takayuki/home2/work/h8_micon/tools/share/doc'
includedir='${prefix}/include'
infodir='${prefix}/info'
install_sh='/home/takayuki/home2/work/h8_micon/env/binutils-2.19.1/install-sh'
libdir='${exec_prefix}/lib'
libexecdir='${exec_prefix}/libexec'
localstatedir='${prefix}/var'
lt_ECHO='echo'
mandir='${prefix}/man'
mkdir_p='mkdir -p --'
oldincludedir='/usr/include'
prefix='/home/takayuki/home2/work/h8_micon/tools'
program_transform_name='s,^,h8300-elf-,'
sbindir='${exec_prefix}/sbin'
sharedstatedir='${prefix}/com'
sysconfdir='${prefix}/etc'
target='h8300-unknown-elf'
target_alias='h8300-elf'
target_cpu='h8300'
target_os='elf'
target_vendor='unknown'

## ----------- ##
## confdefs.h. ##
## ----------- ##

#define HAVE_DECL_GETOPT 1
#define HAVE_DLFCN_H 1
#define HAVE_INTTYPES_H 1
#define HAVE_MEMORY_H 1
#define HAVE_STDINT_H 1
#define HAVE_STDLIB_H 1
#define HAVE_STRINGS_H 1
#define HAVE_STRING_H 1
#define HAVE_SYS_GMON_OUT_H 1
#define HAVE_SYS_STAT_H 1
#define HAVE_SYS_TYPES_H 1
#define HAVE_UNISTD_H 1
#define LT_OBJDIR ".libs/"
#define PACKAGE "gprof"
#define PACKAGE_BUGREPORT ""
#define PACKAGE_NAME ""
#define PACKAGE_STRING ""
#define PACKAGE_TARNAME ""
#define PACKAGE_VERSION ""
#define STDC_HEADERS 1
#define VERSION "2.19.1"
#define _ALL_SOURCE 1
#define _GNU_SOURCE 1
#define _GNU_SOURCE 1
#define _POSIX_PTHREAD_SEMANTICS 1
#define _TANDEM_SOURCE 1
#define __EXTENSIONS__ 1

configure: exit 0
