This file contains any messages produced by compilers while
running configure, to aid debugging if configure makes a mistake.

It was created by configure, which was
generated by GNU Autoconf 2.59.  Invocation command line was

  $ /home/takayuki/home2/work/h8_micon/env/binutils-2.19.1/bfd/configure --cache-file=./config.cache --with-gnu-as --with-gnu-ld --disable-nls --prefix=/home/takayuki/home2/work/h8_micon/tools --disable-werror --program-transform-name=s,^,h8300-elf-, --build=x86_64-unknown-linux-gnu --host=x86_64-unknown-linux-gnu --target=h8300-elf --srcdir=.././bfd

## --------- ##
## Platform. ##
## --------- ##

hostname = ArchLinux
uname -m = x86_64
uname -r = 4.13.12-1-ARCH
uname -s = Linux
uname -v = #1 SMP PREEMPT Wed Nov 8 11:54:06 CET 2017

/usr/bin/uname -p = unknown
/bin/uname -X     = unknown

/bin/arch              = unknown
/usr/bin/arch -k       = unknown
/usr/convex/getsysinfo = unknown
hostinfo               = unknown
/bin/machine           = unknown
/usr/bin/oslevel       = unknown
/bin/universe          = unknown

PATH: /usr/local/sbin
PATH: /usr/local/bin
PATH: /usr/bin
PATH: /usr/lib/emscripten
PATH: /usr/lib/jvm/default/bin
PATH: /usr/bin/site_perl
PATH: /usr/bin/vendor_perl
PATH: /usr/bin/core_perl
PATH: /home/takayuki/bin
PATH: /home/takayuki/bin
PATH: /home/takayuki/.cargo/bin
PATH: /home/takayuki/.config/composer/vendor/bin


## ----------- ##
## Core tests. ##
## ----------- ##

configure:1397: loading cache ./config.cache
configure:1532: checking build system type
configure:1550: result: x86_64-unknown-linux-gnu
configure:1558: checking host system type
configure:1572: result: x86_64-unknown-linux-gnu
configure:1580: checking target system type
configure:1594: result: h8300-unknown-elf
configure:1616: checking for x86_64-unknown-linux-gnu-gcc
configure:1642: result: gcc
configure:1926: checking for C compiler version
configure:1929: gcc --version </dev/null >&5
gcc (GCC) 7.2.0
Copyright (C) 2017 Free Software Foundation, Inc.
This is free software; see the source for copying conditions.  There is NO
warranty; not even for MERCHANTABILITY or FITNESS FOR A PARTICULAR PURPOSE.

configure:1932: $? = 0
configure:1934: gcc -v </dev/null >&5
Using built-in specs.
COLLECT_GCC=gcc
COLLECT_LTO_WRAPPER=/usr/lib/gcc/x86_64-pc-linux-gnu/7.2.0/lto-wrapper
Target: x86_64-pc-linux-gnu
Configured with: /build/gcc-multilib/src/gcc/configure --prefix=/usr --libdir=/usr/lib --libexecdir=/usr/lib --mandir=/usr/share/man --infodir=/usr/share/info --with-bugurl=https://bugs.archlinux.org/ --enable-languages=c,c++,ada,fortran,go,lto,objc,obj-c++ --enable-shared --enable-threads=posix --enable-libmpx --with-system-zlib --with-isl --enable-__cxa_atexit --disable-libunwind-exceptions --enable-clocale=gnu --disable-libstdcxx-pch --disable-libssp --enable-gnu-unique-object --enable-linker-build-id --enable-lto --enable-plugin --enable-install-libiberty --with-linker-hash-style=gnu --enable-gnu-indirect-function --enable-multilib --disable-werror --enable-checking=release --enable-default-pie --enable-default-ssp
Thread model: posix
gcc version 7.2.0 (GCC) 
configure:1937: $? = 0
configure:1939: gcc -V </dev/null >&5
gcc: error: unrecognized command line option '-V'
gcc: fatal error: no input files
compilation terminated.
configure:1942: $? = 1
configure:1965: checking for C compiler default output file name
configure:1968: gcc -g -O2   conftest.c  >&5
configure:1971: $? = 0
configure:2019: result: a.out
configure:2024: checking whether the C compiler works
configure:2030: ./a.out
configure:2033: $? = 0
configure:2052: result: yes
configure:2059: checking whether we are cross compiling
configure:2061: result: no
configure:2064: checking for suffix of executables
configure:2066: gcc -o conftest -g -O2   conftest.c  >&5
configure:2069: $? = 0
configure:2096: result: 
configure:2102: checking for suffix of object files
configure:2150: result: o
configure:2154: checking whether we are using the GNU C compiler
configure:2210: result: yes
configure:2216: checking whether gcc accepts -g
configure:2267: result: yes
configure:2284: checking for gcc option to accept ANSI C
configure:2391: result: none needed
configure:2409: gcc -c -g -O2  conftest.c >&5
conftest.c:2:3: error: unknown type name 'choke'
   choke me
   ^~~~~
conftest.c:2:3: error: expected '=', ',', ';', 'asm' or '__attribute__' at end of input
configure:2415: $? = 1
configure: failed program was:
| #ifndef __cplusplus
|   choke me
| #endif
configure:2549: checking for library containing strerror
configure:2668: result: none required
configure:2691: checking for a BSD-compatible install
configure:2757: result: /usr/bin/install -c
configure:2768: checking whether build environment is sane
configure:2811: result: yes
configure:2876: checking for gawk
configure:2902: result: gawk
configure:2912: checking whether make sets $(MAKE)
configure:2932: result: yes
configure:2962: checking for style of include used by make
configure:2990: result: GNU
configure:3166: checking dependency style of gcc
configure:3256: result: gcc3
configure:3278: checking for x86_64-unknown-linux-gnu-ar
configure:3304: result: ar
configure:3357: checking for x86_64-unknown-linux-gnu-ranlib
configure:3383: result: ranlib
configure:3475: checking for x86_64-unknown-linux-gnu-gcc
configure:3501: result: gcc
configure:3785: checking for C compiler version
configure:3788: gcc --version </dev/null >&5
gcc (GCC) 7.2.0
Copyright (C) 2017 Free Software Foundation, Inc.
This is free software; see the source for copying conditions.  There is NO
warranty; not even for MERCHANTABILITY or FITNESS FOR A PARTICULAR PURPOSE.

configure:3791: $? = 0
configure:3793: gcc -v </dev/null >&5
Using built-in specs.
COLLECT_GCC=gcc
COLLECT_LTO_WRAPPER=/usr/lib/gcc/x86_64-pc-linux-gnu/7.2.0/lto-wrapper
Target: x86_64-pc-linux-gnu
Configured with: /build/gcc-multilib/src/gcc/configure --prefix=/usr --libdir=/usr/lib --libexecdir=/usr/lib --mandir=/usr/share/man --infodir=/usr/share/info --with-bugurl=https://bugs.archlinux.org/ --enable-languages=c,c++,ada,fortran,go,lto,objc,obj-c++ --enable-shared --enable-threads=posix --enable-libmpx --with-system-zlib --with-isl --enable-__cxa_atexit --disable-libunwind-exceptions --enable-clocale=gnu --disable-libstdcxx-pch --disable-libssp --enable-gnu-unique-object --enable-linker-build-id --enable-lto --enable-plugin --enable-install-libiberty --with-linker-hash-style=gnu --enable-gnu-indirect-function --enable-multilib --disable-werror --enable-checking=release --enable-default-pie --enable-default-ssp
Thread model: posix
gcc version 7.2.0 (GCC) 
configure:3796: $? = 0
configure:3798: gcc -V </dev/null >&5
gcc: error: unrecognized command line option '-V'
gcc: fatal error: no input files
compilation terminated.
configure:3801: $? = 1
configure:3804: checking whether we are using the GNU C compiler
configure:3860: result: yes
configure:3866: checking whether gcc accepts -g
configure:3917: result: yes
configure:3934: checking for gcc option to accept ANSI C
configure:4041: result: none needed
configure:4059: gcc -c -g -O2  conftest.c >&5
conftest.c:2:3: error: unknown type name 'choke'
   choke me
   ^~~~~
conftest.c:2:3: error: expected '=', ',', ';', 'asm' or '__attribute__' at end of input
configure:4065: $? = 1
configure: failed program was:
| #ifndef __cplusplus
|   choke me
| #endif
configure:4209: checking how to run the C preprocessor
configure:4327: result: gcc -E
configure:4351: gcc -E  conftest.c
configure:4357: $? = 0
configure:4389: gcc -E  conftest.c
conftest.c:12:10: fatal error: ac_nonexistent.h: No such file or directory
 #include <ac_nonexistent.h>
          ^~~~~~~~~~~~~~~~~~
compilation terminated.
configure:4395: $? = 1
configure: failed program was:
| /* confdefs.h.  */
| 
| #define PACKAGE_NAME ""
| #define PACKAGE_TARNAME ""
| #define PACKAGE_VERSION ""
| #define PACKAGE_STRING ""
| #define PACKAGE_BUGREPORT ""
| #define PACKAGE "bfd"
| #define VERSION "2.19.1"
| #define _GNU_SOURCE 1
| /* end confdefs.h.  */
| #include <ac_nonexistent.h>
configure:4441: checking for egrep
configure:4451: result: grep -E
configure:4456: checking for ANSI C header files
configure:4612: result: yes
configure:4636: checking for sys/types.h
configure:4682: result: yes
configure:4636: checking for sys/stat.h
configure:4682: result: yes
configure:4636: checking for stdlib.h
configure:4682: result: yes
configure:4636: checking for string.h
configure:4682: result: yes
configure:4636: checking for memory.h
configure:4682: result: yes
configure:4636: checking for strings.h
configure:4682: result: yes
configure:4636: checking for inttypes.h
configure:4682: result: yes
configure:4636: checking for stdint.h
configure:4682: result: yes
configure:4636: checking for unistd.h
configure:4682: result: yes
configure:4696: checking for minix/config.h
configure:4701: result: no
configure:4859: checking whether it is safe to define __EXTENSIONS__
configure:4912: result: yes
configure:5043: checking for a sed that does not truncate output
configure:5099: result: /usr/bin/sed
configure:5115: checking for fgrep
configure:5125: result: grep -F
configure:5160: checking for ld used by gcc
configure:5227: result: ld
configure:5236: checking if the linker (ld) is GNU ld
configure:5251: result: yes
configure:5264: checking for BSD- or MS-compatible name lister (nm)
configure:5313: result: nm
configure:5418: checking the name lister (nm) interface
configure:5438: result: BSD nm
configure:5441: checking whether ln -s works
configure:5445: result: yes
configure:5453: checking the maximum length of command line arguments
configure:5573: result: 1572864
configure:5591: checking whether the shell understands some XSI constructs
configure:5599: result: yes
configure:5603: checking whether the shell understands "+="
configure:5609: result: yes
configure:5644: checking for ld option to reload object files
configure:5651: result: -r
configure:5678: checking how to recognize dependent libraries
configure:5868: result: pass_all
configure:5888: checking for x86_64-unknown-linux-gnu-ar
configure:5914: result: ar
configure:5981: checking for x86_64-unknown-linux-gnu-strip
configure:6010: result: no
configure:6019: checking for strip
configure:6046: result: strip
configure:6068: checking for x86_64-unknown-linux-gnu-ranlib
configure:6094: result: ranlib
configure:6213: checking command to parse nm output from gcc object
configure:6435: result: ok
configure:6525: gcc -c -g -O2  conftest.c >&5
configure:6528: $? = 0
configure:6676: checking for dlfcn.h
configure:6722: result: yes
configure:6784: checking for objdir
configure:6799: result: .libs
configure:7095: checking if gcc supports -fno-rtti -fno-exceptions
configure:7130: result: no
configure:7150: checking for gcc option to produce PIC
configure:7405: result: -fPIC -DPIC
configure:7417: checking if gcc PIC flag -fPIC -DPIC works
configure:7435: gcc -c -g -O2  -fPIC -DPIC -DPIC conftest.c >&5
configure:7439: $? = 0
configure:7452: result: yes
configure:7476: checking if gcc static flag -static works
configure:7504: result: yes
configure:7519: checking if gcc supports -c -o file.o
configure:7566: result: yes
configure:7574: checking if gcc supports -c -o file.o
configure:7621: result: yes
configure:7654: checking whether the gcc linker (ld -m elf_x86_64) supports shared libraries
configure:8734: result: yes
configure:8973: checking dynamic linker characteristics
configure:9406: gcc -o conftest -g -O2   -Wl,-rpath -Wl,/foo conftest.c  >&5
configure:9412: $? = 0
configure:9416: test -z 
			 || test ! -s conftest.err
configure:9419: $? = 0
configure:9422: test -s conftest
configure:9425: $? = 0
configure:9649: result: GNU/Linux ld.so
configure:9744: checking how to hardcode library paths into programs
configure:9769: result: immediate
configure:10615: checking whether stripping libraries is possible
configure:10620: result: yes
configure:10655: checking if libtool supports shared libraries
configure:10657: result: yes
configure:10660: checking whether to build shared libraries
configure:10681: result: no
configure:10684: checking whether to build static libraries
configure:10688: result: yes
configure:10953: checking whether to enable maintainer-specific portions of Makefiles
configure:10962: result: no
configure:11002: checking whether to install libbfd
configure:11015: result: no
configure:11065: checking whether NLS is requested
configure:11068: result: no
configure:11138: checking whether NLS is requested
configure:11147: result: no
configure:11185: checking for msgfmt
configure:11216: result: /usr/bin/msgfmt
configure:11225: checking for gmsgfmt
configure:11256: result: /usr/bin/msgfmt
configure:11295: checking for xgettext
configure:11326: result: /usr/bin/xgettext
configure:11366: checking for msgmerge
configure:11396: result: /usr/bin/msgmerge
configure:11450: checking for a BSD-compatible install
configure:11516: result: /usr/bin/install -c
configure:11535: checking for long long
configure:11589: result: yes
configure:11592: checking size of long long
configure:11948: result: 8
configure:11955: checking for void *
configure:12009: result: yes
configure:12012: checking size of void *
configure:12368: result: 8
configure:12375: checking for long
configure:12429: result: yes
configure:12432: checking size of long
configure:12788: result: 8
configure:12875: checking for alloca.h
configure:12880: result: yes
configure:12875: checking for stddef.h
configure:12880: result: yes
configure:12875: checking for string.h
configure:12880: result: yes
configure:12875: checking for strings.h
configure:12880: result: yes
configure:12875: checking for stdlib.h
configure:12880: result: yes
configure:12875: checking for time.h
configure:12880: result: yes
configure:12875: checking for unistd.h
configure:12880: result: yes
configure:13027: checking for fcntl.h
configure:13032: result: yes
configure:13027: checking for sys/file.h
configure:13032: result: yes
configure:13027: checking for sys/time.h
configure:13032: result: yes
configure:13185: checking for uintmax_t
configure:13211: gcc -c -g -O2  conftest.c >&5
configure:13217: $? = 0
configure:13221: test -z 
			 || test ! -s conftest.err
configure:13224: $? = 0
configure:13227: test -s conftest.o
configure:13230: $? = 0
configure:13241: result: yes
configure:13249: checking for uintptr_t
configure:13275: gcc -c -g -O2  conftest.c >&5
configure:13281: $? = 0
configure:13285: test -z 
			 || test ! -s conftest.err
configure:13288: $? = 0
configure:13291: test -s conftest.o
configure:13294: $? = 0
configure:13305: result: yes
configure:13313: checking for int_least32_t
configure:13339: gcc -c -g -O2  conftest.c >&5
configure:13345: $? = 0
configure:13349: test -z 
			 || test ! -s conftest.err
configure:13352: $? = 0
configure:13355: test -s conftest.o
configure:13358: $? = 0
configure:13369: result: yes
configure:13377: checking for int_fast32_t
configure:13403: gcc -c -g -O2  conftest.c >&5
configure:13409: $? = 0
configure:13413: test -z 
			 || test ! -s conftest.err
configure:13416: $? = 0
configure:13419: test -s conftest.o
configure:13422: $? = 0
configure:13433: result: yes
configure:13441: checking for uint64_t
configure:13467: gcc -c -g -O2  conftest.c >&5
configure:13473: $? = 0
configure:13477: test -z 
			 || test ! -s conftest.err
configure:13480: $? = 0
configure:13483: test -s conftest.o
configure:13486: $? = 0
configure:13497: result: yes
configure:13843: checking what to include in bfd_stdint.h
configure:13863: result: stdint.h (already complete)
configure:16049: checking whether time.h and sys/time.h may both be included
configure:16104: result: yes
configure:16122: checking for dirent.h that defines DIR
configure:16176: result: yes
configure:16189: checking for library containing opendir
configure:16308: result: none required
configure:16444: checking whether string.h and strings.h may both be included
configure:16496: result: yes
configure:16516: checking for fcntl
configure:16604: result: yes
configure:16516: checking for getpagesize
configure:16604: result: yes
configure:16516: checking for setitimer
configure:16604: result: yes
configure:16516: checking for sysconf
configure:16604: result: yes
configure:16516: checking for fdopen
configure:16604: result: yes
configure:16516: checking for getuid
configure:16604: result: yes
configure:16516: checking for getgid
configure:16604: result: yes
configure:16618: checking for strtoull
configure:16706: result: yes
configure:16717: checking whether basename is declared
configure:16771: result: yes
configure:16789: checking whether ftello is declared
configure:16843: result: yes
configure:16861: checking whether ftello64 is declared
configure:16915: result: yes
configure:16933: checking whether fseeko is declared
configure:16987: result: yes
configure:17005: checking whether fseeko64 is declared
configure:17059: result: yes
configure:17088: checking whether ffs is declared
configure:17142: result: yes
configure:17160: checking whether free is declared
configure:17214: result: yes
configure:17232: checking whether getenv is declared
configure:17286: result: yes
configure:17304: checking whether malloc is declared
configure:17358: result: yes
configure:17376: checking whether realloc is declared
configure:17430: result: yes
configure:17448: checking whether stpcpy is declared
configure:17502: result: yes
configure:17520: checking whether strstr is declared
configure:17574: result: yes
configure:17592: checking whether snprintf is declared
configure:17646: result: yes
configure:17664: checking whether vsnprintf is declared
configure:17718: result: yes
configure:17739: checking for library containing zlibVersion
configure:17858: result: -lz
configure:17867: checking for zlib.h
configure:17872: result: yes
configure:19976: checking for gcc version with buggy 64-bit support
configure:19993: result: no
configure:20031: checking for ftello
configure:20119: result: yes
configure:20031: checking for ftello64
configure:20119: result: yes
configure:20031: checking for fseeko
configure:20119: result: yes
configure:20031: checking for fseeko64
configure:20119: result: yes
configure:20031: checking for fopen64
configure:20119: result: yes
configure:20130: checking for off_t
configure:20184: result: yes
configure:20187: checking size of off_t
configure:20543: result: 8
configure:20551: checking file_ptr type
configure:20560: result: BFD_HOST_64_BIT
configure:20580: checking for stdlib.h
configure:20585: result: yes
configure:20580: checking for unistd.h
configure:20585: result: yes
configure:20729: checking for getpagesize
configure:20817: result: yes
configure:20827: checking for working mmap
configure:20991: result: yes
configure:21007: checking for madvise
configure:21095: result: yes
configure:21007: checking for mprotect
configure:21095: result: yes
configure:21254: creating ./config.status

## ---------------------- ##
## Running config.status. ##
## ---------------------- ##

This file was extended by config.status, which was
generated by GNU Autoconf 2.59.  Invocation command line was

  CONFIG_FILES    = 
  CONFIG_HEADERS  = 
  CONFIG_LINKS    = 
  CONFIG_COMMANDS = 
  $ ./config.status 

on ArchLinux

config.status:983: creating Makefile
config.status:983: creating doc/Makefile
config.status:983: creating bfd-in3.h
config.status:983: creating po/Makefile.in
config.status:1080: creating config.h
config.status:1331: config.h is unchanged
config.status:1511: executing depfiles commands
config.status:1511: executing libtool commands
config.status:1511: executing default-1 commands
config.status:1511: executing bfd_stdint.h commands
config.status:1511: executing default commands

## ---------------- ##
## Cache variables. ##
## ---------------- ##

ac_cv_build=x86_64-unknown-linux-gnu
ac_cv_build_alias=x86_64-unknown-linux-gnu
ac_cv_c_compiler_gnu=yes
ac_cv_env_CC_set=set
ac_cv_env_CC_value=gcc
ac_cv_env_CFLAGS_set=set
ac_cv_env_CFLAGS_value='-g -O2'
ac_cv_env_CPPFLAGS_set=
ac_cv_env_CPPFLAGS_value=
ac_cv_env_CPP_set=
ac_cv_env_CPP_value=
ac_cv_env_LDFLAGS_set=set
ac_cv_env_LDFLAGS_value=
ac_cv_env_build_alias_set=set
ac_cv_env_build_alias_value=x86_64-unknown-linux-gnu
ac_cv_env_host_alias_set=set
ac_cv_env_host_alias_value=x86_64-unknown-linux-gnu
ac_cv_env_target_alias_set=set
ac_cv_env_target_alias_value=h8300-elf
ac_cv_exeext=
ac_cv_func_fcntl=yes
ac_cv_func_fdopen=yes
ac_cv_func_fopen64=yes
ac_cv_func_fseeko=yes
ac_cv_func_fseeko64=yes
ac_cv_func_ftello=yes
ac_cv_func_ftello64=yes
ac_cv_func_getgid=yes
ac_cv_func_getpagesize=yes
ac_cv_func_getuid=yes
ac_cv_func_madvise=yes
ac_cv_func_mmap_fixed_mapped=yes
ac_cv_func_mprotect=yes
ac_cv_func_setitimer=yes
ac_cv_func_strtoull=yes
ac_cv_func_sysconf=yes
ac_cv_have_decl_basename=yes
ac_cv_have_decl_ffs=yes
ac_cv_have_decl_free=yes
ac_cv_have_decl_fseeko=yes
ac_cv_have_decl_fseeko64=yes
ac_cv_have_decl_ftello=yes
ac_cv_have_decl_ftello64=yes
ac_cv_have_decl_getenv=yes
ac_cv_have_decl_malloc=yes
ac_cv_have_decl_realloc=yes
ac_cv_have_decl_snprintf=yes
ac_cv_have_decl_stpcpy=yes
ac_cv_have_decl_strstr=yes
ac_cv_have_decl_vsnprintf=yes
ac_cv_header_alloca_h=yes
ac_cv_header_dirent_dirent_h=yes
ac_cv_header_dlfcn_h=yes
ac_cv_header_fcntl_h=yes
ac_cv_header_inttypes_h=yes
ac_cv_header_memory_h=yes
ac_cv_header_minix_config_h=no
ac_cv_header_stdc=yes
ac_cv_header_stddef_h=yes
ac_cv_header_stdint_h=yes
ac_cv_header_stdlib_h=yes
ac_cv_header_string_h=yes
ac_cv_header_strings_h=yes
ac_cv_header_sys_file_h=yes
ac_cv_header_sys_stat_h=yes
ac_cv_header_sys_time_h=yes
ac_cv_header_sys_types_h=yes
ac_cv_header_time=yes
ac_cv_header_time_h=yes
ac_cv_header_unistd_h=yes
ac_cv_header_zlib_h=yes
ac_cv_host=x86_64-unknown-linux-gnu
ac_cv_host_alias=x86_64-unknown-linux-gnu
ac_cv_objext=o
ac_cv_path_GMSGFMT=/usr/bin/msgfmt
ac_cv_path_MSGFMT=/usr/bin/msgfmt
ac_cv_path_MSGMERGE=/usr/bin/msgmerge
ac_cv_path_XGETTEXT=/usr/bin/xgettext
ac_cv_prog_AR=ar
ac_cv_prog_AWK=gawk
ac_cv_prog_CC=gcc
ac_cv_prog_CPP='gcc -E'
ac_cv_prog_RANLIB=ranlib
ac_cv_prog_ac_ct_STRIP=strip
ac_cv_prog_cc_g=yes
ac_cv_prog_cc_stdc=
ac_cv_prog_egrep='grep -E'
ac_cv_prog_fgrep='grep -F'
ac_cv_prog_make_make_set=yes
ac_cv_safe_to_define___extensions__=yes
ac_cv_search_opendir='none required'
ac_cv_search_strerror='none required'
ac_cv_search_zlibVersion=-lz
ac_cv_sizeof_long=8
ac_cv_sizeof_long_long=8
ac_cv_sizeof_off_t=8
ac_cv_sizeof_void_p=8
ac_cv_target=h8300-unknown-elf
ac_cv_target_alias=h8300-elf
ac_cv_type_int_fast32_t=yes
ac_cv_type_int_least32_t=yes
ac_cv_type_long=yes
ac_cv_type_long_long=yes
ac_cv_type_off_t=yes
ac_cv_type_u_int64_t=no
ac_cv_type_uint64_t=yes
ac_cv_type_uintmax_t=yes
ac_cv_type_uintptr_t=yes
ac_cv_type_void_p=yes
acx_cv_header_stdint=stdint.h
acx_cv_header_stdint_kind='(already complete)'
am_cv_CC_dependencies_compiler_type=gcc3
gcc_cv_header_string=yes
lt_cv_deplibs_check_method=pass_all
lt_cv_file_magic_cmd='$MAGIC_CMD'
lt_cv_file_magic_test_file=
lt_cv_ld_reload_flag=-r
lt_cv_nm_interface='BSD nm'
lt_cv_objdir=.libs
lt_cv_path_LD=ld
lt_cv_path_NM=nm
lt_cv_path_SED=/usr/bin/sed
lt_cv_prog_compiler_c_o=yes
lt_cv_prog_compiler_rtti_exceptions=no
lt_cv_prog_gnu_ld=yes
lt_cv_sys_global_symbol_pipe='sed -n -e '\''s/^.*[	 ]\([ABCDGIRSTW][ABCDGIRSTW]*\)[	 ][	 ]*\([_A-Za-z][_A-Za-z0-9]*\)$/\1 \2 \2/p'\'''
lt_cv_sys_global_symbol_to_c_name_address='sed -n -e '\''s/^: \([^ ]*\) $/  {\"\1\", (void *) 0},/p'\'' -e '\''s/^[ABCDGIRSTW]* \([^ ]*\) \([^ ]*\)$/  {"\2", (void *) \&\2},/p'\'''
lt_cv_sys_global_symbol_to_cdecl='sed -n -e '\''s/^T .* \(.*\)$/extern int \1();/p'\'' -e '\''s/^[ABCDGIRSTW]* .* \(.*\)$/extern char \1;/p'\'''
lt_cv_sys_max_cmd_len=1572864

## ----------------- ##
## Output variables. ##
## ----------------- ##

ACLOCAL='${SHELL} /home/takayuki/home2/work/h8_micon/env/binutils-2.19.1/missing --run aclocal-1.9'
AMDEPBACKSLASH='\'
AMDEP_FALSE='#'
AMDEP_TRUE=''
AMTAR='${SHELL} /home/takayuki/home2/work/h8_micon/env/binutils-2.19.1/missing --run tar'
AR='ar'
AUTOCONF='${SHELL} /home/takayuki/home2/work/h8_micon/env/binutils-2.19.1/missing --run autoconf'
AUTOHEADER='${SHELL} /home/takayuki/home2/work/h8_micon/env/binutils-2.19.1/missing --run autoheader'
AUTOMAKE='${SHELL} /home/takayuki/home2/work/h8_micon/env/binutils-2.19.1/missing --run automake-1.9'
AWK='gawk'
BFD_HOSTPTR_T='unsigned long'
BFD_HOST_64BIT_LONG='1'
BFD_HOST_64BIT_LONG_LONG='0'
BFD_HOST_64_BIT='long'
BFD_HOST_64_BIT_DEFINED='1'
BFD_HOST_U_64_BIT='unsigned long'
CATALOGS=''
CATOBJEXT=''
CC='gcc'
CCDEPMODE='depmode=gcc3'
CC_FOR_BUILD='gcc'
CFLAGS='-g -O2'
COREFILE=''
COREFLAG=''
CPP='gcc -E'
CPPFLAGS=''
CYGPATH_W='echo'
DATADIRNAME=''
DEBUGDIR='${exec_prefix}/lib/debug'
DEFS='-DHAVE_CONFIG_H'
DEPDIR='.deps'
DUMPBIN=''
ECHO_C=''
ECHO_N='-n'
ECHO_T=''
EGREP='grep -E'
EXEEXT=''
EXEEXT_FOR_BUILD='$(EXEEXT)'
FGREP='grep -F'
GENCAT=''
GENINSRC_NEVER_FALSE=''
GENINSRC_NEVER_TRUE='#'
GMSGFMT='/usr/bin/msgfmt'
GREP='grep'
HDEFINES=''
INCINTL=''
INSTALL_DATA='/usr/bin/install -c -m 644'
INSTALL_LIBBFD_FALSE=''
INSTALL_LIBBFD_TRUE='#'
INSTALL_PROGRAM='/usr/bin/install -c'
INSTALL_SCRIPT='/usr/bin/install -c'
INSTALL_STRIP_PROGRAM='${SHELL} $(install_sh) -c -s'
INSTOBJEXT=''
LD='ld -m elf_x86_64'
LDFLAGS=''
LIBINTL=''
LIBINTL_DEP=''
LIBOBJS=''
LIBS='-lz '
LIBTOOL='$(SHELL) $(top_builddir)/libtool'
LN_S='ln -s'
LTLIBOBJS=''
MAINT='#'
MAINTAINER_MODE_FALSE=''
MAINTAINER_MODE_TRUE='#'
MAKEINFO='makeinfo --split-size=5000000'
MKINSTALLDIRS='$(top_builddir)/.././bfd/../mkinstalldirs'
MSGFMT='/usr/bin/msgfmt'
MSGMERGE='/usr/bin/msgmerge'
NM='nm'
NO_WERROR=''
OBJEXT='o'
PACKAGE='bfd'
PACKAGE_BUGREPORT=''
PACKAGE_NAME=''
PACKAGE_STRING=''
PACKAGE_TARNAME=''
PACKAGE_VERSION=''
PATH_SEPARATOR=':'
PKGVERSION='(GNU Binutils) '
POSUB=''
RANLIB='ranlib'
REPORT_BUGS_TEXI='@uref{http://www.sourceware.org/bugzilla/}'
REPORT_BUGS_TO='<http://www.sourceware.org/bugzilla/>'
SED='/usr/bin/sed'
SET_MAKE=''
SHELL='/bin/sh'
STRIP='strip'
TDEFINES=' '
USE_NLS='no'
VERSION='2.19.1'
WARN_CFLAGS='-W -Wall -Wstrict-prototypes -Wmissing-prototypes'
WIN32LDFLAGS=''
WIN32LIBADD=''
XGETTEXT='/usr/bin/xgettext'
ac_ct_AR=''
ac_ct_CC=''
ac_ct_DUMPBIN=''
ac_ct_RANLIB=''
ac_ct_STRIP='strip'
all_backends='$(BFD64_BACKENDS) $(BFD32_BACKENDS)'
am__fastdepCC_FALSE='#'
am__fastdepCC_TRUE=''
am__include='include'
am__leading_dot='.'
am__quote=''
am__tar='${AMTAR} chof - "$$tardir"'
am__untar='${AMTAR} xf -'
bfd64_libs='$(BFD64_LIBS)'
bfd_backends=' elf32-h8300.lo elf32.lo elf.lo elflink.lo elf-attrs.lo elf-strtab.lo elf-eh-frame.lo dwarf1.lo elf32-gen.lo'
bfd_default_target_size='32'
bfd_file_ptr='BFD_HOST_64_BIT'
bfd_machines=' cpu-h8300.lo'
bfd_ufile_ptr='BFD_HOST_U_64_BIT'
bfdincludedir='$(exec_prefix)/$(host_noncanonical)/$(target_noncanonical)/include'
bfdlibdir='$(exec_prefix)/$(host_noncanonical)/$(target_noncanonical)/lib'
bindir='${exec_prefix}/bin'
build='x86_64-unknown-linux-gnu'
build_alias='x86_64-unknown-linux-gnu'
build_cpu='x86_64'
build_os='linux-gnu'
build_vendor='unknown'
datadir='${prefix}/share'
datarootdir='/home/takayuki/home2/work/h8_micon/tools/share'
docdir='/home/takayuki/home2/work/h8_micon/tools/share/doc'
exec_prefix='${prefix}'
host='x86_64-unknown-linux-gnu'
host_alias='x86_64-unknown-linux-gnu'
host_cpu='x86_64'
host_noncanonical='x86_64-unknown-linux-gnu'
host_os='linux-gnu'
host_vendor='unknown'
htmldir='/home/takayuki/home2/work/h8_micon/tools/share/doc'
includedir='${prefix}/include'
infodir='${prefix}/info'
install_sh='/home/takayuki/home2/work/h8_micon/env/binutils-2.19.1/install-sh'
libdir='${exec_prefix}/lib'
libexecdir='${exec_prefix}/libexec'
localstatedir='${prefix}/var'
lt_ECHO='echo'
mandir='${prefix}/man'
mkdir_p='mkdir -p --'
oldincludedir='/usr/include'
prefix='/home/takayuki/home2/work/h8_micon/tools'
program_transform_name='s,^,h8300-elf-,'
sbindir='${exec_prefix}/sbin'
sharedstatedir='${prefix}/com'
sysconfdir='${prefix}/etc'
target='h8300-unknown-elf'
target_alias='h8300-elf'
target_cpu='h8300'
target_noncanonical='h8300-elf'
target_os='elf'
target_vendor='unknown'
tdefaults=' -DDEFAULT_VECTOR=bfd_elf32_h8300_vec -DSELECT_VECS='&bfd_elf32_h8300_vec,&bfd_elf32_little_generic_vec,&bfd_elf32_big_generic_vec' -DSELECT_ARCHITECTURES='&bfd_h8300_arch' -DHAVE_bfd_elf32_h8300_vec -DHAVE_bfd_elf32_little_generic_vec -DHAVE_bfd_elf32_big_generic_vec'
wordsize='64'

## ----------- ##
## confdefs.h. ##
## ----------- ##

#define HAVE_ALLOCA_H 1
#define HAVE_DECL_BASENAME 1
#define HAVE_DECL_FFS 1
#define HAVE_DECL_FREE 1
#define HAVE_DECL_FSEEKO 1
#define HAVE_DECL_FSEEKO64 1
#define HAVE_DECL_FTELLO 1
#define HAVE_DECL_FTELLO64 1
#define HAVE_DECL_GETENV 1
#define HAVE_DECL_MALLOC 1
#define HAVE_DECL_REALLOC 1
#define HAVE_DECL_SNPRINTF 1
#define HAVE_DECL_STPCPY 1
#define HAVE_DECL_STRSTR 1
#define HAVE_DECL_VSNPRINTF 1
#define HAVE_DIRENT_H 1
#define HAVE_DLFCN_H 1
#define HAVE_FCNTL 1
#define HAVE_FCNTL_H 1
#define HAVE_FDOPEN 1
#define HAVE_FOPEN64 1
#define HAVE_FSEEKO 1
#define HAVE_FSEEKO64 1
#define HAVE_FTELLO 1
#define HAVE_FTELLO64 1
#define HAVE_GETGID 1
#define HAVE_GETPAGESIZE 1
#define HAVE_GETPAGESIZE 1
#define HAVE_GETUID 1
#define HAVE_INTTYPES_H 1
#define HAVE_MADVISE 1
#define HAVE_MEMORY_H 1
#define HAVE_MMAP 1
#define HAVE_MPROTECT 1
#define HAVE_SETITIMER 1
#define HAVE_STDDEF_H 1
#define HAVE_STDINT_H 1
#define HAVE_STDLIB_H 1
#define HAVE_STDLIB_H 1
#define HAVE_STDLIB_H 1
#define HAVE_STRINGS_H 1
#define HAVE_STRINGS_H 1
#define HAVE_STRING_H 1
#define HAVE_STRING_H 1
#define HAVE_STRTOULL 1
#define HAVE_SYSCONF 1
#define HAVE_SYS_FILE_H 1
#define HAVE_SYS_STAT_H 1
#define HAVE_SYS_TIME_H 1
#define HAVE_SYS_TYPES_H 1
#define HAVE_TIME_H 1
#define HAVE_UNISTD_H 1
#define HAVE_UNISTD_H 1
#define HAVE_UNISTD_H 1
#define HAVE_ZLIB_H 1
#define LT_OBJDIR ".libs/"
#define PACKAGE "bfd"
#define PACKAGE_BUGREPORT ""
#define PACKAGE_NAME ""
#define PACKAGE_STRING ""
#define PACKAGE_TARNAME ""
#define PACKAGE_VERSION ""
#define SIZEOF_LONG 8
#define SIZEOF_LONG_LONG 8
#define SIZEOF_OFF_T 8
#define SIZEOF_VOID_P 8
#define STDC_HEADERS 1
#define STRING_WITH_STRINGS 1
#define TIME_WITH_SYS_TIME 1
#define VERSION "2.19.1"
#define _ALL_SOURCE 1
#define _GNU_SOURCE 1
#define _GNU_SOURCE 1
#define _POSIX_PTHREAD_SEMANTICS 1
#define _TANDEM_SOURCE 1
#define __EXTENSIONS__ 1

configure: exit 0
