This file contains any messages produced by compilers while
running configure, to aid debugging if configure makes a mistake.

It was created by configure, which was
generated by GNU Autoconf 2.59.  Invocation command line was

  $ /home/takayuki/home2/work/h8_micon/env/binutils-2.19.1/intl/configure --cache-file=./config.cache --with-gnu-as --with-gnu-ld --disable-nls --prefix=/home/takayuki/home2/work/h8_micon/tools --disable-werror --program-transform-name=s,^,h8300-elf-, --build=x86_64-unknown-linux-gnu --host=x86_64-unknown-linux-gnu --target=h8300-elf --srcdir=.././intl

## --------- ##
## Platform. ##
## --------- ##

hostname = ArchLinux
uname -m = x86_64
uname -r = 4.13.12-1-ARCH
uname -s = Linux
uname -v = #1 SMP PREEMPT Wed Nov 8 11:54:06 CET 2017

/usr/bin/uname -p = unknown
/bin/uname -X     = unknown

/bin/arch              = unknown
/usr/bin/arch -k       = unknown
/usr/convex/getsysinfo = unknown
hostinfo               = unknown
/bin/machine           = unknown
/usr/bin/oslevel       = unknown
/bin/universe          = unknown

PATH: /usr/local/sbin
PATH: /usr/local/bin
PATH: /usr/bin
PATH: /usr/lib/emscripten
PATH: /usr/lib/jvm/default/bin
PATH: /usr/bin/site_perl
PATH: /usr/bin/vendor_perl
PATH: /usr/bin/core_perl
PATH: /home/takayuki/bin
PATH: /home/takayuki/bin
PATH: /home/takayuki/.cargo/bin
PATH: /home/takayuki/.config/composer/vendor/bin


## ----------- ##
## Core tests. ##
## ----------- ##

configure:1221: loading cache ./config.cache
configure:1338: checking whether make sets $(MAKE)
configure:1358: result: yes
configure:1406: checking for a BSD-compatible install
configure:1472: result: /usr/bin/install -c
configure:1497: checking whether NLS is requested
configure:1506: result: no
configure:1544: checking for msgfmt
configure:1575: result: /usr/bin/msgfmt
configure:1584: checking for gmsgfmt
configure:1615: result: /usr/bin/msgfmt
configure:1654: checking for xgettext
configure:1685: result: /usr/bin/xgettext
configure:1725: checking for msgmerge
configure:1755: result: /usr/bin/msgmerge
configure:1798: checking for x86_64-unknown-linux-gnu-gcc
configure:1824: result: gcc
configure:2108: checking for C compiler version
configure:2111: gcc --version </dev/null >&5
gcc (GCC) 7.2.0
Copyright (C) 2017 Free Software Foundation, Inc.
This is free software; see the source for copying conditions.  There is NO
warranty; not even for MERCHANTABILITY or FITNESS FOR A PARTICULAR PURPOSE.

configure:2114: $? = 0
configure:2116: gcc -v </dev/null >&5
Using built-in specs.
COLLECT_GCC=gcc
COLLECT_LTO_WRAPPER=/usr/lib/gcc/x86_64-pc-linux-gnu/7.2.0/lto-wrapper
Target: x86_64-pc-linux-gnu
Configured with: /build/gcc-multilib/src/gcc/configure --prefix=/usr --libdir=/usr/lib --libexecdir=/usr/lib --mandir=/usr/share/man --infodir=/usr/share/info --with-bugurl=https://bugs.archlinux.org/ --enable-languages=c,c++,ada,fortran,go,lto,objc,obj-c++ --enable-shared --enable-threads=posix --enable-libmpx --with-system-zlib --with-isl --enable-__cxa_atexit --disable-libunwind-exceptions --enable-clocale=gnu --disable-libstdcxx-pch --disable-libssp --enable-gnu-unique-object --enable-linker-build-id --enable-lto --enable-plugin --enable-install-libiberty --with-linker-hash-style=gnu --enable-gnu-indirect-function --enable-multilib --disable-werror --enable-checking=release --enable-default-pie --enable-default-ssp
Thread model: posix
gcc version 7.2.0 (GCC) 
configure:2119: $? = 0
configure:2121: gcc -V </dev/null >&5
gcc: error: unrecognized command line option '-V'
gcc: fatal error: no input files
compilation terminated.
configure:2124: $? = 1
configure:2147: checking for C compiler default output file name
configure:2150: gcc -g -O2   conftest.c  >&5
configure:2153: $? = 0
configure:2201: result: a.out
configure:2206: checking whether the C compiler works
configure:2212: ./a.out
configure:2215: $? = 0
configure:2234: result: yes
configure:2241: checking whether we are cross compiling
configure:2243: result: no
configure:2246: checking for suffix of executables
configure:2248: gcc -o conftest -g -O2   conftest.c  >&5
configure:2251: $? = 0
configure:2278: result: 
configure:2284: checking for suffix of object files
configure:2332: result: o
configure:2336: checking whether we are using the GNU C compiler
configure:2392: result: yes
configure:2398: checking whether gcc accepts -g
configure:2449: result: yes
configure:2466: checking for gcc option to accept ANSI C
configure:2573: result: none needed
configure:2591: gcc -c -g -O2  conftest.c >&5
conftest.c:2:3: error: unknown type name 'choke'
   choke me
   ^~~~~
conftest.c:2:3: error: expected '=', ',', ';', 'asm' or '__attribute__' at end of input
configure:2597: $? = 1
configure: failed program was:
| #ifndef __cplusplus
|   choke me
| #endif
configure:2736: checking build system type
configure:2754: result: x86_64-unknown-linux-gnu
configure:2762: checking host system type
configure:2776: result: x86_64-unknown-linux-gnu
configure:2787: checking for x86_64-unknown-linux-gnu-ranlib
configure:2813: result: ranlib
configure:2865: checking for library containing strerror
configure:2984: result: none required
configure:2996: checking how to run the C preprocessor
configure:3114: result: gcc -E
configure:3138: gcc -E  conftest.c
configure:3144: $? = 0
configure:3176: gcc -E  conftest.c
conftest.c:9:10: fatal error: ac_nonexistent.h: No such file or directory
 #include <ac_nonexistent.h>
          ^~~~~~~~~~~~~~~~~~
compilation terminated.
configure:3182: $? = 1
configure: failed program was:
| /* confdefs.h.  */
| 
| #define PACKAGE_NAME ""
| #define PACKAGE_TARNAME ""
| #define PACKAGE_VERSION ""
| #define PACKAGE_STRING ""
| #define PACKAGE_BUGREPORT ""
| /* end confdefs.h.  */
| #include <ac_nonexistent.h>
configure:3228: checking for egrep
configure:3238: result: grep -E
configure:3243: checking for ANSI C header files
configure:3399: result: yes
configure:3409: checking for an ANSI C-conforming const
configure:3506: result: yes
configure:3516: checking for inline
configure:3568: result: inline
configure:3601: checking for sys/types.h
configure:3647: result: yes
configure:3601: checking for sys/stat.h
configure:3647: result: yes
configure:3601: checking for stdlib.h
configure:3647: result: yes
configure:3601: checking for string.h
configure:3647: result: yes
configure:3601: checking for memory.h
configure:3647: result: yes
configure:3601: checking for strings.h
configure:3647: result: yes
configure:3601: checking for inttypes.h
configure:3647: result: yes
configure:3601: checking for stdint.h
configure:3647: result: yes
configure:3601: checking for unistd.h
configure:3647: result: yes
configure:3659: checking for off_t
configure:3713: result: yes
configure:3725: checking for size_t
configure:3779: result: yes
configure:3793: checking for working alloca.h
configure:3845: result: yes
configure:3855: checking for alloca
configure:3927: result: yes
configure:4156: checking for stdlib.h
configure:4161: result: yes
configure:4156: checking for unistd.h
configure:4161: result: yes
configure:4305: checking for getpagesize
configure:4393: result: yes
configure:4403: checking for working mmap
configure:4567: result: yes
configure:4579: checking whether we are using the GNU C Library 2.1 or newer
configure:4610: result: yes
configure:4618: checking whether integer division by zero raises SIGFPE
configure:4703: result: yes
configure:4716: checking for inttypes.h
configure:4768: result: yes
configure:4779: checking for stdint.h
configure:4831: result: yes
configure:4842: checking for unsigned long long
configure:4895: result: yes
configure:4927: checking for inttypes.h
configure:4981: result: yes
configure:4994: checking whether the inttypes.h PRIxNN macros are broken
configure:5051: result: no
configure:5102: checking for ld used by GCC
configure:5165: result: ld
configure:5174: checking if the linker (ld) is GNU ld
configure:5186: result: yes
configure:5192: checking for shared library run path origin
configure:5205: result: done
configure:5622: checking for argz.h
configure:5627: result: yes
configure:5622: checking for limits.h
configure:5627: result: yes
configure:5622: checking for locale.h
configure:5627: result: yes
configure:5622: checking for nl_types.h
configure:5627: result: yes
configure:5622: checking for malloc.h
configure:5627: result: yes
configure:5622: checking for stddef.h
configure:5627: result: yes
configure:5622: checking for stdlib.h
configure:5627: result: yes
configure:5622: checking for string.h
configure:5627: result: yes
configure:5622: checking for unistd.h
configure:5627: result: yes
configure:5622: checking for sys/param.h
configure:5627: result: yes
configure:5795: checking for feof_unlocked
configure:5883: result: yes
configure:5795: checking for fgets_unlocked
configure:5883: result: yes
configure:5795: checking for getc_unlocked
configure:5883: result: yes
configure:5795: checking for getcwd
configure:5883: result: yes
configure:5795: checking for getegid
configure:5883: result: yes
configure:5795: checking for geteuid
configure:5883: result: yes
configure:5795: checking for getgid
configure:5883: result: yes
configure:5795: checking for getuid
configure:5883: result: yes
configure:5795: checking for mempcpy
configure:5883: result: yes
configure:5795: checking for munmap
configure:5883: result: yes
configure:5795: checking for putenv
configure:5883: result: yes
configure:5795: checking for setenv
configure:5883: result: yes
configure:5795: checking for setlocale
configure:5883: result: yes
configure:5795: checking for stpcpy
configure:5883: result: yes
configure:5795: checking for strcasecmp
configure:5883: result: yes
configure:5795: checking for strdup
configure:5883: result: yes
configure:5795: checking for strtoul
configure:5883: result: yes
configure:5795: checking for tsearch
configure:5883: result: yes
configure:5795: checking for __argz_count
configure:5883: result: yes
configure:5795: checking for __argz_stringify
configure:5883: result: yes
configure:5795: checking for __argz_next
configure:5883: result: yes
configure:5795: checking for __fsetlocking
configure:5883: result: yes
configure:5924: checking for iconv
configure:6036: result: yes
configure:6059: checking for iconv declaration
configure:6127: result: 
         extern size_t iconv (iconv_t cd, char * *inbuf, size_t *inbytesleft, char * *outbuf, size_t *outbytesleft);
configure:6138: checking for nl_langinfo and CODESET
configure:6191: result: yes
configure:6203: checking for LC_MESSAGES
configure:6255: result: yes
configure:6271: checking for bison
configure:6297: result: bison
configure:6310: checking version of bison
configure:6319: result: 3.0.4, ok
configure:6341: checking whether NLS is requested
configure:6350: result: no
configure:6995: checking whether to use NLS
configure:6997: result: no
configure:7143: checking for aclocal
configure:7169: result: aclocal
configure:7184: checking for autoconf
configure:7210: result: autoconf
configure:7225: checking for autoheader
configure:7251: result: autoheader
configure:7389: creating ./config.status

## ---------------------- ##
## Running config.status. ##
## ---------------------- ##

This file was extended by config.status, which was
generated by GNU Autoconf 2.59.  Invocation command line was

  CONFIG_FILES    = 
  CONFIG_HEADERS  = 
  CONFIG_LINKS    = 
  CONFIG_COMMANDS = 
  $ ./config.status 

on ArchLinux

config.status:708: creating Makefile
config.status:708: creating config.intl
config.status:805: creating config.h
config.status:1035: config.h is unchanged
config.status:1193: executing default-1 commands

## ---------------- ##
## Cache variables. ##
## ---------------- ##

ac_cv_build=x86_64-unknown-linux-gnu
ac_cv_build_alias=x86_64-unknown-linux-gnu
ac_cv_c_compiler_gnu=yes
ac_cv_c_const=yes
ac_cv_c_inline=inline
ac_cv_env_CC_set=set
ac_cv_env_CC_value=gcc
ac_cv_env_CFLAGS_set=set
ac_cv_env_CFLAGS_value='-g -O2'
ac_cv_env_CPPFLAGS_set=
ac_cv_env_CPPFLAGS_value=
ac_cv_env_CPP_set=
ac_cv_env_CPP_value=
ac_cv_env_LDFLAGS_set=set
ac_cv_env_LDFLAGS_value=
ac_cv_env_build_alias_set=set
ac_cv_env_build_alias_value=x86_64-unknown-linux-gnu
ac_cv_env_host_alias_set=set
ac_cv_env_host_alias_value=x86_64-unknown-linux-gnu
ac_cv_env_target_alias_set=set
ac_cv_env_target_alias_value=h8300-elf
ac_cv_exeext=
ac_cv_func___argz_count=yes
ac_cv_func___argz_next=yes
ac_cv_func___argz_stringify=yes
ac_cv_func___fsetlocking=yes
ac_cv_func_alloca_works=yes
ac_cv_func_feof_unlocked=yes
ac_cv_func_fgets_unlocked=yes
ac_cv_func_getc_unlocked=yes
ac_cv_func_getcwd=yes
ac_cv_func_getegid=yes
ac_cv_func_geteuid=yes
ac_cv_func_getgid=yes
ac_cv_func_getpagesize=yes
ac_cv_func_getuid=yes
ac_cv_func_mempcpy=yes
ac_cv_func_mmap_fixed_mapped=yes
ac_cv_func_munmap=yes
ac_cv_func_putenv=yes
ac_cv_func_setenv=yes
ac_cv_func_setlocale=yes
ac_cv_func_stpcpy=yes
ac_cv_func_strcasecmp=yes
ac_cv_func_strdup=yes
ac_cv_func_strtoul=yes
ac_cv_func_tsearch=yes
ac_cv_gnu_library_2_1=yes
ac_cv_header_argz_h=yes
ac_cv_header_inttypes_h=yes
ac_cv_header_limits_h=yes
ac_cv_header_locale_h=yes
ac_cv_header_malloc_h=yes
ac_cv_header_memory_h=yes
ac_cv_header_nl_types_h=yes
ac_cv_header_stdc=yes
ac_cv_header_stddef_h=yes
ac_cv_header_stdint_h=yes
ac_cv_header_stdlib_h=yes
ac_cv_header_string_h=yes
ac_cv_header_strings_h=yes
ac_cv_header_sys_param_h=yes
ac_cv_header_sys_stat_h=yes
ac_cv_header_sys_types_h=yes
ac_cv_header_unistd_h=yes
ac_cv_host=x86_64-unknown-linux-gnu
ac_cv_host_alias=x86_64-unknown-linux-gnu
ac_cv_objext=o
ac_cv_path_GMSGFMT=/usr/bin/msgfmt
ac_cv_path_MSGFMT=/usr/bin/msgfmt
ac_cv_path_MSGMERGE=/usr/bin/msgmerge
ac_cv_path_XGETTEXT=/usr/bin/xgettext
ac_cv_prog_ACLOCAL=aclocal
ac_cv_prog_AUTOCONF=autoconf
ac_cv_prog_AUTOHEADER=autoheader
ac_cv_prog_CC=gcc
ac_cv_prog_CPP='gcc -E'
ac_cv_prog_INTLBISON=bison
ac_cv_prog_RANLIB=ranlib
ac_cv_prog_cc_g=yes
ac_cv_prog_cc_stdc=
ac_cv_prog_egrep='grep -E'
ac_cv_prog_make_make_set=yes
ac_cv_search_strerror='none required'
ac_cv_type_off_t=yes
ac_cv_type_size_t=yes
ac_cv_type_unsigned_long_long=yes
ac_cv_working_alloca_h=yes
acl_cv_hardcode_direct=no
acl_cv_hardcode_libdir_flag_spec='${wl}-rpath ${wl}$libdir'
acl_cv_hardcode_libdir_separator=
acl_cv_hardcode_minus_L=no
acl_cv_libext=a
acl_cv_path_LD=ld
acl_cv_prog_gnu_ld=yes
acl_cv_rpath=done
acl_cv_shlibext=so
acl_cv_wl=-Wl,
am_cv_func_iconv=yes
am_cv_langinfo_codeset=yes
am_cv_lib_iconv=no
am_cv_proto_iconv='extern size_t iconv (iconv_t cd, char * *inbuf, size_t *inbytesleft, char * *outbuf, size_t *outbytesleft);'
am_cv_proto_iconv_arg1=
am_cv_val_LC_MESSAGES=yes
gt_cv_header_inttypes_h=yes
gt_cv_int_divbyzero_sigfpe=yes
gt_cv_inttypes_pri_broken=no
jm_ac_cv_header_inttypes_h=yes
jm_ac_cv_header_stdint_h=yes
nls_cv_header_intl=
nls_cv_header_libgt=

## ----------------- ##
## Output variables. ##
## ----------------- ##

ACLOCAL='aclocal'
ALLOCA=''
AUTOCONF='autoconf'
AUTOHEADER='autoheader'
BUILD_INCLUDED_LIBINTL='no'
CATOBJEXT=''
CC='gcc'
CFLAGS='-g -O2'
CPP='gcc -E'
CPPFLAGS=''
DATADIRNAME='share'
DEFS='-DHAVE_CONFIG_H'
ECHO_C=''
ECHO_N='-n'
ECHO_T=''
EGREP='grep -E'
EXEEXT=''
GENCAT='gencat'
GLIBC21='yes'
GMSGFMT='/usr/bin/msgfmt'
INCINTL=''
INSTALL_DATA='/usr/bin/install -c -m 644'
INSTALL_PROGRAM='/usr/bin/install -c'
INSTALL_SCRIPT='/usr/bin/install -c'
INSTOBJEXT='.mo'
INTLBISON='bison'
INTLLIBS=''
INTLOBJS=''
INTL_LIBTOOL_SUFFIX_PREFIX=''
LDFLAGS=''
LIBICONV=''
LIBINTL=''
LIBINTL_DEP=''
LIBOBJS=''
LIBS=''
LTLIBICONV=''
LTLIBINTL=''
LTLIBOBJS=''
MAINT='#'
MKINSTALLDIRS='$(top_builddir)/.././intl/../mkinstalldirs'
MSGFMT='/usr/bin/msgfmt'
MSGMERGE='/usr/bin/msgmerge'
OBJEXT='o'
PACKAGE_BUGREPORT=''
PACKAGE_NAME=''
PACKAGE_STRING=''
PACKAGE_TARNAME=''
PACKAGE_VERSION=''
PATH_SEPARATOR=':'
POSUB=''
RANLIB='ranlib'
SET_MAKE=''
SHELL='/bin/sh'
USE_INCLUDED_LIBINTL='no'
USE_NLS='no'
XGETTEXT='/usr/bin/xgettext'
ac_ct_CC=''
ac_ct_RANLIB=''
bindir='${exec_prefix}/bin'
build='x86_64-unknown-linux-gnu'
build_alias='x86_64-unknown-linux-gnu'
build_cpu='x86_64'
build_os='linux-gnu'
build_vendor='unknown'
datadir='${prefix}/share'
exec_prefix='${prefix}'
host='x86_64-unknown-linux-gnu'
host_alias='x86_64-unknown-linux-gnu'
host_cpu='x86_64'
host_os='linux-gnu'
host_vendor='unknown'
includedir='${prefix}/include'
infodir='${prefix}/info'
libdir='${exec_prefix}/lib'
libexecdir='${exec_prefix}/libexec'
localstatedir='${prefix}/var'
mandir='${prefix}/man'
oldincludedir='/usr/include'
prefix='/home/takayuki/home2/work/h8_micon/tools'
program_transform_name='s,^,h8300-elf-,'
sbindir='${exec_prefix}/sbin'
sharedstatedir='${prefix}/com'
sysconfdir='${prefix}/etc'
target_alias='h8300-elf'

## ----------- ##
## confdefs.h. ##
## ----------- ##

#define DEPENDS_ON_LIBICONV 1
#define ENABLE_RELOCATABLE 1
#define HAVE_ALLOCA 1
#define HAVE_ALLOCA_H 1
#define HAVE_ARGZ_H 1
#define HAVE_FEOF_UNLOCKED 1
#define HAVE_FGETS_UNLOCKED 1
#define HAVE_GETCWD 1
#define HAVE_GETC_UNLOCKED 1
#define HAVE_GETEGID 1
#define HAVE_GETEUID 1
#define HAVE_GETGID 1
#define HAVE_GETPAGESIZE 1
#define HAVE_GETUID 1
#define HAVE_ICONV 1
#define HAVE_INTTYPES_H 1
#define HAVE_INTTYPES_H 1
#define HAVE_INTTYPES_H_WITH_UINTMAX 1
#define HAVE_LANGINFO_CODESET 1
#define HAVE_LC_MESSAGES 1
#define HAVE_LIMITS_H 1
#define HAVE_LOCALE_H 1
#define HAVE_MALLOC_H 1
#define HAVE_MEMORY_H 1
#define HAVE_MEMPCPY 1
#define HAVE_MMAP 1
#define HAVE_MUNMAP 1
#define HAVE_NL_TYPES_H 1
#define HAVE_PUTENV 1
#define HAVE_SETENV 1
#define HAVE_SETLOCALE 1
#define HAVE_STDDEF_H 1
#define HAVE_STDINT_H 1
#define HAVE_STDINT_H_WITH_UINTMAX 1
#define HAVE_STDLIB_H 1
#define HAVE_STDLIB_H 1
#define HAVE_STDLIB_H 1
#define HAVE_STPCPY 1
#define HAVE_STRCASECMP 1
#define HAVE_STRDUP 1
#define HAVE_STRINGS_H 1
#define HAVE_STRING_H 1
#define HAVE_STRING_H 1
#define HAVE_STRTOUL 1
#define HAVE_SYS_PARAM_H 1
#define HAVE_SYS_STAT_H 1
#define HAVE_SYS_TYPES_H 1
#define HAVE_TSEARCH 1
#define HAVE_UINTMAX_T 1
#define HAVE_UNISTD_H 1
#define HAVE_UNISTD_H 1
#define HAVE_UNISTD_H 1
#define HAVE_UNSIGNED_LONG_LONG 1
#define HAVE___ARGZ_COUNT 1
#define HAVE___ARGZ_NEXT 1
#define HAVE___ARGZ_STRINGIFY 1
#define HAVE___FSETLOCKING 1
#define ICONV_CONST 
#define INTDIV0_RAISES_SIGFPE 1
#define IN_LIBINTL 1
#define IN_LIBRARY 1
#define NO_XMALLOC 1
#define PACKAGE_BUGREPORT ""
#define PACKAGE_NAME ""
#define PACKAGE_STRING ""
#define PACKAGE_TARNAME ""
#define PACKAGE_VERSION ""
#define STDC_HEADERS 1
#define relocate libintl_relocate
#define set_relocation_prefix libintl_set_relocation_prefix

configure: exit 0
