This file contains any messages produced by compilers while
running configure, to aid debugging if configure makes a mistake.

It was created by configure, which was
generated by GNU Autoconf 2.59.  Invocation command line was

  $ /home/takayuki/home2/work/h8_micon/env/binutils-2.19.1/ld/configure --cache-file=./config.cache --with-gnu-as --with-gnu-ld --disable-nls --prefix=/home/takayuki/home2/work/h8_micon/tools --disable-werror --program-transform-name=s,^,h8300-elf-, --build=x86_64-unknown-linux-gnu --host=x86_64-unknown-linux-gnu --target=h8300-elf --srcdir=.././ld

## --------- ##
## Platform. ##
## --------- ##

hostname = ArchLinux
uname -m = x86_64
uname -r = 4.13.12-1-ARCH
uname -s = Linux
uname -v = #1 SMP PREEMPT Wed Nov 8 11:54:06 CET 2017

/usr/bin/uname -p = unknown
/bin/uname -X     = unknown

/bin/arch              = unknown
/usr/bin/arch -k       = unknown
/usr/convex/getsysinfo = unknown
hostinfo               = unknown
/bin/machine           = unknown
/usr/bin/oslevel       = unknown
/bin/universe          = unknown

PATH: /usr/local/sbin
PATH: /usr/local/bin
PATH: /usr/bin
PATH: /usr/lib/emscripten
PATH: /usr/lib/jvm/default/bin
PATH: /usr/bin/site_perl
PATH: /usr/bin/vendor_perl
PATH: /usr/bin/core_perl
PATH: /home/takayuki/bin
PATH: /home/takayuki/bin
PATH: /home/takayuki/.cargo/bin
PATH: /home/takayuki/.config/composer/vendor/bin


## ----------- ##
## Core tests. ##
## ----------- ##

configure:1398: creating cache ./config.cache
configure:1525: checking build system type
configure:1543: result: x86_64-unknown-linux-gnu
configure:1551: checking host system type
configure:1565: result: x86_64-unknown-linux-gnu
configure:1573: checking target system type
configure:1587: result: h8300-unknown-elf
configure:1609: checking for x86_64-unknown-linux-gnu-gcc
configure:1635: result: gcc
configure:1919: checking for C compiler version
configure:1922: gcc --version </dev/null >&5
gcc (GCC) 7.2.0
Copyright (C) 2017 Free Software Foundation, Inc.
This is free software; see the source for copying conditions.  There is NO
warranty; not even for MERCHANTABILITY or FITNESS FOR A PARTICULAR PURPOSE.

configure:1925: $? = 0
configure:1927: gcc -v </dev/null >&5
Using built-in specs.
COLLECT_GCC=gcc
COLLECT_LTO_WRAPPER=/usr/lib/gcc/x86_64-pc-linux-gnu/7.2.0/lto-wrapper
Target: x86_64-pc-linux-gnu
Configured with: /build/gcc-multilib/src/gcc/configure --prefix=/usr --libdir=/usr/lib --libexecdir=/usr/lib --mandir=/usr/share/man --infodir=/usr/share/info --with-bugurl=https://bugs.archlinux.org/ --enable-languages=c,c++,ada,fortran,go,lto,objc,obj-c++ --enable-shared --enable-threads=posix --enable-libmpx --with-system-zlib --with-isl --enable-__cxa_atexit --disable-libunwind-exceptions --enable-clocale=gnu --disable-libstdcxx-pch --disable-libssp --enable-gnu-unique-object --enable-linker-build-id --enable-lto --enable-plugin --enable-install-libiberty --with-linker-hash-style=gnu --enable-gnu-indirect-function --enable-multilib --disable-werror --enable-checking=release --enable-default-pie --enable-default-ssp
Thread model: posix
gcc version 7.2.0 (GCC) 
configure:1930: $? = 0
configure:1932: gcc -V </dev/null >&5
gcc: error: unrecognized command line option '-V'
gcc: fatal error: no input files
compilation terminated.
configure:1935: $? = 1
configure:1958: checking for C compiler default output file name
configure:1961: gcc -g -O2   conftest.c  >&5
configure:1964: $? = 0
configure:2012: result: a.out
configure:2017: checking whether the C compiler works
configure:2023: ./a.out
configure:2026: $? = 0
configure:2045: result: yes
configure:2052: checking whether we are cross compiling
configure:2054: result: no
configure:2057: checking for suffix of executables
configure:2059: gcc -o conftest -g -O2   conftest.c  >&5
configure:2062: $? = 0
configure:2089: result: 
configure:2095: checking for suffix of object files
configure:2116: gcc -c -g -O2  conftest.c >&5
configure:2119: $? = 0
configure:2143: result: o
configure:2147: checking whether we are using the GNU C compiler
configure:2171: gcc -c -g -O2  conftest.c >&5
configure:2177: $? = 0
configure:2181: test -z 
			 || test ! -s conftest.err
configure:2184: $? = 0
configure:2187: test -s conftest.o
configure:2190: $? = 0
configure:2203: result: yes
configure:2209: checking whether gcc accepts -g
configure:2230: gcc -c -g  conftest.c >&5
configure:2236: $? = 0
configure:2240: test -z 
			 || test ! -s conftest.err
configure:2243: $? = 0
configure:2246: test -s conftest.o
configure:2249: $? = 0
configure:2260: result: yes
configure:2277: checking for gcc option to accept ANSI C
configure:2347: gcc  -c -g -O2  conftest.c >&5
configure:2353: $? = 0
configure:2357: test -z 
			 || test ! -s conftest.err
configure:2360: $? = 0
configure:2363: test -s conftest.o
configure:2366: $? = 0
configure:2384: result: none needed
configure:2402: gcc -c -g -O2  conftest.c >&5
conftest.c:2:3: error: unknown type name 'choke'
   choke me
   ^~~~~
conftest.c:2:3: error: expected '=', ',', ';', 'asm' or '__attribute__' at end of input
configure:2408: $? = 1
configure: failed program was:
| #ifndef __cplusplus
|   choke me
| #endif
configure:2542: checking for library containing strerror
configure:2572: gcc -o conftest -g -O2   conftest.c  >&5
configure:2578: $? = 0
configure:2582: test -z 
			 || test ! -s conftest.err
configure:2585: $? = 0
configure:2588: test -s conftest
configure:2591: $? = 0
configure:2661: result: none required
configure:2685: checking for a BSD-compatible install
configure:2751: result: /usr/bin/install -c
configure:2762: checking whether build environment is sane
configure:2805: result: yes
configure:2870: checking for gawk
configure:2886: found /usr/bin/gawk
configure:2896: result: gawk
configure:2906: checking whether make sets $(MAKE)
configure:2926: result: yes
configure:2956: checking for style of include used by make
configure:2984: result: GNU
configure:3160: checking dependency style of gcc
configure:3250: result: gcc3
configure:3474: checking for x86_64-unknown-linux-gnu-gcc
configure:3500: result: gcc
configure:3784: checking for C compiler version
configure:3787: gcc --version </dev/null >&5
gcc (GCC) 7.2.0
Copyright (C) 2017 Free Software Foundation, Inc.
This is free software; see the source for copying conditions.  There is NO
warranty; not even for MERCHANTABILITY or FITNESS FOR A PARTICULAR PURPOSE.

configure:3790: $? = 0
configure:3792: gcc -v </dev/null >&5
Using built-in specs.
COLLECT_GCC=gcc
COLLECT_LTO_WRAPPER=/usr/lib/gcc/x86_64-pc-linux-gnu/7.2.0/lto-wrapper
Target: x86_64-pc-linux-gnu
Configured with: /build/gcc-multilib/src/gcc/configure --prefix=/usr --libdir=/usr/lib --libexecdir=/usr/lib --mandir=/usr/share/man --infodir=/usr/share/info --with-bugurl=https://bugs.archlinux.org/ --enable-languages=c,c++,ada,fortran,go,lto,objc,obj-c++ --enable-shared --enable-threads=posix --enable-libmpx --with-system-zlib --with-isl --enable-__cxa_atexit --disable-libunwind-exceptions --enable-clocale=gnu --disable-libstdcxx-pch --disable-libssp --enable-gnu-unique-object --enable-linker-build-id --enable-lto --enable-plugin --enable-install-libiberty --with-linker-hash-style=gnu --enable-gnu-indirect-function --enable-multilib --disable-werror --enable-checking=release --enable-default-pie --enable-default-ssp
Thread model: posix
gcc version 7.2.0 (GCC) 
configure:3795: $? = 0
configure:3797: gcc -V </dev/null >&5
gcc: error: unrecognized command line option '-V'
gcc: fatal error: no input files
compilation terminated.
configure:3800: $? = 1
configure:3803: checking whether we are using the GNU C compiler
configure:3859: result: yes
configure:3865: checking whether gcc accepts -g
configure:3916: result: yes
configure:3933: checking for gcc option to accept ANSI C
configure:4040: result: none needed
configure:4058: gcc -c -g -O2  conftest.c >&5
conftest.c:2:3: error: unknown type name 'choke'
   choke me
   ^~~~~
conftest.c:2:3: error: expected '=', ',', ';', 'asm' or '__attribute__' at end of input
configure:4064: $? = 1
configure: failed program was:
| #ifndef __cplusplus
|   choke me
| #endif
configure:4208: checking how to run the C preprocessor
configure:4243: gcc -E  conftest.c
configure:4249: $? = 0
configure:4281: gcc -E  conftest.c
conftest.c:13:10: fatal error: ac_nonexistent.h: No such file or directory
 #include <ac_nonexistent.h>
          ^~~~~~~~~~~~~~~~~~
compilation terminated.
configure:4287: $? = 1
configure: failed program was:
| /* confdefs.h.  */
| 
| #define PACKAGE_NAME ""
| #define PACKAGE_TARNAME ""
| #define PACKAGE_VERSION ""
| #define PACKAGE_STRING ""
| #define PACKAGE_BUGREPORT ""
| #define PACKAGE "ld"
| #define VERSION "2.19.1"
| #define GOT_HANDLING_DEFAULT GOT_HANDLING_TARGET_DEFAULT
| #define _GNU_SOURCE 1
| /* end confdefs.h.  */
| #include <ac_nonexistent.h>
configure:4326: result: gcc -E
configure:4350: gcc -E  conftest.c
configure:4356: $? = 0
configure:4388: gcc -E  conftest.c
conftest.c:13:10: fatal error: ac_nonexistent.h: No such file or directory
 #include <ac_nonexistent.h>
          ^~~~~~~~~~~~~~~~~~
compilation terminated.
configure:4394: $? = 1
configure: failed program was:
| /* confdefs.h.  */
| 
| #define PACKAGE_NAME ""
| #define PACKAGE_TARNAME ""
| #define PACKAGE_VERSION ""
| #define PACKAGE_STRING ""
| #define PACKAGE_BUGREPORT ""
| #define PACKAGE "ld"
| #define VERSION "2.19.1"
| #define GOT_HANDLING_DEFAULT GOT_HANDLING_TARGET_DEFAULT
| #define _GNU_SOURCE 1
| /* end confdefs.h.  */
| #include <ac_nonexistent.h>
configure:4440: checking for egrep
configure:4450: result: grep -E
configure:4455: checking for ANSI C header files
configure:4480: gcc -c -g -O2  conftest.c >&5
configure:4486: $? = 0
configure:4490: test -z 
			 || test ! -s conftest.err
configure:4493: $? = 0
configure:4496: test -s conftest.o
configure:4499: $? = 0
configure:4588: gcc -o conftest -g -O2   conftest.c  >&5
conftest.c: In function 'main':
conftest.c:30:7: warning: implicit declaration of function 'exit' [-Wimplicit-function-declaration]
       exit(2);
       ^~~~
conftest.c:30:7: warning: incompatible implicit declaration of built-in function 'exit'
conftest.c:30:7: note: include '<stdlib.h>' or provide a declaration of 'exit'
conftest.c:31:3: warning: incompatible implicit declaration of built-in function 'exit'
   exit (0);
   ^~~~
conftest.c:31:3: note: include '<stdlib.h>' or provide a declaration of 'exit'
configure:4591: $? = 0
configure:4593: ./conftest
configure:4596: $? = 0
configure:4611: result: yes
configure:4635: checking for sys/types.h
configure:4651: gcc -c -g -O2  conftest.c >&5
configure:4657: $? = 0
configure:4661: test -z 
			 || test ! -s conftest.err
configure:4664: $? = 0
configure:4667: test -s conftest.o
configure:4670: $? = 0
configure:4681: result: yes
configure:4635: checking for sys/stat.h
configure:4651: gcc -c -g -O2  conftest.c >&5
configure:4657: $? = 0
configure:4661: test -z 
			 || test ! -s conftest.err
configure:4664: $? = 0
configure:4667: test -s conftest.o
configure:4670: $? = 0
configure:4681: result: yes
configure:4635: checking for stdlib.h
configure:4651: gcc -c -g -O2  conftest.c >&5
configure:4657: $? = 0
configure:4661: test -z 
			 || test ! -s conftest.err
configure:4664: $? = 0
configure:4667: test -s conftest.o
configure:4670: $? = 0
configure:4681: result: yes
configure:4635: checking for string.h
configure:4651: gcc -c -g -O2  conftest.c >&5
configure:4657: $? = 0
configure:4661: test -z 
			 || test ! -s conftest.err
configure:4664: $? = 0
configure:4667: test -s conftest.o
configure:4670: $? = 0
configure:4681: result: yes
configure:4635: checking for memory.h
configure:4651: gcc -c -g -O2  conftest.c >&5
configure:4657: $? = 0
configure:4661: test -z 
			 || test ! -s conftest.err
configure:4664: $? = 0
configure:4667: test -s conftest.o
configure:4670: $? = 0
configure:4681: result: yes
configure:4635: checking for strings.h
configure:4651: gcc -c -g -O2  conftest.c >&5
configure:4657: $? = 0
configure:4661: test -z 
			 || test ! -s conftest.err
configure:4664: $? = 0
configure:4667: test -s conftest.o
configure:4670: $? = 0
configure:4681: result: yes
configure:4635: checking for inttypes.h
configure:4651: gcc -c -g -O2  conftest.c >&5
configure:4657: $? = 0
configure:4661: test -z 
			 || test ! -s conftest.err
configure:4664: $? = 0
configure:4667: test -s conftest.o
configure:4670: $? = 0
configure:4681: result: yes
configure:4635: checking for stdint.h
configure:4651: gcc -c -g -O2  conftest.c >&5
configure:4657: $? = 0
configure:4661: test -z 
			 || test ! -s conftest.err
configure:4664: $? = 0
configure:4667: test -s conftest.o
configure:4670: $? = 0
configure:4681: result: yes
configure:4635: checking for unistd.h
configure:4651: gcc -c -g -O2  conftest.c >&5
configure:4657: $? = 0
configure:4661: test -z 
			 || test ! -s conftest.err
configure:4664: $? = 0
configure:4667: test -s conftest.o
configure:4670: $? = 0
configure:4681: result: yes
configure:4704: checking minix/config.h usability
configure:4716: gcc -c -g -O2  conftest.c >&5
conftest.c:57:10: fatal error: minix/config.h: No such file or directory
 #include <minix/config.h>
          ^~~~~~~~~~~~~~~~
compilation terminated.
configure:4722: $? = 1
configure: failed program was:
| /* confdefs.h.  */
| 
| #define PACKAGE_NAME ""
| #define PACKAGE_TARNAME ""
| #define PACKAGE_VERSION ""
| #define PACKAGE_STRING ""
| #define PACKAGE_BUGREPORT ""
| #define PACKAGE "ld"
| #define VERSION "2.19.1"
| #define GOT_HANDLING_DEFAULT GOT_HANDLING_TARGET_DEFAULT
| #define _GNU_SOURCE 1
| #define STDC_HEADERS 1
| #define HAVE_SYS_TYPES_H 1
| #define HAVE_SYS_STAT_H 1
| #define HAVE_STDLIB_H 1
| #define HAVE_STRING_H 1
| #define HAVE_MEMORY_H 1
| #define HAVE_STRINGS_H 1
| #define HAVE_INTTYPES_H 1
| #define HAVE_STDINT_H 1
| #define HAVE_UNISTD_H 1
| /* end confdefs.h.  */
| #include <stdio.h>
| #if HAVE_SYS_TYPES_H
| # include <sys/types.h>
| #endif
| #if HAVE_SYS_STAT_H
| # include <sys/stat.h>
| #endif
| #if STDC_HEADERS
| # include <stdlib.h>
| # include <stddef.h>
| #else
| # if HAVE_STDLIB_H
| #  include <stdlib.h>
| # endif
| #endif
| #if HAVE_STRING_H
| # if !STDC_HEADERS && HAVE_MEMORY_H
| #  include <memory.h>
| # endif
| # include <string.h>
| #endif
| #if HAVE_STRINGS_H
| # include <strings.h>
| #endif
| #if HAVE_INTTYPES_H
| # include <inttypes.h>
| #else
| # if HAVE_STDINT_H
| #  include <stdint.h>
| # endif
| #endif
| #if HAVE_UNISTD_H
| # include <unistd.h>
| #endif
| #include <minix/config.h>
configure:4745: result: no
configure:4749: checking minix/config.h presence
configure:4759: gcc -E  conftest.c
conftest.c:23:10: fatal error: minix/config.h: No such file or directory
 #include <minix/config.h>
          ^~~~~~~~~~~~~~~~
compilation terminated.
configure:4765: $? = 1
configure: failed program was:
| /* confdefs.h.  */
| 
| #define PACKAGE_NAME ""
| #define PACKAGE_TARNAME ""
| #define PACKAGE_VERSION ""
| #define PACKAGE_STRING ""
| #define PACKAGE_BUGREPORT ""
| #define PACKAGE "ld"
| #define VERSION "2.19.1"
| #define GOT_HANDLING_DEFAULT GOT_HANDLING_TARGET_DEFAULT
| #define _GNU_SOURCE 1
| #define STDC_HEADERS 1
| #define HAVE_SYS_TYPES_H 1
| #define HAVE_SYS_STAT_H 1
| #define HAVE_STDLIB_H 1
| #define HAVE_STRING_H 1
| #define HAVE_MEMORY_H 1
| #define HAVE_STRINGS_H 1
| #define HAVE_INTTYPES_H 1
| #define HAVE_STDINT_H 1
| #define HAVE_UNISTD_H 1
| /* end confdefs.h.  */
| #include <minix/config.h>
configure:4785: result: no
configure:4820: checking for minix/config.h
configure:4827: result: no
configure:4858: checking whether it is safe to define __EXTENSIONS__
configure:4881: gcc -c -g -O2  conftest.c >&5
configure:4887: $? = 0
configure:4891: test -z 
			 || test ! -s conftest.err
configure:4894: $? = 0
configure:4897: test -s conftest.o
configure:4900: $? = 0
configure:4911: result: yes
configure:4949: checking for a BSD-compatible install
configure:5015: result: /usr/bin/install -c
configure:5163: checking for a sed that does not truncate output
configure:5219: result: /usr/bin/sed
configure:5235: checking for fgrep
configure:5245: result: grep -F
configure:5280: checking for ld used by gcc
configure:5347: result: ld
configure:5356: checking if the linker (ld) is GNU ld
configure:5371: result: yes
configure:5384: checking for BSD- or MS-compatible name lister (nm)
configure:5433: result: nm
configure:5538: checking the name lister (nm) interface
configure:5545: gcc -c -g -O2  conftest.c >&5
configure:5548: nm "conftest.o"
configure:5551: output
0000000000000000 B some_variable
configure:5558: result: BSD nm
configure:5561: checking whether ln -s works
configure:5565: result: yes
configure:5573: checking the maximum length of command line arguments
configure:5693: result: 1572864
configure:5711: checking whether the shell understands some XSI constructs
configure:5719: result: yes
configure:5723: checking whether the shell understands "+="
configure:5729: result: yes
configure:5764: checking for ld option to reload object files
configure:5771: result: -r
configure:5798: checking how to recognize dependent libraries
configure:5988: result: pass_all
configure:6008: checking for x86_64-unknown-linux-gnu-ar
configure:6034: result: ar
configure:6101: checking for x86_64-unknown-linux-gnu-strip
configure:6130: result: no
configure:6139: checking for strip
configure:6155: found /usr/bin/strip
configure:6166: result: strip
configure:6188: checking for x86_64-unknown-linux-gnu-ranlib
configure:6214: result: ranlib
configure:6333: checking command to parse nm output from gcc object
configure:6450: gcc -c -g -O2  conftest.c >&5
configure:6453: $? = 0
configure:6457: nm conftest.o \| sed -n -e 's/^.*[	 ]\([ABCDGIRSTW][ABCDGIRSTW]*\)[	 ][	 ]*\([_A-Za-z][_A-Za-z0-9]*\)$/\1 \2 \2/p' \> conftest.nm
configure:6460: $? = 0
configure:6514: gcc -o conftest -g -O2   conftest.c conftstm.o >&5
configure:6517: $? = 0
configure:6555: result: ok
configure:6645: gcc -c -g -O2  conftest.c >&5
configure:6648: $? = 0
configure:6796: checking for dlfcn.h
configure:6812: gcc -c -g -O2  conftest.c >&5
configure:6818: $? = 0
configure:6822: test -z 
			 || test ! -s conftest.err
configure:6825: $? = 0
configure:6828: test -s conftest.o
configure:6831: $? = 0
configure:6842: result: yes
configure:6904: checking for objdir
configure:6919: result: .libs
configure:7215: checking if gcc supports -fno-rtti -fno-exceptions
configure:7233: gcc -c -g -O2  -fno-rtti -fno-exceptions conftest.c >&5
cc1: warning: command line option '-fno-rtti' is valid for C++/ObjC++ but not for C
configure:7237: $? = 0
configure:7250: result: no
configure:7270: checking for gcc option to produce PIC
configure:7525: result: -fPIC -DPIC
configure:7537: checking if gcc PIC flag -fPIC -DPIC works
configure:7555: gcc -c -g -O2  -fPIC -DPIC -DPIC conftest.c >&5
configure:7559: $? = 0
configure:7572: result: yes
configure:7596: checking if gcc static flag -static works
configure:7624: result: yes
configure:7639: checking if gcc supports -c -o file.o
configure:7660: gcc -c -g -O2  -o out/conftest2.o conftest.c >&5
configure:7664: $? = 0
configure:7686: result: yes
configure:7694: checking if gcc supports -c -o file.o
configure:7741: result: yes
configure:7774: checking whether the gcc linker (ld -m elf_x86_64) supports shared libraries
configure:8854: result: yes
configure:8891: checking whether -lc should be explicitly linked in
configure:8896: gcc -c -g -O2  conftest.c >&5
configure:8899: $? = 0
configure:8914: gcc -shared conftest.o  -v -Wl,-soname -Wl,conftest -o conftest 2\>\&1 \| grep  -lc  \>/dev/null 2\>\&1
configure:8917: $? = 0
configure:8929: result: no
configure:9093: checking dynamic linker characteristics
configure:9526: gcc -o conftest -g -O2   -Wl,-rpath -Wl,/foo conftest.c  >&5
configure:9532: $? = 0
configure:9536: test -z 
			 || test ! -s conftest.err
configure:9539: $? = 0
configure:9542: test -s conftest
configure:9545: $? = 0
configure:9769: result: GNU/Linux ld.so
configure:9864: checking how to hardcode library paths into programs
configure:9889: result: immediate
configure:10735: checking whether stripping libraries is possible
configure:10740: result: yes
configure:10775: checking if libtool supports shared libraries
configure:10777: result: yes
configure:10780: checking whether to build shared libraries
configure:10801: result: yes
configure:10804: checking whether to build static libraries
configure:10808: result: yes
configure:10858: checking whether NLS is requested
configure:10861: result: no
configure:10931: checking whether NLS is requested
configure:10940: result: no
configure:10978: checking for msgfmt
configure:11009: result: /usr/bin/msgfmt
configure:11018: checking for gmsgfmt
configure:11049: result: /usr/bin/msgfmt
configure:11088: checking for xgettext
configure:11119: result: /usr/bin/xgettext
configure:11159: checking for msgmerge
configure:11189: result: /usr/bin/msgmerge
configure:11231: checking for bison
configure:11257: result: bison -y
configure:11272: checking for flex
configure:11298: result: flex
configure:11311: checking for yywrap in -lfl
configure:11341: gcc -o conftest -g -O2   conftest.c -lfl   >&5
/usr/lib/gcc/x86_64-pc-linux-gnu/7.2.0/../../../../lib/libfl.so: undefined reference to `yylex'
collect2: error: ld returned 1 exit status
configure:11347: $? = 1
configure: failed program was:
| /* confdefs.h.  */
| 
| #define PACKAGE_NAME ""
| #define PACKAGE_TARNAME ""
| #define PACKAGE_VERSION ""
| #define PACKAGE_STRING ""
| #define PACKAGE_BUGREPORT ""
| #define PACKAGE "ld"
| #define VERSION "2.19.1"
| #define GOT_HANDLING_DEFAULT GOT_HANDLING_TARGET_DEFAULT
| #define _GNU_SOURCE 1
| #define STDC_HEADERS 1
| #define HAVE_SYS_TYPES_H 1
| #define HAVE_SYS_STAT_H 1
| #define HAVE_STDLIB_H 1
| #define HAVE_STRING_H 1
| #define HAVE_MEMORY_H 1
| #define HAVE_STRINGS_H 1
| #define HAVE_INTTYPES_H 1
| #define HAVE_STDINT_H 1
| #define HAVE_UNISTD_H 1
| #define __EXTENSIONS__ 1
| #define _ALL_SOURCE 1
| #define _GNU_SOURCE 1
| #define _POSIX_PTHREAD_SEMANTICS 1
| #define _TANDEM_SOURCE 1
| #define HAVE_DLFCN_H 1
| #define LT_OBJDIR ".libs/"
| /* end confdefs.h.  */
| 
| /* Override any gcc2 internal prototype to avoid an error.  */
| #ifdef __cplusplus
| extern "C"
| #endif
| /* We use char because int might match the return type of a gcc2
|    builtin and then its argument prototype would still apply.  */
| char yywrap ();
| int
| main ()
| {
| yywrap ();
|   ;
|   return 0;
| }
configure:11373: result: no
configure:11378: checking for yywrap in -ll
configure:11408: gcc -o conftest -g -O2   conftest.c -ll   >&5
/usr/bin/ld: cannot find -ll
collect2: error: ld returned 1 exit status
configure:11414: $? = 1
configure: failed program was:
| /* confdefs.h.  */
| 
| #define PACKAGE_NAME ""
| #define PACKAGE_TARNAME ""
| #define PACKAGE_VERSION ""
| #define PACKAGE_STRING ""
| #define PACKAGE_BUGREPORT ""
| #define PACKAGE "ld"
| #define VERSION "2.19.1"
| #define GOT_HANDLING_DEFAULT GOT_HANDLING_TARGET_DEFAULT
| #define _GNU_SOURCE 1
| #define STDC_HEADERS 1
| #define HAVE_SYS_TYPES_H 1
| #define HAVE_SYS_STAT_H 1
| #define HAVE_STDLIB_H 1
| #define HAVE_STRING_H 1
| #define HAVE_MEMORY_H 1
| #define HAVE_STRINGS_H 1
| #define HAVE_INTTYPES_H 1
| #define HAVE_STDINT_H 1
| #define HAVE_UNISTD_H 1
| #define __EXTENSIONS__ 1
| #define _ALL_SOURCE 1
| #define _GNU_SOURCE 1
| #define _POSIX_PTHREAD_SEMANTICS 1
| #define _TANDEM_SOURCE 1
| #define HAVE_DLFCN_H 1
| #define LT_OBJDIR ".libs/"
| /* end confdefs.h.  */
| 
| /* Override any gcc2 internal prototype to avoid an error.  */
| #ifdef __cplusplus
| extern "C"
| #endif
| /* We use char because int might match the return type of a gcc2
|    builtin and then its argument prototype would still apply.  */
| char yywrap ();
| int
| main ()
| {
| yywrap ();
|   ;
|   return 0;
| }
configure:11440: result: no
configure:11451: checking lex output file root
configure:11462: flex conftest.l
configure:11465: $? = 0
configure:11477: result: lex.yy
configure:11482: checking whether yytext is a pointer
configure:11498: gcc -o conftest -g -O2   conftest.c   >&5
/usr/lib/gcc/x86_64-pc-linux-gnu/7.2.0/../../../../lib/Scrt1.o: In function `_start':
(.text+0x20): undefined reference to `main'
/tmp/ccS7w5is.o: In function `yylex':
/home/takayuki/home2/work/h8_micon/env/binutils-2.19.1/ld/lex.yy.c:798: undefined reference to `yywrap'
collect2: error: ld returned 1 exit status
configure:11504: $? = 1
configure: failed program was:
| 
| #line 2 "lex.yy.c"
| 
| #define  YY_INT_ALIGNED short int
| 
| /* A lexical scanner generated by flex */
| 
| #define FLEX_SCANNER
| #define YY_FLEX_MAJOR_VERSION 2
| #define YY_FLEX_MINOR_VERSION 6
| #define YY_FLEX_SUBMINOR_VERSION 4
| #if YY_FLEX_SUBMINOR_VERSION > 0
| #define FLEX_BETA
| #endif
| 
| /* First, we deal with  platform-specific or compiler-specific issues. */
| 
| /* begin standard C headers. */
| #include <stdio.h>
| #include <string.h>
| #include <errno.h>
| #include <stdlib.h>
| 
| /* end standard C headers. */
| 
| /* flex integer type definitions */
| 
| #ifndef FLEXINT_H
| #define FLEXINT_H
| 
| /* C99 systems have <inttypes.h>. Non-C99 systems may or may not. */
| 
| #if defined (__STDC_VERSION__) && __STDC_VERSION__ >= 199901L
| 
| /* C99 says to define __STDC_LIMIT_MACROS before including stdint.h,
|  * if you want the limit (max/min) macros for int types. 
|  */
| #ifndef __STDC_LIMIT_MACROS
| #define __STDC_LIMIT_MACROS 1
| #endif
| 
| #include <inttypes.h>
| typedef int8_t flex_int8_t;
| typedef uint8_t flex_uint8_t;
| typedef int16_t flex_int16_t;
| typedef uint16_t flex_uint16_t;
| typedef int32_t flex_int32_t;
| typedef uint32_t flex_uint32_t;
| #else
| typedef signed char flex_int8_t;
| typedef short int flex_int16_t;
| typedef int flex_int32_t;
| typedef unsigned char flex_uint8_t; 
| typedef unsigned short int flex_uint16_t;
| typedef unsigned int flex_uint32_t;
| 
| /* Limits of integral types. */
| #ifndef INT8_MIN
| #define INT8_MIN               (-128)
| #endif
| #ifndef INT16_MIN
| #define INT16_MIN              (-32767-1)
| #endif
| #ifndef INT32_MIN
| #define INT32_MIN              (-2147483647-1)
| #endif
| #ifndef INT8_MAX
| #define INT8_MAX               (127)
| #endif
| #ifndef INT16_MAX
| #define INT16_MAX              (32767)
| #endif
| #ifndef INT32_MAX
| #define INT32_MAX              (2147483647)
| #endif
| #ifndef UINT8_MAX
| #define UINT8_MAX              (255U)
| #endif
| #ifndef UINT16_MAX
| #define UINT16_MAX             (65535U)
| #endif
| #ifndef UINT32_MAX
| #define UINT32_MAX             (4294967295U)
| #endif
| 
| #ifndef SIZE_MAX
| #define SIZE_MAX               (~(size_t)0)
| #endif
| 
| #endif /* ! C99 */
| 
| #endif /* ! FLEXINT_H */
| 
| /* begin standard C++ headers. */
| 
| /* TODO: this is always defined, so inline it */
| #define yyconst const
| 
| #if defined(__GNUC__) && __GNUC__ >= 3
| #define yynoreturn __attribute__((__noreturn__))
| #else
| #define yynoreturn
| #endif
| 
| /* Returned upon end-of-file. */
| #define YY_NULL 0
| 
| /* Promotes a possibly negative, possibly signed char to an
|  *   integer in range [0..255] for use as an array index.
|  */
| #define YY_SC_TO_UI(c) ((YY_CHAR) (c))
| 
| /* Enter a start condition.  This macro really ought to take a parameter,
|  * but we do it the disgusting crufty way forced on us by the ()-less
|  * definition of BEGIN.
|  */
| #define BEGIN (yy_start) = 1 + 2 *
| /* Translate the current start state into a value that can be later handed
|  * to BEGIN to return to the state.  The YYSTATE alias is for lex
|  * compatibility.
|  */
| #define YY_START (((yy_start) - 1) / 2)
| #define YYSTATE YY_START
| /* Action number for EOF rule of a given start state. */
| #define YY_STATE_EOF(state) (YY_END_OF_BUFFER + state + 1)
| /* Special action meaning "start processing a new file". */
| #define YY_NEW_FILE yyrestart( yyin  )
| #define YY_END_OF_BUFFER_CHAR 0
| 
| /* Size of default input buffer. */
| #ifndef YY_BUF_SIZE
| #ifdef __ia64__
| /* On IA-64, the buffer size is 16k, not 8k.
|  * Moreover, YY_BUF_SIZE is 2*YY_READ_BUF_SIZE in the general case.
|  * Ditto for the __ia64__ case accordingly.
|  */
| #define YY_BUF_SIZE 32768
| #else
| #define YY_BUF_SIZE 16384
| #endif /* __ia64__ */
| #endif
| 
| /* The state buf must be large enough to hold one state per character in the main buffer.
|  */
| #define YY_STATE_BUF_SIZE   ((YY_BUF_SIZE + 2) * sizeof(yy_state_type))
| 
| #ifndef YY_TYPEDEF_YY_BUFFER_STATE
| #define YY_TYPEDEF_YY_BUFFER_STATE
| typedef struct yy_buffer_state *YY_BUFFER_STATE;
| #endif
| 
| #ifndef YY_TYPEDEF_YY_SIZE_T
| #define YY_TYPEDEF_YY_SIZE_T
| typedef size_t yy_size_t;
| #endif
| 
| extern int yyleng;
| 
| extern FILE *yyin, *yyout;
| 
| #define EOB_ACT_CONTINUE_SCAN 0
| #define EOB_ACT_END_OF_FILE 1
| #define EOB_ACT_LAST_MATCH 2
|     
|     #define YY_LESS_LINENO(n)
|     #define YY_LINENO_REWIND_TO(ptr)
|     
| /* Return all but the first "n" matched characters back to the input stream. */
| #define yyless(n) \
| 	do \
| 		{ \
| 		/* Undo effects of setting up yytext. */ \
|         int yyless_macro_arg = (n); \
|         YY_LESS_LINENO(yyless_macro_arg);\
| 		*yy_cp = (yy_hold_char); \
| 		YY_RESTORE_YY_MORE_OFFSET \
| 		(yy_c_buf_p) = yy_cp = yy_bp + yyless_macro_arg - YY_MORE_ADJ; \
| 		YY_DO_BEFORE_ACTION; /* set up yytext again */ \
| 		} \
| 	while ( 0 )
| #define unput(c) yyunput( c, (yytext_ptr)  )
| 
| #ifndef YY_STRUCT_YY_BUFFER_STATE
| #define YY_STRUCT_YY_BUFFER_STATE
| struct yy_buffer_state
| 	{
| 	FILE *yy_input_file;
| 
| 	char *yy_ch_buf;		/* input buffer */
| 	char *yy_buf_pos;		/* current position in input buffer */
| 
| 	/* Size of input buffer in bytes, not including room for EOB
| 	 * characters.
| 	 */
| 	int yy_buf_size;
| 
| 	/* Number of characters read into yy_ch_buf, not including EOB
| 	 * characters.
| 	 */
| 	int yy_n_chars;
| 
| 	/* Whether we "own" the buffer - i.e., we know we created it,
| 	 * and can realloc() it to grow it, and should free() it to
| 	 * delete it.
| 	 */
| 	int yy_is_our_buffer;
| 
| 	/* Whether this is an "interactive" input source; if so, and
| 	 * if we're using stdio for input, then we want to use getc()
| 	 * instead of fread(), to make sure we stop fetching input after
| 	 * each newline.
| 	 */
| 	int yy_is_interactive;
| 
| 	/* Whether we're considered to be at the beginning of a line.
| 	 * If so, '^' rules will be active on the next match, otherwise
| 	 * not.
| 	 */
| 	int yy_at_bol;
| 
|     int yy_bs_lineno; /**< The line count. */
|     int yy_bs_column; /**< The column count. */
| 
| 	/* Whether to try to fill the input buffer when we reach the
| 	 * end of it.
| 	 */
| 	int yy_fill_buffer;
| 
| 	int yy_buffer_status;
| 
| #define YY_BUFFER_NEW 0
| #define YY_BUFFER_NORMAL 1
| 	/* When an EOF's been seen but there's still some text to process
| 	 * then we mark the buffer as YY_EOF_PENDING, to indicate that we
| 	 * shouldn't try reading from the input source any more.  We might
| 	 * still have a bunch of tokens to match, though, because of
| 	 * possible backing-up.
| 	 *
| 	 * When we actually see the EOF, we change the status to "new"
| 	 * (via yyrestart()), so that the user can continue scanning by
| 	 * just pointing yyin at a new input file.
| 	 */
| #define YY_BUFFER_EOF_PENDING 2
| 
| 	};
| #endif /* !YY_STRUCT_YY_BUFFER_STATE */
| 
| /* Stack of input buffers. */
| static size_t yy_buffer_stack_top = 0; /**< index of top of stack. */
| static size_t yy_buffer_stack_max = 0; /**< capacity of stack. */
| static YY_BUFFER_STATE * yy_buffer_stack = NULL; /**< Stack as an array. */
| 
| /* We provide macros for accessing buffer states in case in the
|  * future we want to put the buffer states in a more general
|  * "scanner state".
|  *
|  * Returns the top of the stack, or NULL.
|  */
| #define YY_CURRENT_BUFFER ( (yy_buffer_stack) \
|                           ? (yy_buffer_stack)[(yy_buffer_stack_top)] \
|                           : NULL)
| /* Same as previous macro, but useful when we know that the buffer stack is not
|  * NULL or when we need an lvalue. For internal use only.
|  */
| #define YY_CURRENT_BUFFER_LVALUE (yy_buffer_stack)[(yy_buffer_stack_top)]
| 
| /* yy_hold_char holds the character lost when yytext is formed. */
| static char yy_hold_char;
| static int yy_n_chars;		/* number of characters read into yy_ch_buf */
| int yyleng;
| 
| /* Points to current character in buffer. */
| static char *yy_c_buf_p = NULL;
| static int yy_init = 0;		/* whether we need to initialize */
| static int yy_start = 0;	/* start state number */
| 
| /* Flag which is used to allow yywrap()'s to do buffer switches
|  * instead of setting up a fresh yyin.  A bit of a hack ...
|  */
| static int yy_did_buffer_switch_on_eof;
| 
| void yyrestart ( FILE *input_file  );
| void yy_switch_to_buffer ( YY_BUFFER_STATE new_buffer  );
| YY_BUFFER_STATE yy_create_buffer ( FILE *file, int size  );
| void yy_delete_buffer ( YY_BUFFER_STATE b  );
| void yy_flush_buffer ( YY_BUFFER_STATE b  );
| void yypush_buffer_state ( YY_BUFFER_STATE new_buffer  );
| void yypop_buffer_state ( void );
| 
| static void yyensure_buffer_stack ( void );
| static void yy_load_buffer_state ( void );
| static void yy_init_buffer ( YY_BUFFER_STATE b, FILE *file  );
| #define YY_FLUSH_BUFFER yy_flush_buffer( YY_CURRENT_BUFFER )
| 
| YY_BUFFER_STATE yy_scan_buffer ( char *base, yy_size_t size  );
| YY_BUFFER_STATE yy_scan_string ( const char *yy_str  );
| YY_BUFFER_STATE yy_scan_bytes ( const char *bytes, int len  );
| 
| void *yyalloc ( yy_size_t  );
| void *yyrealloc ( void *, yy_size_t  );
| void yyfree ( void *  );
| 
| #define yy_new_buffer yy_create_buffer
| #define yy_set_interactive(is_interactive) \
| 	{ \
| 	if ( ! YY_CURRENT_BUFFER ){ \
|         yyensure_buffer_stack (); \
| 		YY_CURRENT_BUFFER_LVALUE =    \
|             yy_create_buffer( yyin, YY_BUF_SIZE ); \
| 	} \
| 	YY_CURRENT_BUFFER_LVALUE->yy_is_interactive = is_interactive; \
| 	}
| #define yy_set_bol(at_bol) \
| 	{ \
| 	if ( ! YY_CURRENT_BUFFER ){\
|         yyensure_buffer_stack (); \
| 		YY_CURRENT_BUFFER_LVALUE =    \
|             yy_create_buffer( yyin, YY_BUF_SIZE ); \
| 	} \
| 	YY_CURRENT_BUFFER_LVALUE->yy_at_bol = at_bol; \
| 	}
| #define YY_AT_BOL() (YY_CURRENT_BUFFER_LVALUE->yy_at_bol)
| 
| /* Begin user sect3 */
| typedef flex_uint8_t YY_CHAR;
| 
| FILE *yyin = NULL, *yyout = NULL;
| 
| typedef int yy_state_type;
| 
| extern int yylineno;
| int yylineno = 1;
| 
| extern char *yytext;
| #ifdef yytext_ptr
| #undef yytext_ptr
| #endif
| #define yytext_ptr yytext
| 
| static yy_state_type yy_get_previous_state ( void );
| static yy_state_type yy_try_NUL_trans ( yy_state_type current_state  );
| static int yy_get_next_buffer ( void );
| static void yynoreturn yy_fatal_error ( const char* msg  );
| 
| /* Done after the current pattern has been matched and before the
|  * corresponding action - sets up yytext.
|  */
| #define YY_DO_BEFORE_ACTION \
| 	(yytext_ptr) = yy_bp; \
| 	yyleng = (int) (yy_cp - yy_bp); \
| 	(yy_hold_char) = *yy_cp; \
| 	*yy_cp = '\0'; \
| 	(yy_c_buf_p) = yy_cp;
| #define YY_NUM_RULES 1
| #define YY_END_OF_BUFFER 2
| /* This struct is not used in this scanner,
|    but its presence is necessary. */
| struct yy_trans_info
| 	{
| 	flex_int32_t yy_verify;
| 	flex_int32_t yy_nxt;
| 	};
| static const flex_int16_t yy_accept[6] =
|     {   0,
|         0,    0,    2,    1,    0
|     } ;
| 
| static const YY_CHAR yy_ec[256] =
|     {   0,
|         1,    1,    1,    1,    1,    1,    1,    1,    1,    1,
|         1,    1,    1,    1,    1,    1,    1,    1,    1,    1,
|         1,    1,    1,    1,    1,    1,    1,    1,    1,    1,
|         1,    1,    1,    1,    1,    1,    1,    1,    1,    1,
|         1,    1,    1,    1,    1,    1,    1,    1,    1,    1,
|         1,    1,    1,    1,    1,    1,    1,    1,    1,    1,
|         1,    1,    1,    1,    1,    1,    1,    1,    1,    1,
|         1,    1,    1,    1,    1,    1,    1,    1,    1,    1,
|         1,    1,    1,    1,    1,    1,    1,    1,    1,    1,
|         1,    1,    1,    1,    1,    1,    1,    1,    1,    1,
| 
|         1,    1,    1,    1,    1,    1,    1,    1,    1,    1,
|         1,    1,    1,    1,    1,    1,    1,    1,    1,    1,
|         1,    1,    1,    1,    1,    1,    1,    1,    1,    1,
|         1,    1,    1,    1,    1,    1,    1,    1,    1,    1,
|         1,    1,    1,    1,    1,    1,    1,    1,    1,    1,
|         1,    1,    1,    1,    1,    1,    1,    1,    1,    1,
|         1,    1,    1,    1,    1,    1,    1,    1,    1,    1,
|         1,    1,    1,    1,    1,    1,    1,    1,    1,    1,
|         1,    1,    1,    1,    1,    1,    1,    1,    1,    1,
|         1,    1,    1,    1,    1,    1,    1,    1,    1,    1,
| 
|         1,    1,    1,    1,    1,    1,    1,    1,    1,    1,
|         1,    1,    1,    1,    1,    1,    1,    1,    1,    1,
|         1,    1,    1,    1,    1,    1,    1,    1,    1,    1,
|         1,    1,    1,    1,    1,    1,    1,    1,    1,    1,
|         1,    1,    1,    1,    1,    1,    1,    1,    1,    1,
|         1,    1,    1,    1,    1
|     } ;
| 
| static const YY_CHAR yy_meta[2] =
|     {   0,
|         1
|     } ;
| 
| static const flex_int16_t yy_base[7] =
|     {   0,
|         0,    0,    2,    3,    3,    0
|     } ;
| 
| static const flex_int16_t yy_def[7] =
|     {   0,
|         6,    6,    5,    5,    0,    5
|     } ;
| 
| static const flex_int16_t yy_nxt[5] =
|     {   0,
|         4,    5,    3,    5
|     } ;
| 
| static const flex_int16_t yy_chk[5] =
|     {   0,
|         6,    3,    5,    5
|     } ;
| 
| static yy_state_type yy_last_accepting_state;
| static char *yy_last_accepting_cpos;
| 
| extern int yy_flex_debug;
| int yy_flex_debug = 0;
| 
| /* The intent behind this definition is that it'll catch
|  * any uses of REJECT which flex missed.
|  */
| #define REJECT reject_used_but_not_detected
| #define yymore() yymore_used_but_not_detected
| #define YY_MORE_ADJ 0
| #define YY_RESTORE_YY_MORE_OFFSET
| char *yytext;
| #line 1 "conftest.l"
| #line 440 "lex.yy.c"
| 
| #define INITIAL 0
| 
| #ifndef YY_NO_UNISTD_H
| /* Special case for "unistd.h", since it is non-ANSI. We include it way
|  * down here because we want the user's section 1 to have been scanned first.
|  * The user has a chance to override it with an option.
|  */
| #include <unistd.h>
| #endif
| 
| #ifndef YY_EXTRA_TYPE
| #define YY_EXTRA_TYPE void *
| #endif
| 
| static int yy_init_globals ( void );
| 
| /* Accessor methods to globals.
|    These are made visible to non-reentrant scanners for convenience. */
| 
| int yylex_destroy ( void );
| 
| int yyget_debug ( void );
| 
| void yyset_debug ( int debug_flag  );
| 
| YY_EXTRA_TYPE yyget_extra ( void );
| 
| void yyset_extra ( YY_EXTRA_TYPE user_defined  );
| 
| FILE *yyget_in ( void );
| 
| void yyset_in  ( FILE * _in_str  );
| 
| FILE *yyget_out ( void );
| 
| void yyset_out  ( FILE * _out_str  );
| 
| 			int yyget_leng ( void );
| 
| char *yyget_text ( void );
| 
| int yyget_lineno ( void );
| 
| void yyset_lineno ( int _line_number  );
| 
| /* Macros after this point can all be overridden by user definitions in
|  * section 1.
|  */
| 
| #ifndef YY_SKIP_YYWRAP
| #ifdef __cplusplus
| extern "C" int yywrap ( void );
| #else
| extern int yywrap ( void );
| #endif
| #endif
| 
| #ifndef YY_NO_UNPUT
|     
|     static void yyunput ( int c, char *buf_ptr  );
|     
| #endif
| 
| #ifndef yytext_ptr
| static void yy_flex_strncpy ( char *, const char *, int );
| #endif
| 
| #ifdef YY_NEED_STRLEN
| static int yy_flex_strlen ( const char * );
| #endif
| 
| #ifndef YY_NO_INPUT
| #ifdef __cplusplus
| static int yyinput ( void );
| #else
| static int input ( void );
| #endif
| 
| #endif
| 
| /* Amount of stuff to slurp up with each read. */
| #ifndef YY_READ_BUF_SIZE
| #ifdef __ia64__
| /* On IA-64, the buffer size is 16k, not 8k */
| #define YY_READ_BUF_SIZE 16384
| #else
| #define YY_READ_BUF_SIZE 8192
| #endif /* __ia64__ */
| #endif
| 
| /* Copy whatever the last rule matched to the standard output. */
| #ifndef ECHO
| /* This used to be an fputs(), but since the string might contain NUL's,
|  * we now use fwrite().
|  */
| #define ECHO do { if (fwrite( yytext, (size_t) yyleng, 1, yyout )) {} } while (0)
| #endif
| 
| /* Gets input and stuffs it into "buf".  number of characters read, or YY_NULL,
|  * is returned in "result".
|  */
| #ifndef YY_INPUT
| #define YY_INPUT(buf,result,max_size) \
| 	if ( YY_CURRENT_BUFFER_LVALUE->yy_is_interactive ) \
| 		{ \
| 		int c = '*'; \
| 		int n; \
| 		for ( n = 0; n < max_size && \
| 			     (c = getc( yyin )) != EOF && c != '\n'; ++n ) \
| 			buf[n] = (char) c; \
| 		if ( c == '\n' ) \
| 			buf[n++] = (char) c; \
| 		if ( c == EOF && ferror( yyin ) ) \
| 			YY_FATAL_ERROR( "input in flex scanner failed" ); \
| 		result = n; \
| 		} \
| 	else \
| 		{ \
| 		errno=0; \
| 		while ( (result = (int) fread(buf, 1, (yy_size_t) max_size, yyin)) == 0 && ferror(yyin)) \
| 			{ \
| 			if( errno != EINTR) \
| 				{ \
| 				YY_FATAL_ERROR( "input in flex scanner failed" ); \
| 				break; \
| 				} \
| 			errno=0; \
| 			clearerr(yyin); \
| 			} \
| 		}\
| \
| 
| #endif
| 
| /* No semi-colon after return; correct usage is to write "yyterminate();" -
|  * we don't want an extra ';' after the "return" because that will cause
|  * some compilers to complain about unreachable statements.
|  */
| #ifndef yyterminate
| #define yyterminate() return YY_NULL
| #endif
| 
| /* Number of entries by which start-condition stack grows. */
| #ifndef YY_START_STACK_INCR
| #define YY_START_STACK_INCR 25
| #endif
| 
| /* Report a fatal error. */
| #ifndef YY_FATAL_ERROR
| #define YY_FATAL_ERROR(msg) yy_fatal_error( msg )
| #endif
| 
| /* end tables serialization structures and prototypes */
| 
| /* Default declaration of generated scanner - a define so the user can
|  * easily add parameters.
|  */
| #ifndef YY_DECL
| #define YY_DECL_IS_OURS 1
| 
| extern int yylex (void);
| 
| #define YY_DECL int yylex (void)
| #endif /* !YY_DECL */
| 
| /* Code executed at the beginning of each rule, after yytext and yyleng
|  * have been set up.
|  */
| #ifndef YY_USER_ACTION
| #define YY_USER_ACTION
| #endif
| 
| /* Code executed at the end of each rule. */
| #ifndef YY_BREAK
| #define YY_BREAK /*LINTED*/break;
| #endif
| 
| #define YY_RULE_SETUP \
| 	YY_USER_ACTION
| 
| /** The main scanner function which does all the work.
|  */
| YY_DECL
| {
| 	yy_state_type yy_current_state;
| 	char *yy_cp, *yy_bp;
| 	int yy_act;
|     
| 	if ( !(yy_init) )
| 		{
| 		(yy_init) = 1;
| 
| #ifdef YY_USER_INIT
| 		YY_USER_INIT;
| #endif
| 
| 		if ( ! (yy_start) )
| 			(yy_start) = 1;	/* first start state */
| 
| 		if ( ! yyin )
| 			yyin = stdin;
| 
| 		if ( ! yyout )
| 			yyout = stdout;
| 
| 		if ( ! YY_CURRENT_BUFFER ) {
| 			yyensure_buffer_stack ();
| 			YY_CURRENT_BUFFER_LVALUE =
| 				yy_create_buffer( yyin, YY_BUF_SIZE );
| 		}
| 
| 		yy_load_buffer_state(  );
| 		}
| 
| 	{
| #line 1 "conftest.l"
| 
| #line 659 "lex.yy.c"
| 
| 	while ( /*CONSTCOND*/1 )		/* loops until end-of-file is reached */
| 		{
| 		yy_cp = (yy_c_buf_p);
| 
| 		/* Support of yytext. */
| 		*yy_cp = (yy_hold_char);
| 
| 		/* yy_bp points to the position in yy_ch_buf of the start of
| 		 * the current run.
| 		 */
| 		yy_bp = yy_cp;
| 
| 		yy_current_state = (yy_start);
| yy_match:
| 		do
| 			{
| 			YY_CHAR yy_c = yy_ec[YY_SC_TO_UI(*yy_cp)] ;
| 			if ( yy_accept[yy_current_state] )
| 				{
| 				(yy_last_accepting_state) = yy_current_state;
| 				(yy_last_accepting_cpos) = yy_cp;
| 				}
| 			while ( yy_chk[yy_base[yy_current_state] + yy_c] != yy_current_state )
| 				{
| 				yy_current_state = (int) yy_def[yy_current_state];
| 				if ( yy_current_state >= 6 )
| 					yy_c = yy_meta[yy_c];
| 				}
| 			yy_current_state = yy_nxt[yy_base[yy_current_state] + yy_c];
| 			++yy_cp;
| 			}
| 		while ( yy_base[yy_current_state] != 3 );
| 
| yy_find_action:
| 		yy_act = yy_accept[yy_current_state];
| 		if ( yy_act == 0 )
| 			{ /* have to back up */
| 			yy_cp = (yy_last_accepting_cpos);
| 			yy_current_state = (yy_last_accepting_state);
| 			yy_act = yy_accept[yy_current_state];
| 			}
| 
| 		YY_DO_BEFORE_ACTION;
| 
| do_action:	/* This label is used only to access EOF actions. */
| 
| 		switch ( yy_act )
| 	{ /* beginning of action switch */
| 			case 0: /* must back up */
| 			/* undo the effects of YY_DO_BEFORE_ACTION */
| 			*yy_cp = (yy_hold_char);
| 			yy_cp = (yy_last_accepting_cpos);
| 			yy_current_state = (yy_last_accepting_state);
| 			goto yy_find_action;
| 
| case 1:
| YY_RULE_SETUP
| #line 2 "conftest.l"
| ECHO;
| 	YY_BREAK
| #line 721 "lex.yy.c"
| case YY_STATE_EOF(INITIAL):
| 	yyterminate();
| 
| 	case YY_END_OF_BUFFER:
| 		{
| 		/* Amount of text matched not including the EOB char. */
| 		int yy_amount_of_matched_text = (int) (yy_cp - (yytext_ptr)) - 1;
| 
| 		/* Undo the effects of YY_DO_BEFORE_ACTION. */
| 		*yy_cp = (yy_hold_char);
| 		YY_RESTORE_YY_MORE_OFFSET
| 
| 		if ( YY_CURRENT_BUFFER_LVALUE->yy_buffer_status == YY_BUFFER_NEW )
| 			{
| 			/* We're scanning a new file or input source.  It's
| 			 * possible that this happened because the user
| 			 * just pointed yyin at a new source and called
| 			 * yylex().  If so, then we have to assure
| 			 * consistency between YY_CURRENT_BUFFER and our
| 			 * globals.  Here is the right place to do so, because
| 			 * this is the first action (other than possibly a
| 			 * back-up) that will match for the new input source.
| 			 */
| 			(yy_n_chars) = YY_CURRENT_BUFFER_LVALUE->yy_n_chars;
| 			YY_CURRENT_BUFFER_LVALUE->yy_input_file = yyin;
| 			YY_CURRENT_BUFFER_LVALUE->yy_buffer_status = YY_BUFFER_NORMAL;
| 			}
| 
| 		/* Note that here we test for yy_c_buf_p "<=" to the position
| 		 * of the first EOB in the buffer, since yy_c_buf_p will
| 		 * already have been incremented past the NUL character
| 		 * (since all states make transitions on EOB to the
| 		 * end-of-buffer state).  Contrast this with the test
| 		 * in input().
| 		 */
| 		if ( (yy_c_buf_p) <= &YY_CURRENT_BUFFER_LVALUE->yy_ch_buf[(yy_n_chars)] )
| 			{ /* This was really a NUL. */
| 			yy_state_type yy_next_state;
| 
| 			(yy_c_buf_p) = (yytext_ptr) + yy_amount_of_matched_text;
| 
| 			yy_current_state = yy_get_previous_state(  );
| 
| 			/* Okay, we're now positioned to make the NUL
| 			 * transition.  We couldn't have
| 			 * yy_get_previous_state() go ahead and do it
| 			 * for us because it doesn't know how to deal
| 			 * with the possibility of jamming (and we don't
| 			 * want to build jamming into it because then it
| 			 * will run more slowly).
| 			 */
| 
| 			yy_next_state = yy_try_NUL_trans( yy_current_state );
| 
| 			yy_bp = (yytext_ptr) + YY_MORE_ADJ;
| 
| 			if ( yy_next_state )
| 				{
| 				/* Consume the NUL. */
| 				yy_cp = ++(yy_c_buf_p);
| 				yy_current_state = yy_next_state;
| 				goto yy_match;
| 				}
| 
| 			else
| 				{
| 				yy_cp = (yy_c_buf_p);
| 				goto yy_find_action;
| 				}
| 			}
| 
| 		else switch ( yy_get_next_buffer(  ) )
| 			{
| 			case EOB_ACT_END_OF_FILE:
| 				{
| 				(yy_did_buffer_switch_on_eof) = 0;
| 
| 				if ( yywrap(  ) )
| 					{
| 					/* Note: because we've taken care in
| 					 * yy_get_next_buffer() to have set up
| 					 * yytext, we can now set up
| 					 * yy_c_buf_p so that if some total
| 					 * hoser (like flex itself) wants to
| 					 * call the scanner after we return the
| 					 * YY_NULL, it'll still work - another
| 					 * YY_NULL will get returned.
| 					 */
| 					(yy_c_buf_p) = (yytext_ptr) + YY_MORE_ADJ;
| 
| 					yy_act = YY_STATE_EOF(YY_START);
| 					goto do_action;
| 					}
| 
| 				else
| 					{
| 					if ( ! (yy_did_buffer_switch_on_eof) )
| 						YY_NEW_FILE;
| 					}
| 				break;
| 				}
| 
| 			case EOB_ACT_CONTINUE_SCAN:
| 				(yy_c_buf_p) =
| 					(yytext_ptr) + yy_amount_of_matched_text;
| 
| 				yy_current_state = yy_get_previous_state(  );
| 
| 				yy_cp = (yy_c_buf_p);
| 				yy_bp = (yytext_ptr) + YY_MORE_ADJ;
| 				goto yy_match;
| 
| 			case EOB_ACT_LAST_MATCH:
| 				(yy_c_buf_p) =
| 				&YY_CURRENT_BUFFER_LVALUE->yy_ch_buf[(yy_n_chars)];
| 
| 				yy_current_state = yy_get_previous_state(  );
| 
| 				yy_cp = (yy_c_buf_p);
| 				yy_bp = (yytext_ptr) + YY_MORE_ADJ;
| 				goto yy_find_action;
| 			}
| 		break;
| 		}
| 
| 	default:
| 		YY_FATAL_ERROR(
| 			"fatal flex scanner internal error--no action found" );
| 	} /* end of action switch */
| 		} /* end of scanning one token */
| 	} /* end of user's declarations */
| } /* end of yylex */
| 
| /* yy_get_next_buffer - try to read in a new buffer
|  *
|  * Returns a code representing an action:
|  *	EOB_ACT_LAST_MATCH -
|  *	EOB_ACT_CONTINUE_SCAN - continue scanning from current position
|  *	EOB_ACT_END_OF_FILE - end of file
|  */
| static int yy_get_next_buffer (void)
| {
|     	char *dest = YY_CURRENT_BUFFER_LVALUE->yy_ch_buf;
| 	char *source = (yytext_ptr);
| 	int number_to_move, i;
| 	int ret_val;
| 
| 	if ( (yy_c_buf_p) > &YY_CURRENT_BUFFER_LVALUE->yy_ch_buf[(yy_n_chars) + 1] )
| 		YY_FATAL_ERROR(
| 		"fatal flex scanner internal error--end of buffer missed" );
| 
| 	if ( YY_CURRENT_BUFFER_LVALUE->yy_fill_buffer == 0 )
| 		{ /* Don't try to fill the buffer, so this is an EOF. */
| 		if ( (yy_c_buf_p) - (yytext_ptr) - YY_MORE_ADJ == 1 )
| 			{
| 			/* We matched a single character, the EOB, so
| 			 * treat this as a final EOF.
| 			 */
| 			return EOB_ACT_END_OF_FILE;
| 			}
| 
| 		else
| 			{
| 			/* We matched some text prior to the EOB, first
| 			 * process it.
| 			 */
| 			return EOB_ACT_LAST_MATCH;
| 			}
| 		}
| 
| 	/* Try to read more data. */
| 
| 	/* First move last chars to start of buffer. */
| 	number_to_move = (int) ((yy_c_buf_p) - (yytext_ptr) - 1);
| 
| 	for ( i = 0; i < number_to_move; ++i )
| 		*(dest++) = *(source++);
| 
| 	if ( YY_CURRENT_BUFFER_LVALUE->yy_buffer_status == YY_BUFFER_EOF_PENDING )
| 		/* don't do the read, it's not guaranteed to return an EOF,
| 		 * just force an EOF
| 		 */
| 		YY_CURRENT_BUFFER_LVALUE->yy_n_chars = (yy_n_chars) = 0;
| 
| 	else
| 		{
| 			int num_to_read =
| 			YY_CURRENT_BUFFER_LVALUE->yy_buf_size - number_to_move - 1;
| 
| 		while ( num_to_read <= 0 )
| 			{ /* Not enough room in the buffer - grow it. */
| 
| 			/* just a shorter name for the current buffer */
| 			YY_BUFFER_STATE b = YY_CURRENT_BUFFER_LVALUE;
| 
| 			int yy_c_buf_p_offset =
| 				(int) ((yy_c_buf_p) - b->yy_ch_buf);
| 
| 			if ( b->yy_is_our_buffer )
| 				{
| 				int new_size = b->yy_buf_size * 2;
| 
| 				if ( new_size <= 0 )
| 					b->yy_buf_size += b->yy_buf_size / 8;
| 				else
| 					b->yy_buf_size *= 2;
| 
| 				b->yy_ch_buf = (char *)
| 					/* Include room in for 2 EOB chars. */
| 					yyrealloc( (void *) b->yy_ch_buf,
| 							 (yy_size_t) (b->yy_buf_size + 2)  );
| 				}
| 			else
| 				/* Can't grow it, we don't own it. */
| 				b->yy_ch_buf = NULL;
| 
| 			if ( ! b->yy_ch_buf )
| 				YY_FATAL_ERROR(
| 				"fatal error - scanner input buffer overflow" );
| 
| 			(yy_c_buf_p) = &b->yy_ch_buf[yy_c_buf_p_offset];
| 
| 			num_to_read = YY_CURRENT_BUFFER_LVALUE->yy_buf_size -
| 						number_to_move - 1;
| 
| 			}
| 
| 		if ( num_to_read > YY_READ_BUF_SIZE )
| 			num_to_read = YY_READ_BUF_SIZE;
| 
| 		/* Read in more data. */
| 		YY_INPUT( (&YY_CURRENT_BUFFER_LVALUE->yy_ch_buf[number_to_move]),
| 			(yy_n_chars), num_to_read );
| 
| 		YY_CURRENT_BUFFER_LVALUE->yy_n_chars = (yy_n_chars);
| 		}
| 
| 	if ( (yy_n_chars) == 0 )
| 		{
| 		if ( number_to_move == YY_MORE_ADJ )
| 			{
| 			ret_val = EOB_ACT_END_OF_FILE;
| 			yyrestart( yyin  );
| 			}
| 
| 		else
| 			{
| 			ret_val = EOB_ACT_LAST_MATCH;
| 			YY_CURRENT_BUFFER_LVALUE->yy_buffer_status =
| 				YY_BUFFER_EOF_PENDING;
| 			}
| 		}
| 
| 	else
| 		ret_val = EOB_ACT_CONTINUE_SCAN;
| 
| 	if (((yy_n_chars) + number_to_move) > YY_CURRENT_BUFFER_LVALUE->yy_buf_size) {
| 		/* Extend the array by 50%, plus the number we really need. */
| 		int new_size = (yy_n_chars) + number_to_move + ((yy_n_chars) >> 1);
| 		YY_CURRENT_BUFFER_LVALUE->yy_ch_buf = (char *) yyrealloc(
| 			(void *) YY_CURRENT_BUFFER_LVALUE->yy_ch_buf, (yy_size_t) new_size  );
| 		if ( ! YY_CURRENT_BUFFER_LVALUE->yy_ch_buf )
| 			YY_FATAL_ERROR( "out of dynamic memory in yy_get_next_buffer()" );
| 		/* "- 2" to take care of EOB's */
| 		YY_CURRENT_BUFFER_LVALUE->yy_buf_size = (int) (new_size - 2);
| 	}
| 
| 	(yy_n_chars) += number_to_move;
| 	YY_CURRENT_BUFFER_LVALUE->yy_ch_buf[(yy_n_chars)] = YY_END_OF_BUFFER_CHAR;
| 	YY_CURRENT_BUFFER_LVALUE->yy_ch_buf[(yy_n_chars) + 1] = YY_END_OF_BUFFER_CHAR;
| 
| 	(yytext_ptr) = &YY_CURRENT_BUFFER_LVALUE->yy_ch_buf[0];
| 
| 	return ret_val;
| }
| 
| /* yy_get_previous_state - get the state just before the EOB char was reached */
| 
|     static yy_state_type yy_get_previous_state (void)
| {
| 	yy_state_type yy_current_state;
| 	char *yy_cp;
|     
| 	yy_current_state = (yy_start);
| 
| 	for ( yy_cp = (yytext_ptr) + YY_MORE_ADJ; yy_cp < (yy_c_buf_p); ++yy_cp )
| 		{
| 		YY_CHAR yy_c = (*yy_cp ? yy_ec[YY_SC_TO_UI(*yy_cp)] : 1);
| 		if ( yy_accept[yy_current_state] )
| 			{
| 			(yy_last_accepting_state) = yy_current_state;
| 			(yy_last_accepting_cpos) = yy_cp;
| 			}
| 		while ( yy_chk[yy_base[yy_current_state] + yy_c] != yy_current_state )
| 			{
| 			yy_current_state = (int) yy_def[yy_current_state];
| 			if ( yy_current_state >= 6 )
| 				yy_c = yy_meta[yy_c];
| 			}
| 		yy_current_state = yy_nxt[yy_base[yy_current_state] + yy_c];
| 		}
| 
| 	return yy_current_state;
| }
| 
| /* yy_try_NUL_trans - try to make a transition on the NUL character
|  *
|  * synopsis
|  *	next_state = yy_try_NUL_trans( current_state );
|  */
|     static yy_state_type yy_try_NUL_trans  (yy_state_type yy_current_state )
| {
| 	int yy_is_jam;
|     	char *yy_cp = (yy_c_buf_p);
| 
| 	YY_CHAR yy_c = 1;
| 	if ( yy_accept[yy_current_state] )
| 		{
| 		(yy_last_accepting_state) = yy_current_state;
| 		(yy_last_accepting_cpos) = yy_cp;
| 		}
| 	while ( yy_chk[yy_base[yy_current_state] + yy_c] != yy_current_state )
| 		{
| 		yy_current_state = (int) yy_def[yy_current_state];
| 		if ( yy_current_state >= 6 )
| 			yy_c = yy_meta[yy_c];
| 		}
| 	yy_current_state = yy_nxt[yy_base[yy_current_state] + yy_c];
| 	yy_is_jam = (yy_current_state == 5);
| 
| 		return yy_is_jam ? 0 : yy_current_state;
| }
| 
| #ifndef YY_NO_UNPUT
| 
|     static void yyunput (int c, char * yy_bp )
| {
| 	char *yy_cp;
|     
|     yy_cp = (yy_c_buf_p);
| 
| 	/* undo effects of setting up yytext */
| 	*yy_cp = (yy_hold_char);
| 
| 	if ( yy_cp < YY_CURRENT_BUFFER_LVALUE->yy_ch_buf + 2 )
| 		{ /* need to shift things up to make room */
| 		/* +2 for EOB chars. */
| 		int number_to_move = (yy_n_chars) + 2;
| 		char *dest = &YY_CURRENT_BUFFER_LVALUE->yy_ch_buf[
| 					YY_CURRENT_BUFFER_LVALUE->yy_buf_size + 2];
| 		char *source =
| 				&YY_CURRENT_BUFFER_LVALUE->yy_ch_buf[number_to_move];
| 
| 		while ( source > YY_CURRENT_BUFFER_LVALUE->yy_ch_buf )
| 			*--dest = *--source;
| 
| 		yy_cp += (int) (dest - source);
| 		yy_bp += (int) (dest - source);
| 		YY_CURRENT_BUFFER_LVALUE->yy_n_chars =
| 			(yy_n_chars) = (int) YY_CURRENT_BUFFER_LVALUE->yy_buf_size;
| 
| 		if ( yy_cp < YY_CURRENT_BUFFER_LVALUE->yy_ch_buf + 2 )
| 			YY_FATAL_ERROR( "flex scanner push-back overflow" );
| 		}
| 
| 	*--yy_cp = (char) c;
| 
| 	(yytext_ptr) = yy_bp;
| 	(yy_hold_char) = *yy_cp;
| 	(yy_c_buf_p) = yy_cp;
| }
| 
| #endif
| 
| #ifndef YY_NO_INPUT
| #ifdef __cplusplus
|     static int yyinput (void)
| #else
|     static int input  (void)
| #endif
| 
| {
| 	int c;
|     
| 	*(yy_c_buf_p) = (yy_hold_char);
| 
| 	if ( *(yy_c_buf_p) == YY_END_OF_BUFFER_CHAR )
| 		{
| 		/* yy_c_buf_p now points to the character we want to return.
| 		 * If this occurs *before* the EOB characters, then it's a
| 		 * valid NUL; if not, then we've hit the end of the buffer.
| 		 */
| 		if ( (yy_c_buf_p) < &YY_CURRENT_BUFFER_LVALUE->yy_ch_buf[(yy_n_chars)] )
| 			/* This was really a NUL. */
| 			*(yy_c_buf_p) = '\0';
| 
| 		else
| 			{ /* need more input */
| 			int offset = (int) ((yy_c_buf_p) - (yytext_ptr));
| 			++(yy_c_buf_p);
| 
| 			switch ( yy_get_next_buffer(  ) )
| 				{
| 				case EOB_ACT_LAST_MATCH:
| 					/* This happens because yy_g_n_b()
| 					 * sees that we've accumulated a
| 					 * token and flags that we need to
| 					 * try matching the token before
| 					 * proceeding.  But for input(),
| 					 * there's no matching to consider.
| 					 * So convert the EOB_ACT_LAST_MATCH
| 					 * to EOB_ACT_END_OF_FILE.
| 					 */
| 
| 					/* Reset buffer status. */
| 					yyrestart( yyin );
| 
| 					/*FALLTHROUGH*/
| 
| 				case EOB_ACT_END_OF_FILE:
| 					{
| 					if ( yywrap(  ) )
| 						return 0;
| 
| 					if ( ! (yy_did_buffer_switch_on_eof) )
| 						YY_NEW_FILE;
| #ifdef __cplusplus
| 					return yyinput();
| #else
| 					return input();
| #endif
| 					}
| 
| 				case EOB_ACT_CONTINUE_SCAN:
| 					(yy_c_buf_p) = (yytext_ptr) + offset;
| 					break;
| 				}
| 			}
| 		}
| 
| 	c = *(unsigned char *) (yy_c_buf_p);	/* cast for 8-bit char's */
| 	*(yy_c_buf_p) = '\0';	/* preserve yytext */
| 	(yy_hold_char) = *++(yy_c_buf_p);
| 
| 	return c;
| }
| #endif	/* ifndef YY_NO_INPUT */
| 
| /** Immediately switch to a different input stream.
|  * @param input_file A readable stream.
|  * 
|  * @note This function does not reset the start condition to @c INITIAL .
|  */
|     void yyrestart  (FILE * input_file )
| {
|     
| 	if ( ! YY_CURRENT_BUFFER ){
|         yyensure_buffer_stack ();
| 		YY_CURRENT_BUFFER_LVALUE =
|             yy_create_buffer( yyin, YY_BUF_SIZE );
| 	}
| 
| 	yy_init_buffer( YY_CURRENT_BUFFER, input_file );
| 	yy_load_buffer_state(  );
| }
| 
| /** Switch to a different input buffer.
|  * @param new_buffer The new input buffer.
|  * 
|  */
|     void yy_switch_to_buffer  (YY_BUFFER_STATE  new_buffer )
| {
|     
| 	/* TODO. We should be able to replace this entire function body
| 	 * with
| 	 *		yypop_buffer_state();
| 	 *		yypush_buffer_state(new_buffer);
|      */
| 	yyensure_buffer_stack ();
| 	if ( YY_CURRENT_BUFFER == new_buffer )
| 		return;
| 
| 	if ( YY_CURRENT_BUFFER )
| 		{
| 		/* Flush out information for old buffer. */
| 		*(yy_c_buf_p) = (yy_hold_char);
| 		YY_CURRENT_BUFFER_LVALUE->yy_buf_pos = (yy_c_buf_p);
| 		YY_CURRENT_BUFFER_LVALUE->yy_n_chars = (yy_n_chars);
| 		}
| 
| 	YY_CURRENT_BUFFER_LVALUE = new_buffer;
| 	yy_load_buffer_state(  );
| 
| 	/* We don't actually know whether we did this switch during
| 	 * EOF (yywrap()) processing, but the only time this flag
| 	 * is looked at is after yywrap() is called, so it's safe
| 	 * to go ahead and always set it.
| 	 */
| 	(yy_did_buffer_switch_on_eof) = 1;
| }
| 
| static void yy_load_buffer_state  (void)
| {
|     	(yy_n_chars) = YY_CURRENT_BUFFER_LVALUE->yy_n_chars;
| 	(yytext_ptr) = (yy_c_buf_p) = YY_CURRENT_BUFFER_LVALUE->yy_buf_pos;
| 	yyin = YY_CURRENT_BUFFER_LVALUE->yy_input_file;
| 	(yy_hold_char) = *(yy_c_buf_p);
| }
| 
| /** Allocate and initialize an input buffer state.
|  * @param file A readable stream.
|  * @param size The character buffer size in bytes. When in doubt, use @c YY_BUF_SIZE.
|  * 
|  * @return the allocated buffer state.
|  */
|     YY_BUFFER_STATE yy_create_buffer  (FILE * file, int  size )
| {
| 	YY_BUFFER_STATE b;
|     
| 	b = (YY_BUFFER_STATE) yyalloc( sizeof( struct yy_buffer_state )  );
| 	if ( ! b )
| 		YY_FATAL_ERROR( "out of dynamic memory in yy_create_buffer()" );
| 
| 	b->yy_buf_size = size;
| 
| 	/* yy_ch_buf has to be 2 characters longer than the size given because
| 	 * we need to put in 2 end-of-buffer characters.
| 	 */
| 	b->yy_ch_buf = (char *) yyalloc( (yy_size_t) (b->yy_buf_size + 2)  );
| 	if ( ! b->yy_ch_buf )
| 		YY_FATAL_ERROR( "out of dynamic memory in yy_create_buffer()" );
| 
| 	b->yy_is_our_buffer = 1;
| 
| 	yy_init_buffer( b, file );
| 
| 	return b;
| }
| 
| /** Destroy the buffer.
|  * @param b a buffer created with yy_create_buffer()
|  * 
|  */
|     void yy_delete_buffer (YY_BUFFER_STATE  b )
| {
|     
| 	if ( ! b )
| 		return;
| 
| 	if ( b == YY_CURRENT_BUFFER ) /* Not sure if we should pop here. */
| 		YY_CURRENT_BUFFER_LVALUE = (YY_BUFFER_STATE) 0;
| 
| 	if ( b->yy_is_our_buffer )
| 		yyfree( (void *) b->yy_ch_buf  );
| 
| 	yyfree( (void *) b  );
| }
| 
| /* Initializes or reinitializes a buffer.
|  * This function is sometimes called more than once on the same buffer,
|  * such as during a yyrestart() or at EOF.
|  */
|     static void yy_init_buffer  (YY_BUFFER_STATE  b, FILE * file )
| 
| {
| 	int oerrno = errno;
|     
| 	yy_flush_buffer( b );
| 
| 	b->yy_input_file = file;
| 	b->yy_fill_buffer = 1;
| 
|     /* If b is the current buffer, then yy_init_buffer was _probably_
|      * called from yyrestart() or through yy_get_next_buffer.
|      * In that case, we don't want to reset the lineno or column.
|      */
|     if (b != YY_CURRENT_BUFFER){
|         b->yy_bs_lineno = 1;
|         b->yy_bs_column = 0;
|     }
| 
|         b->yy_is_interactive = file ? (isatty( fileno(file) ) > 0) : 0;
|     
| 	errno = oerrno;
| }
| 
| /** Discard all buffered characters. On the next scan, YY_INPUT will be called.
|  * @param b the buffer state to be flushed, usually @c YY_CURRENT_BUFFER.
|  * 
|  */
|     void yy_flush_buffer (YY_BUFFER_STATE  b )
| {
|     	if ( ! b )
| 		return;
| 
| 	b->yy_n_chars = 0;
| 
| 	/* We always need two end-of-buffer characters.  The first causes
| 	 * a transition to the end-of-buffer state.  The second causes
| 	 * a jam in that state.
| 	 */
| 	b->yy_ch_buf[0] = YY_END_OF_BUFFER_CHAR;
| 	b->yy_ch_buf[1] = YY_END_OF_BUFFER_CHAR;
| 
| 	b->yy_buf_pos = &b->yy_ch_buf[0];
| 
| 	b->yy_at_bol = 1;
| 	b->yy_buffer_status = YY_BUFFER_NEW;
| 
| 	if ( b == YY_CURRENT_BUFFER )
| 		yy_load_buffer_state(  );
| }
| 
| /** Pushes the new state onto the stack. The new state becomes
|  *  the current state. This function will allocate the stack
|  *  if necessary.
|  *  @param new_buffer The new state.
|  *  
|  */
| void yypush_buffer_state (YY_BUFFER_STATE new_buffer )
| {
|     	if (new_buffer == NULL)
| 		return;
| 
| 	yyensure_buffer_stack();
| 
| 	/* This block is copied from yy_switch_to_buffer. */
| 	if ( YY_CURRENT_BUFFER )
| 		{
| 		/* Flush out information for old buffer. */
| 		*(yy_c_buf_p) = (yy_hold_char);
| 		YY_CURRENT_BUFFER_LVALUE->yy_buf_pos = (yy_c_buf_p);
| 		YY_CURRENT_BUFFER_LVALUE->yy_n_chars = (yy_n_chars);
| 		}
| 
| 	/* Only push if top exists. Otherwise, replace top. */
| 	if (YY_CURRENT_BUFFER)
| 		(yy_buffer_stack_top)++;
| 	YY_CURRENT_BUFFER_LVALUE = new_buffer;
| 
| 	/* copied from yy_switch_to_buffer. */
| 	yy_load_buffer_state(  );
| 	(yy_did_buffer_switch_on_eof) = 1;
| }
| 
| /** Removes and deletes the top of the stack, if present.
|  *  The next element becomes the new top.
|  *  
|  */
| void yypop_buffer_state (void)
| {
|     	if (!YY_CURRENT_BUFFER)
| 		return;
| 
| 	yy_delete_buffer(YY_CURRENT_BUFFER );
| 	YY_CURRENT_BUFFER_LVALUE = NULL;
| 	if ((yy_buffer_stack_top) > 0)
| 		--(yy_buffer_stack_top);
| 
| 	if (YY_CURRENT_BUFFER) {
| 		yy_load_buffer_state(  );
| 		(yy_did_buffer_switch_on_eof) = 1;
| 	}
| }
| 
| /* Allocates the stack if it does not exist.
|  *  Guarantees space for at least one push.
|  */
| static void yyensure_buffer_stack (void)
| {
| 	yy_size_t num_to_alloc;
|     
| 	if (!(yy_buffer_stack)) {
| 
| 		/* First allocation is just for 2 elements, since we don't know if this
| 		 * scanner will even need a stack. We use 2 instead of 1 to avoid an
| 		 * immediate realloc on the next call.
|          */
|       num_to_alloc = 1; /* After all that talk, this was set to 1 anyways... */
| 		(yy_buffer_stack) = (struct yy_buffer_state**)yyalloc
| 								(num_to_alloc * sizeof(struct yy_buffer_state*)
| 								);
| 		if ( ! (yy_buffer_stack) )
| 			YY_FATAL_ERROR( "out of dynamic memory in yyensure_buffer_stack()" );
| 
| 		memset((yy_buffer_stack), 0, num_to_alloc * sizeof(struct yy_buffer_state*));
| 
| 		(yy_buffer_stack_max) = num_to_alloc;
| 		(yy_buffer_stack_top) = 0;
| 		return;
| 	}
| 
| 	if ((yy_buffer_stack_top) >= ((yy_buffer_stack_max)) - 1){
| 
| 		/* Increase the buffer to prepare for a possible push. */
| 		yy_size_t grow_size = 8 /* arbitrary grow size */;
| 
| 		num_to_alloc = (yy_buffer_stack_max) + grow_size;
| 		(yy_buffer_stack) = (struct yy_buffer_state**)yyrealloc
| 								((yy_buffer_stack),
| 								num_to_alloc * sizeof(struct yy_buffer_state*)
| 								);
| 		if ( ! (yy_buffer_stack) )
| 			YY_FATAL_ERROR( "out of dynamic memory in yyensure_buffer_stack()" );
| 
| 		/* zero only the new slots.*/
| 		memset((yy_buffer_stack) + (yy_buffer_stack_max), 0, grow_size * sizeof(struct yy_buffer_state*));
| 		(yy_buffer_stack_max) = num_to_alloc;
| 	}
| }
| 
| /** Setup the input buffer state to scan directly from a user-specified character buffer.
|  * @param base the character buffer
|  * @param size the size in bytes of the character buffer
|  * 
|  * @return the newly allocated buffer state object.
|  */
| YY_BUFFER_STATE yy_scan_buffer  (char * base, yy_size_t  size )
| {
| 	YY_BUFFER_STATE b;
|     
| 	if ( size < 2 ||
| 	     base[size-2] != YY_END_OF_BUFFER_CHAR ||
| 	     base[size-1] != YY_END_OF_BUFFER_CHAR )
| 		/* They forgot to leave room for the EOB's. */
| 		return NULL;
| 
| 	b = (YY_BUFFER_STATE) yyalloc( sizeof( struct yy_buffer_state )  );
| 	if ( ! b )
| 		YY_FATAL_ERROR( "out of dynamic memory in yy_scan_buffer()" );
| 
| 	b->yy_buf_size = (int) (size - 2);	/* "- 2" to take care of EOB's */
| 	b->yy_buf_pos = b->yy_ch_buf = base;
| 	b->yy_is_our_buffer = 0;
| 	b->yy_input_file = NULL;
| 	b->yy_n_chars = b->yy_buf_size;
| 	b->yy_is_interactive = 0;
| 	b->yy_at_bol = 1;
| 	b->yy_fill_buffer = 0;
| 	b->yy_buffer_status = YY_BUFFER_NEW;
| 
| 	yy_switch_to_buffer( b  );
| 
| 	return b;
| }
| 
| /** Setup the input buffer state to scan a string. The next call to yylex() will
|  * scan from a @e copy of @a str.
|  * @param yystr a NUL-terminated string to scan
|  * 
|  * @return the newly allocated buffer state object.
|  * @note If you want to scan bytes that may contain NUL values, then use
|  *       yy_scan_bytes() instead.
|  */
| YY_BUFFER_STATE yy_scan_string (const char * yystr )
| {
|     
| 	return yy_scan_bytes( yystr, (int) strlen(yystr) );
| }
| 
| /** Setup the input buffer state to scan the given bytes. The next call to yylex() will
|  * scan from a @e copy of @a bytes.
|  * @param yybytes the byte buffer to scan
|  * @param _yybytes_len the number of bytes in the buffer pointed to by @a bytes.
|  * 
|  * @return the newly allocated buffer state object.
|  */
| YY_BUFFER_STATE yy_scan_bytes  (const char * yybytes, int  _yybytes_len )
| {
| 	YY_BUFFER_STATE b;
| 	char *buf;
| 	yy_size_t n;
| 	int i;
|     
| 	/* Get memory for full buffer, including space for trailing EOB's. */
| 	n = (yy_size_t) (_yybytes_len + 2);
| 	buf = (char *) yyalloc( n  );
| 	if ( ! buf )
| 		YY_FATAL_ERROR( "out of dynamic memory in yy_scan_bytes()" );
| 
| 	for ( i = 0; i < _yybytes_len; ++i )
| 		buf[i] = yybytes[i];
| 
| 	buf[_yybytes_len] = buf[_yybytes_len+1] = YY_END_OF_BUFFER_CHAR;
| 
| 	b = yy_scan_buffer( buf, n );
| 	if ( ! b )
| 		YY_FATAL_ERROR( "bad buffer in yy_scan_bytes()" );
| 
| 	/* It's okay to grow etc. this buffer, and we should throw it
| 	 * away when we're done.
| 	 */
| 	b->yy_is_our_buffer = 1;
| 
| 	return b;
| }
| 
| #ifndef YY_EXIT_FAILURE
| #define YY_EXIT_FAILURE 2
| #endif
| 
| static void yynoreturn yy_fatal_error (const char* msg )
| {
| 			fprintf( stderr, "%s\n", msg );
| 	exit( YY_EXIT_FAILURE );
| }
| 
| /* Redefine yyless() so it works in section 3 code. */
| 
| #undef yyless
| #define yyless(n) \
| 	do \
| 		{ \
| 		/* Undo effects of setting up yytext. */ \
|         int yyless_macro_arg = (n); \
|         YY_LESS_LINENO(yyless_macro_arg);\
| 		yytext[yyleng] = (yy_hold_char); \
| 		(yy_c_buf_p) = yytext + yyless_macro_arg; \
| 		(yy_hold_char) = *(yy_c_buf_p); \
| 		*(yy_c_buf_p) = '\0'; \
| 		yyleng = yyless_macro_arg; \
| 		} \
| 	while ( 0 )
| 
| /* Accessor  methods (get/set functions) to struct members. */
| 
| /** Get the current line number.
|  * 
|  */
| int yyget_lineno  (void)
| {
|     
|     return yylineno;
| }
| 
| /** Get the input stream.
|  * 
|  */
| FILE *yyget_in  (void)
| {
|         return yyin;
| }
| 
| /** Get the output stream.
|  * 
|  */
| FILE *yyget_out  (void)
| {
|         return yyout;
| }
| 
| /** Get the length of the current token.
|  * 
|  */
| int yyget_leng  (void)
| {
|         return yyleng;
| }
| 
| /** Get the current token.
|  * 
|  */
| 
| char *yyget_text  (void)
| {
|         return yytext;
| }
| 
| /** Set the current line number.
|  * @param _line_number line number
|  * 
|  */
| void yyset_lineno (int  _line_number )
| {
|     
|     yylineno = _line_number;
| }
| 
| /** Set the input stream. This does not discard the current
|  * input buffer.
|  * @param _in_str A readable stream.
|  * 
|  * @see yy_switch_to_buffer
|  */
| void yyset_in (FILE *  _in_str )
| {
|         yyin = _in_str ;
| }
| 
| void yyset_out (FILE *  _out_str )
| {
|         yyout = _out_str ;
| }
| 
| int yyget_debug  (void)
| {
|         return yy_flex_debug;
| }
| 
| void yyset_debug (int  _bdebug )
| {
|         yy_flex_debug = _bdebug ;
| }
| 
| static int yy_init_globals (void)
| {
|         /* Initialization is the same as for the non-reentrant scanner.
|      * This function is called from yylex_destroy(), so don't allocate here.
|      */
| 
|     (yy_buffer_stack) = NULL;
|     (yy_buffer_stack_top) = 0;
|     (yy_buffer_stack_max) = 0;
|     (yy_c_buf_p) = NULL;
|     (yy_init) = 0;
|     (yy_start) = 0;
| 
| /* Defined in main.c */
| #ifdef YY_STDINIT
|     yyin = stdin;
|     yyout = stdout;
| #else
|     yyin = NULL;
|     yyout = NULL;
| #endif
| 
|     /* For future reference: Set errno on error, since we are called by
|      * yylex_init()
|      */
|     return 0;
| }
| 
| /* yylex_destroy is for both reentrant and non-reentrant scanners. */
| int yylex_destroy  (void)
| {
|     
|     /* Pop the buffer stack, destroying each element. */
| 	while(YY_CURRENT_BUFFER){
| 		yy_delete_buffer( YY_CURRENT_BUFFER  );
| 		YY_CURRENT_BUFFER_LVALUE = NULL;
| 		yypop_buffer_state();
| 	}
| 
| 	/* Destroy the stack itself. */
| 	yyfree((yy_buffer_stack) );
| 	(yy_buffer_stack) = NULL;
| 
|     /* Reset the globals. This is important in a non-reentrant scanner so the next time
|      * yylex() is called, initialization will occur. */
|     yy_init_globals( );
| 
|     return 0;
| }
| 
| /*
|  * Internal utility routines.
|  */
| 
| #ifndef yytext_ptr
| static void yy_flex_strncpy (char* s1, const char * s2, int n )
| {
| 		
| 	int i;
| 	for ( i = 0; i < n; ++i )
| 		s1[i] = s2[i];
| }
| #endif
| 
| #ifdef YY_NEED_STRLEN
| static int yy_flex_strlen (const char * s )
| {
| 	int n;
| 	for ( n = 0; s[n]; ++n )
| 		;
| 
| 	return n;
| }
| #endif
| 
| void *yyalloc (yy_size_t  size )
| {
| 			return malloc(size);
| }
| 
| void *yyrealloc  (void * ptr, yy_size_t  size )
| {
| 		
| 	/* The cast to (char *) in the following accommodates both
| 	 * implementations that use char* generic pointers, and those
| 	 * that use void* generic pointers.  It works with the latter
| 	 * because both ANSI C and C++ allow castless assignment from
| 	 * any pointer type to void*, and deal with argument conversions
| 	 * as though doing an assignment.
| 	 */
| 	return realloc(ptr, size);
| }
| 
| void yyfree (void * ptr )
| {
| 			free( (char *) ptr );	/* see yyrealloc() for (char *) cast */
| }
| 
| #define YYTABLES_NAME "yytables"
| 
| #line 2 "conftest.l"
| 
| 
| extern char *yytext;
configure:11531: result: no
configure:11546: checking whether to enable maintainer-specific portions of Makefiles
configure:11555: result: no
configure:11599: checking for string.h
configure:11604: result: yes
configure:11599: checking for strings.h
configure:11604: result: yes
configure:11599: checking for stdlib.h
configure:11604: result: yes
configure:11599: checking for unistd.h
configure:11604: result: yes
configure:11608: checking elf-hints.h usability
configure:11620: gcc -c -g -O2  conftest.c >&5
conftest.c:68:10: fatal error: elf-hints.h: No such file or directory
 #include <elf-hints.h>
          ^~~~~~~~~~~~~
compilation terminated.
configure:11626: $? = 1
configure: failed program was:
| /* confdefs.h.  */
| 
| #define PACKAGE_NAME ""
| #define PACKAGE_TARNAME ""
| #define PACKAGE_VERSION ""
| #define PACKAGE_STRING ""
| #define PACKAGE_BUGREPORT ""
| #define PACKAGE "ld"
| #define VERSION "2.19.1"
| #define GOT_HANDLING_DEFAULT GOT_HANDLING_TARGET_DEFAULT
| #define _GNU_SOURCE 1
| #define STDC_HEADERS 1
| #define HAVE_SYS_TYPES_H 1
| #define HAVE_SYS_STAT_H 1
| #define HAVE_STDLIB_H 1
| #define HAVE_STRING_H 1
| #define HAVE_MEMORY_H 1
| #define HAVE_STRINGS_H 1
| #define HAVE_INTTYPES_H 1
| #define HAVE_STDINT_H 1
| #define HAVE_UNISTD_H 1
| #define __EXTENSIONS__ 1
| #define _ALL_SOURCE 1
| #define _GNU_SOURCE 1
| #define _POSIX_PTHREAD_SEMANTICS 1
| #define _TANDEM_SOURCE 1
| #define HAVE_DLFCN_H 1
| #define LT_OBJDIR ".libs/"
| #define HAVE_STRING_H 1
| #define HAVE_STRINGS_H 1
| #define HAVE_STDLIB_H 1
| #define HAVE_UNISTD_H 1
| /* end confdefs.h.  */
| #include <stdio.h>
| #if HAVE_SYS_TYPES_H
| # include <sys/types.h>
| #endif
| #if HAVE_SYS_STAT_H
| # include <sys/stat.h>
| #endif
| #if STDC_HEADERS
| # include <stdlib.h>
| # include <stddef.h>
| #else
| # if HAVE_STDLIB_H
| #  include <stdlib.h>
| # endif
| #endif
| #if HAVE_STRING_H
| # if !STDC_HEADERS && HAVE_MEMORY_H
| #  include <memory.h>
| # endif
| # include <string.h>
| #endif
| #if HAVE_STRINGS_H
| # include <strings.h>
| #endif
| #if HAVE_INTTYPES_H
| # include <inttypes.h>
| #else
| # if HAVE_STDINT_H
| #  include <stdint.h>
| # endif
| #endif
| #if HAVE_UNISTD_H
| # include <unistd.h>
| #endif
| #include <elf-hints.h>
configure:11649: result: no
configure:11653: checking elf-hints.h presence
configure:11663: gcc -E  conftest.c
conftest.c:34:10: fatal error: elf-hints.h: No such file or directory
 #include <elf-hints.h>
          ^~~~~~~~~~~~~
compilation terminated.
configure:11669: $? = 1
configure: failed program was:
| /* confdefs.h.  */
| 
| #define PACKAGE_NAME ""
| #define PACKAGE_TARNAME ""
| #define PACKAGE_VERSION ""
| #define PACKAGE_STRING ""
| #define PACKAGE_BUGREPORT ""
| #define PACKAGE "ld"
| #define VERSION "2.19.1"
| #define GOT_HANDLING_DEFAULT GOT_HANDLING_TARGET_DEFAULT
| #define _GNU_SOURCE 1
| #define STDC_HEADERS 1
| #define HAVE_SYS_TYPES_H 1
| #define HAVE_SYS_STAT_H 1
| #define HAVE_STDLIB_H 1
| #define HAVE_STRING_H 1
| #define HAVE_MEMORY_H 1
| #define HAVE_STRINGS_H 1
| #define HAVE_INTTYPES_H 1
| #define HAVE_STDINT_H 1
| #define HAVE_UNISTD_H 1
| #define __EXTENSIONS__ 1
| #define _ALL_SOURCE 1
| #define _GNU_SOURCE 1
| #define _POSIX_PTHREAD_SEMANTICS 1
| #define _TANDEM_SOURCE 1
| #define HAVE_DLFCN_H 1
| #define LT_OBJDIR ".libs/"
| #define HAVE_STRING_H 1
| #define HAVE_STRINGS_H 1
| #define HAVE_STDLIB_H 1
| #define HAVE_UNISTD_H 1
| /* end confdefs.h.  */
| #include <elf-hints.h>
configure:11689: result: no
configure:11724: checking for elf-hints.h
configure:11731: result: no
configure:11608: checking limits.h usability
configure:11620: gcc -c -g -O2  conftest.c >&5
configure:11626: $? = 0
configure:11630: test -z 
			 || test ! -s conftest.err
configure:11633: $? = 0
configure:11636: test -s conftest.o
configure:11639: $? = 0
configure:11649: result: yes
configure:11653: checking limits.h presence
configure:11663: gcc -E  conftest.c
configure:11669: $? = 0
configure:11689: result: yes
configure:11724: checking for limits.h
configure:11731: result: yes
configure:11608: checking sys/param.h usability
configure:11620: gcc -c -g -O2  conftest.c >&5
configure:11626: $? = 0
configure:11630: test -z 
			 || test ! -s conftest.err
configure:11633: $? = 0
configure:11636: test -s conftest.o
configure:11639: $? = 0
configure:11649: result: yes
configure:11653: checking sys/param.h presence
configure:11663: gcc -E  conftest.c
configure:11669: $? = 0
configure:11689: result: yes
configure:11724: checking for sys/param.h
configure:11731: result: yes
configure:11752: checking for glob
configure:11809: gcc -o conftest -g -O2   conftest.c  >&5
configure:11815: $? = 0
configure:11819: test -z 
			 || test ! -s conftest.err
configure:11822: $? = 0
configure:11825: test -s conftest
configure:11828: $? = 0
configure:11840: result: yes
configure:11752: checking for mkstemp
configure:11809: gcc -o conftest -g -O2   conftest.c  >&5
configure:11815: $? = 0
configure:11819: test -z 
			 || test ! -s conftest.err
configure:11822: $? = 0
configure:11825: test -s conftest
configure:11828: $? = 0
configure:11840: result: yes
configure:11752: checking for realpath
configure:11809: gcc -o conftest -g -O2   conftest.c  >&5
configure:11815: $? = 0
configure:11819: test -z 
			 || test ! -s conftest.err
configure:11822: $? = 0
configure:11825: test -s conftest
configure:11828: $? = 0
configure:11840: result: yes
configure:11752: checking for sbrk
configure:11809: gcc -o conftest -g -O2   conftest.c  >&5
configure:11815: $? = 0
configure:11819: test -z 
			 || test ! -s conftest.err
configure:11822: $? = 0
configure:11825: test -s conftest
configure:11828: $? = 0
configure:11840: result: yes
configure:11752: checking for waitpid
configure:11809: gcc -o conftest -g -O2   conftest.c  >&5
configure:11815: $? = 0
configure:11819: test -z 
			 || test ! -s conftest.err
configure:11822: $? = 0
configure:11825: test -s conftest
configure:11828: $? = 0
configure:11840: result: yes
configure:11858: checking for dirent.h that defines DIR
configure:11882: gcc -c -g -O2  conftest.c >&5
configure:11888: $? = 0
configure:11892: test -z 
			 || test ! -s conftest.err
configure:11895: $? = 0
configure:11898: test -s conftest.o
configure:11901: $? = 0
configure:11912: result: yes
configure:11925: checking for library containing opendir
configure:11955: gcc -o conftest -g -O2   conftest.c  >&5
configure:11961: $? = 0
configure:11965: test -z 
			 || test ! -s conftest.err
configure:11968: $? = 0
configure:11971: test -s conftest
configure:11974: $? = 0
configure:12044: result: none required
configure:12181: checking for a known getopt prototype in unistd.h
configure:12202: gcc -c -g -O2  conftest.c >&5
configure:12208: $? = 0
configure:12212: test -z 
			 || test ! -s conftest.err
configure:12215: $? = 0
configure:12218: test -s conftest.o
configure:12221: $? = 0
configure:12233: result: yes
configure:12253: checking whether strstr is declared
configure:12277: gcc -c -g -O2  conftest.c >&5
configure:12283: $? = 0
configure:12287: test -z 
			 || test ! -s conftest.err
configure:12290: $? = 0
configure:12293: test -s conftest.o
configure:12296: $? = 0
configure:12307: result: yes
configure:12323: checking whether free is declared
configure:12347: gcc -c -g -O2  conftest.c >&5
configure:12353: $? = 0
configure:12357: test -z 
			 || test ! -s conftest.err
configure:12360: $? = 0
configure:12363: test -s conftest.o
configure:12366: $? = 0
configure:12377: result: yes
configure:12393: checking whether sbrk is declared
configure:12417: gcc -c -g -O2  conftest.c >&5
configure:12423: $? = 0
configure:12427: test -z 
			 || test ! -s conftest.err
configure:12430: $? = 0
configure:12433: test -s conftest.o
configure:12436: $? = 0
configure:12447: result: yes
configure:12463: checking whether getenv is declared
configure:12487: gcc -c -g -O2  conftest.c >&5
configure:12493: $? = 0
configure:12497: test -z 
			 || test ! -s conftest.err
configure:12500: $? = 0
configure:12503: test -s conftest.o
configure:12506: $? = 0
configure:12517: result: yes
configure:12533: checking whether environ is declared
configure:12557: gcc -c -g -O2  conftest.c >&5
configure:12563: $? = 0
configure:12567: test -z 
			 || test ! -s conftest.err
configure:12570: $? = 0
configure:12573: test -s conftest.o
configure:12576: $? = 0
configure:12587: result: yes
configure:12608: checking for library containing zlibVersion
configure:12638: gcc -o conftest -g -O2   conftest.c  >&5
/tmp/ccbot8xz.o: In function `main':
/home/takayuki/home2/work/h8_micon/env/binutils-2.19.1/ld/conftest.c:59: undefined reference to `zlibVersion'
collect2: error: ld returned 1 exit status
configure:12644: $? = 1
configure: failed program was:
| /* confdefs.h.  */
| 
| #define PACKAGE_NAME ""
| #define PACKAGE_TARNAME ""
| #define PACKAGE_VERSION ""
| #define PACKAGE_STRING ""
| #define PACKAGE_BUGREPORT ""
| #define PACKAGE "ld"
| #define VERSION "2.19.1"
| #define GOT_HANDLING_DEFAULT GOT_HANDLING_TARGET_DEFAULT
| #define _GNU_SOURCE 1
| #define STDC_HEADERS 1
| #define HAVE_SYS_TYPES_H 1
| #define HAVE_SYS_STAT_H 1
| #define HAVE_STDLIB_H 1
| #define HAVE_STRING_H 1
| #define HAVE_MEMORY_H 1
| #define HAVE_STRINGS_H 1
| #define HAVE_INTTYPES_H 1
| #define HAVE_STDINT_H 1
| #define HAVE_UNISTD_H 1
| #define __EXTENSIONS__ 1
| #define _ALL_SOURCE 1
| #define _GNU_SOURCE 1
| #define _POSIX_PTHREAD_SEMANTICS 1
| #define _TANDEM_SOURCE 1
| #define HAVE_DLFCN_H 1
| #define LT_OBJDIR ".libs/"
| #define HAVE_STRING_H 1
| #define HAVE_STRINGS_H 1
| #define HAVE_STDLIB_H 1
| #define HAVE_UNISTD_H 1
| #define HAVE_LIMITS_H 1
| #define HAVE_SYS_PARAM_H 1
| #define HAVE_GLOB 1
| #define HAVE_MKSTEMP 1
| #define HAVE_REALPATH 1
| #define HAVE_SBRK 1
| #define HAVE_WAITPID 1
| #define HAVE_DIRENT_H 1
| #define HAVE_DECL_GETOPT 1
| #define HAVE_DECL_STRSTR 1
| #define HAVE_DECL_FREE 1
| #define HAVE_DECL_SBRK 1
| #define HAVE_DECL_GETENV 1
| #define HAVE_DECL_ENVIRON 1
| /* end confdefs.h.  */
| 
| /* Override any gcc2 internal prototype to avoid an error.  */
| #ifdef __cplusplus
| extern "C"
| #endif
| /* We use char because int might match the return type of a gcc2
|    builtin and then its argument prototype would still apply.  */
| char zlibVersion ();
| int
| main ()
| {
| zlibVersion ();
|   ;
|   return 0;
| }
configure:12693: gcc -o conftest -g -O2   conftest.c -lz   >&5
configure:12699: $? = 0
configure:12703: test -z 
			 || test ! -s conftest.err
configure:12706: $? = 0
configure:12709: test -s conftest
configure:12712: $? = 0
configure:12727: result: -lz
configure:12745: checking zlib.h usability
configure:12757: gcc -c -g -O2  conftest.c >&5
configure:12763: $? = 0
configure:12767: test -z 
			 || test ! -s conftest.err
configure:12770: $? = 0
configure:12773: test -s conftest.o
configure:12776: $? = 0
configure:12786: result: yes
configure:12790: checking zlib.h presence
configure:12800: gcc -E  conftest.c
configure:12806: $? = 0
configure:12826: result: yes
configure:12861: checking for zlib.h
configure:12868: result: yes
configure:12890: checking whether ANSI C string concatenation works
configure:12911: gcc -c -g -O2  conftest.c >&5
configure:12917: $? = 0
configure:12921: test -z 
			 || test ! -s conftest.err
configure:12924: $? = 0
configure:12927: test -s conftest.o
configure:12930: $? = 0
configure:12942: result: yes
configure:13627: creating ./config.status

## ---------------------- ##
## Running config.status. ##
## ---------------------- ##

This file was extended by config.status, which was
generated by GNU Autoconf 2.59.  Invocation command line was

  CONFIG_FILES    = 
  CONFIG_HEADERS  = 
  CONFIG_LINKS    = 
  CONFIG_COMMANDS = 
  $ ./config.status 

on ArchLinux

config.status:947: creating Makefile
config.status:947: creating po/Makefile.in
config.status:1044: creating config.h
config.status:1404: executing depfiles commands
config.status:1404: executing libtool commands
config.status:1404: executing default-1 commands

## ---------------- ##
## Cache variables. ##
## ---------------- ##

ac_cv_build=x86_64-unknown-linux-gnu
ac_cv_build_alias=x86_64-unknown-linux-gnu
ac_cv_c_compiler_gnu=yes
ac_cv_env_CC_set=set
ac_cv_env_CC_value=gcc
ac_cv_env_CFLAGS_set=set
ac_cv_env_CFLAGS_value='-g -O2'
ac_cv_env_CPPFLAGS_set=
ac_cv_env_CPPFLAGS_value=
ac_cv_env_CPP_set=
ac_cv_env_CPP_value=
ac_cv_env_LDFLAGS_set=set
ac_cv_env_LDFLAGS_value=
ac_cv_env_build_alias_set=set
ac_cv_env_build_alias_value=x86_64-unknown-linux-gnu
ac_cv_env_host_alias_set=set
ac_cv_env_host_alias_value=x86_64-unknown-linux-gnu
ac_cv_env_target_alias_set=set
ac_cv_env_target_alias_value=h8300-elf
ac_cv_exeext=
ac_cv_func_glob=yes
ac_cv_func_mkstemp=yes
ac_cv_func_realpath=yes
ac_cv_func_sbrk=yes
ac_cv_func_waitpid=yes
ac_cv_have_decl_environ=yes
ac_cv_have_decl_free=yes
ac_cv_have_decl_getenv=yes
ac_cv_have_decl_sbrk=yes
ac_cv_have_decl_strstr=yes
ac_cv_header_dirent_dirent_h=yes
ac_cv_header_dlfcn_h=yes
ac_cv_header_elf_hints_h=no
ac_cv_header_inttypes_h=yes
ac_cv_header_limits_h=yes
ac_cv_header_memory_h=yes
ac_cv_header_minix_config_h=no
ac_cv_header_stdc=yes
ac_cv_header_stdint_h=yes
ac_cv_header_stdlib_h=yes
ac_cv_header_string_h=yes
ac_cv_header_strings_h=yes
ac_cv_header_sys_param_h=yes
ac_cv_header_sys_stat_h=yes
ac_cv_header_sys_types_h=yes
ac_cv_header_unistd_h=yes
ac_cv_header_zlib_h=yes
ac_cv_host=x86_64-unknown-linux-gnu
ac_cv_host_alias=x86_64-unknown-linux-gnu
ac_cv_lib_fl_yywrap=no
ac_cv_lib_l_yywrap=no
ac_cv_objext=o
ac_cv_path_GMSGFMT=/usr/bin/msgfmt
ac_cv_path_MSGFMT=/usr/bin/msgfmt
ac_cv_path_MSGMERGE=/usr/bin/msgmerge
ac_cv_path_XGETTEXT=/usr/bin/xgettext
ac_cv_prog_AR=ar
ac_cv_prog_AWK=gawk
ac_cv_prog_CC=gcc
ac_cv_prog_CPP='gcc -E'
ac_cv_prog_LEX=flex
ac_cv_prog_RANLIB=ranlib
ac_cv_prog_YACC='bison -y'
ac_cv_prog_ac_ct_STRIP=strip
ac_cv_prog_cc_g=yes
ac_cv_prog_cc_stdc=
ac_cv_prog_egrep='grep -E'
ac_cv_prog_fgrep='grep -F'
ac_cv_prog_lex_root=lex.yy
ac_cv_prog_lex_yytext_pointer=no
ac_cv_prog_make_make_set=yes
ac_cv_safe_to_define___extensions__=yes
ac_cv_search_opendir='none required'
ac_cv_search_strerror='none required'
ac_cv_search_zlibVersion=-lz
ac_cv_target=h8300-unknown-elf
ac_cv_target_alias=h8300-elf
am_cv_CC_dependencies_compiler_type=gcc3
ld_cv_decl_getopt_unistd_h=yes
ld_cv_string_concatenation=yes
lt_cv_deplibs_check_method=pass_all
lt_cv_file_magic_cmd='$MAGIC_CMD'
lt_cv_file_magic_test_file=
lt_cv_ld_reload_flag=-r
lt_cv_nm_interface='BSD nm'
lt_cv_objdir=.libs
lt_cv_path_LD=ld
lt_cv_path_NM=nm
lt_cv_path_SED=/usr/bin/sed
lt_cv_prog_compiler_c_o=yes
lt_cv_prog_compiler_rtti_exceptions=no
lt_cv_prog_gnu_ld=yes
lt_cv_sys_global_symbol_pipe='sed -n -e '\''s/^.*[	 ]\([ABCDGIRSTW][ABCDGIRSTW]*\)[	 ][	 ]*\([_A-Za-z][_A-Za-z0-9]*\)$/\1 \2 \2/p'\'''
lt_cv_sys_global_symbol_to_c_name_address='sed -n -e '\''s/^: \([^ ]*\) $/  {\"\1\", (void *) 0},/p'\'' -e '\''s/^[ABCDGIRSTW]* \([^ ]*\) \([^ ]*\)$/  {"\2", (void *) \&\2},/p'\'''
lt_cv_sys_global_symbol_to_cdecl='sed -n -e '\''s/^T .* \(.*\)$/extern int \1();/p'\'' -e '\''s/^[ABCDGIRSTW]* .* \(.*\)$/extern char \1;/p'\'''
lt_cv_sys_max_cmd_len=1572864

## ----------------- ##
## Output variables. ##
## ----------------- ##

ACLOCAL='${SHELL} /home/takayuki/home2/work/h8_micon/env/binutils-2.19.1/missing --run aclocal-1.9'
AMDEPBACKSLASH='\'
AMDEP_FALSE='#'
AMDEP_TRUE=''
AMTAR='${SHELL} /home/takayuki/home2/work/h8_micon/env/binutils-2.19.1/missing --run tar'
AR='ar'
AUTOCONF='${SHELL} /home/takayuki/home2/work/h8_micon/env/binutils-2.19.1/missing --run autoconf'
AUTOHEADER='${SHELL} /home/takayuki/home2/work/h8_micon/env/binutils-2.19.1/missing --run autoheader'
AUTOMAKE='${SHELL} /home/takayuki/home2/work/h8_micon/env/binutils-2.19.1/missing --run automake-1.9'
AWK='gawk'
CATALOGS=''
CATOBJEXT=''
CC='gcc'
CCDEPMODE='depmode=gcc3'
CFLAGS='-g -O2'
CPP='gcc -E'
CPPFLAGS=''
CYGPATH_W='echo'
DATADIRNAME=''
DEFS='-DHAVE_CONFIG_H'
DEPDIR='.deps'
DUMPBIN=''
ECHO_C=''
ECHO_N='-n'
ECHO_T=''
EGREP='grep -E'
EMUL='h8300elf'
EMULATION_LIBPATH='h8300elf'
EMULATION_OFILES=' eh8300elf.o eh8300helf.o eh8300self.o eh8300hnelf.o eh8300snelf.o eh8300sxelf.o eh8300sxnelf.o'
EMUL_EXTRA_OFILES=''
EXEEXT=''
FGREP='grep -F'
GENCAT=''
GENINSRC_NEVER_FALSE=''
GENINSRC_NEVER_TRUE='#'
GMSGFMT='/usr/bin/msgfmt'
GREP='grep'
HDEFINES=''
HOSTING_CRT0='-dynamic-linker `${CC} --help --verbose 2>&1 | egrep "ld[^ ]*\.so" | sed -e "s,.*-dynamic-linker[ 	][ 	]*\(.*/ld[^ ]*\.so..\).*,\1,"` `${CC} --print-file-name=crt1.o` `${CC} --print-file-name=crti.o` `if [ -f ../gcc/crtbegin.o ]; then echo ../gcc/crtbegin.o; else ${CC} --print-file-name=crtbegin.o; fi`'
HOSTING_LIBS='-L`dirname \`${CC} --print-file-name=libc.so\`` `if [ -f ../gcc/libgcc.a ]; then libgcc=../gcc/libgcc.a; else libgcc=\`${CC} -print-libgcc-file-name\`; fi; if [ -f ../gcc/libgcc_eh.a ]; then libgcc="$libgcc ../gcc/libgcc_eh.a"; else libgcc_eh=\`${CC} -print-file-name=libgcc_eh.a\`; if [ x"$libgcc_eh" != xlibgcc_eh.a ]; then libgcc="$libgcc $libgcc_eh"; fi; fi; if [ -f ../gcc/libunwind.a ]; then libgcc="$libgcc ../gcc/libunwind.a"; else libunwind=\`${CC} -print-file-name=libunwind.a\`; if [ x"$libunwind" != xlibunwind.a ]; then libgcc="$libgcc $libunwind"; fi; fi; echo --start-group $libgcc -lc --end-group` `if [ -f ../gcc/crtend.o ]; then echo ../gcc/crtend.o; else ${CC} --print-file-name=crtend.o; fi` `${CC} --print-file-name=crtn.o`'
INCINTL=''
INSTALL_DATA='/usr/bin/install -c -m 644'
INSTALL_PROGRAM='/usr/bin/install -c'
INSTALL_SCRIPT='/usr/bin/install -c'
INSTALL_STRIP_PROGRAM='${SHELL} $(install_sh) -c -s'
INSTOBJEXT=''
LD='ld -m elf_x86_64'
LDFLAGS=''
LEX='flex'
LEXLIB=''
LEX_OUTPUT_ROOT='lex.yy'
LIBINTL=''
LIBINTL_DEP=''
LIBOBJS=''
LIBS='-lz '
LIBTOOL='$(SHELL) $(top_builddir)/libtool'
LIB_PATH=''
LN_S='ln -s'
LTLIBOBJS=''
MAINT='#'
MAINTAINER_MODE_FALSE=''
MAINTAINER_MODE_TRUE='#'
MAKEINFO='makeinfo --split-size=5000000'
MKINSTALLDIRS='$(top_builddir)/.././ld/../mkinstalldirs'
MSGFMT='/usr/bin/msgfmt'
MSGMERGE='/usr/bin/msgmerge'
NATIVE_LIB_DIRS='/usr/local/lib /lib /usr/lib'
NM='nm'
NO_WERROR=''
OBJEXT='o'
PACKAGE='ld'
PACKAGE_BUGREPORT=''
PACKAGE_NAME=''
PACKAGE_STRING=''
PACKAGE_TARNAME=''
PACKAGE_VERSION=''
PATH_SEPARATOR=':'
POSUB=''
RANLIB='ranlib'
SED='/usr/bin/sed'
SET_MAKE=''
SHELL='/bin/sh'
STRINGIFY='astring.sed'
STRIP='strip'
TARGET_SYSTEM_ROOT=''
TARGET_SYSTEM_ROOT_DEFINE='-DTARGET_SYSTEM_ROOT=\"\"'
TESTBFDLIB='../bfd/.libs/libbfd.a'
USE_NLS='no'
VERSION='2.19.1'
WARN_CFLAGS='-W -Wall -Wstrict-prototypes -Wmissing-prototypes'
XGETTEXT='/usr/bin/xgettext'
YACC='bison -y'
ac_ct_AR=''
ac_ct_CC=''
ac_ct_DUMPBIN=''
ac_ct_RANLIB=''
ac_ct_STRIP='strip'
am__fastdepCC_FALSE='#'
am__fastdepCC_TRUE=''
am__include='include'
am__leading_dot='.'
am__quote=''
am__tar='${AMTAR} chof - "$$tardir"'
am__untar='${AMTAR} xf -'
bindir='${exec_prefix}/bin'
build='x86_64-unknown-linux-gnu'
build_alias='x86_64-unknown-linux-gnu'
build_cpu='x86_64'
build_os='linux-gnu'
build_vendor='unknown'
datadir='${prefix}/share'
datarootdir='/home/takayuki/home2/work/h8_micon/tools/share'
docdir='/home/takayuki/home2/work/h8_micon/tools/share/doc'
exec_prefix='${prefix}'
host='x86_64-unknown-linux-gnu'
host_alias='x86_64-unknown-linux-gnu'
host_cpu='x86_64'
host_os='linux-gnu'
host_vendor='unknown'
htmldir='/home/takayuki/home2/work/h8_micon/tools/share/doc'
includedir='${prefix}/include'
infodir='${prefix}/info'
install_sh='/home/takayuki/home2/work/h8_micon/env/binutils-2.19.1/install-sh'
libdir='${exec_prefix}/lib'
libexecdir='${exec_prefix}/libexec'
localstatedir='${prefix}/var'
lt_ECHO='echo'
mandir='${prefix}/man'
mkdir_p='mkdir -p --'
oldincludedir='/usr/include'
prefix='/home/takayuki/home2/work/h8_micon/tools'
program_transform_name='s,^,h8300-elf-,'
sbindir='${exec_prefix}/sbin'
sharedstatedir='${prefix}/com'
sysconfdir='${prefix}/etc'
target='h8300-unknown-elf'
target_alias='h8300-elf'
target_cpu='h8300'
target_os='elf'
target_vendor='unknown'
use_sysroot='no'

## ------------- ##
## Output files. ##
## ------------- ##

TDIRS='tdirs'

## ----------- ##
## confdefs.h. ##
## ----------- ##

#define GOT_HANDLING_DEFAULT GOT_HANDLING_TARGET_DEFAULT
#define HAVE_DECL_ENVIRON 1
#define HAVE_DECL_FREE 1
#define HAVE_DECL_GETENV 1
#define HAVE_DECL_GETOPT 1
#define HAVE_DECL_SBRK 1
#define HAVE_DECL_STRSTR 1
#define HAVE_DIRENT_H 1
#define HAVE_DLFCN_H 1
#define HAVE_GLOB 1
#define HAVE_INTTYPES_H 1
#define HAVE_LIMITS_H 1
#define HAVE_MEMORY_H 1
#define HAVE_MKSTEMP 1
#define HAVE_REALPATH 1
#define HAVE_SBRK 1
#define HAVE_STDINT_H 1
#define HAVE_STDLIB_H 1
#define HAVE_STDLIB_H 1
#define HAVE_STRINGS_H 1
#define HAVE_STRINGS_H 1
#define HAVE_STRING_H 1
#define HAVE_STRING_H 1
#define HAVE_SYS_PARAM_H 1
#define HAVE_SYS_STAT_H 1
#define HAVE_SYS_TYPES_H 1
#define HAVE_UNISTD_H 1
#define HAVE_UNISTD_H 1
#define HAVE_WAITPID 1
#define HAVE_ZLIB_H 1
#define LT_OBJDIR ".libs/"
#define PACKAGE "ld"
#define PACKAGE_BUGREPORT ""
#define PACKAGE_NAME ""
#define PACKAGE_STRING ""
#define PACKAGE_TARNAME ""
#define PACKAGE_VERSION ""
#define STDC_HEADERS 1
#define VERSION "2.19.1"
#define _ALL_SOURCE 1
#define _GNU_SOURCE 1
#define _GNU_SOURCE 1
#define _POSIX_PTHREAD_SEMANTICS 1
#define _TANDEM_SOURCE 1
#define __EXTENSIONS__ 1

configure: exit 0
