This file contains any messages produced by compilers while
running configure, to aid debugging if configure makes a mistake.

It was created by configure, which was
generated by GNU Autoconf 2.59.  Invocation command line was

  $ /home/takayuki/home2/work/h8_micon/env/binutils-2.19.1/libiberty/configure --cache-file=./config.cache --with-gnu-as --with-gnu-ld --disable-nls --prefix=/home/takayuki/home2/work/h8_micon/tools --disable-werror --program-transform-name=s,^,h8300-elf-, --build=x86_64-unknown-linux-gnu --host=x86_64-unknown-linux-gnu --target=h8300-elf --srcdir=.././libiberty

## --------- ##
## Platform. ##
## --------- ##

hostname = ArchLinux
uname -m = x86_64
uname -r = 4.13.12-1-ARCH
uname -s = Linux
uname -v = #1 SMP PREEMPT Wed Nov 8 11:54:06 CET 2017

/usr/bin/uname -p = unknown
/bin/uname -X     = unknown

/bin/arch              = unknown
/usr/bin/arch -k       = unknown
/usr/convex/getsysinfo = unknown
hostinfo               = unknown
/bin/machine           = unknown
/usr/bin/oslevel       = unknown
/bin/universe          = unknown

PATH: /usr/local/sbin
PATH: /usr/local/bin
PATH: /usr/bin
PATH: /usr/lib/emscripten
PATH: /usr/lib/jvm/default/bin
PATH: /usr/bin/site_perl
PATH: /usr/bin/vendor_perl
PATH: /usr/bin/core_perl
PATH: /home/takayuki/bin
PATH: /home/takayuki/bin
PATH: /home/takayuki/.cargo/bin
PATH: /home/takayuki/.config/composer/vendor/bin


## ----------- ##
## Core tests. ##
## ----------- ##

configure:1221: loading cache ./config.cache
configure:1400: checking whether to enable maintainer-specific portions of Makefiles
configure:1410: result: no
configure:1425: checking for makeinfo
configure:1451: result: makeinfo --split-size=5000000
configure:1490: checking for perl
configure:1516: result: perl
configure:1536: checking build system type
configure:1554: result: x86_64-unknown-linux-gnu
configure:1562: checking host system type
configure:1576: result: x86_64-unknown-linux-gnu
configure:1589: checking for x86_64-unknown-linux-gnu-ar
configure:1615: result: ar
configure:1668: checking for x86_64-unknown-linux-gnu-ranlib
configure:1694: result: ranlib
configure:1778: checking for x86_64-unknown-linux-gnu-gcc
configure:1804: result: gcc
configure:2088: checking for C compiler version
configure:2091: gcc --version </dev/null >&5
gcc (GCC) 7.2.0
Copyright (C) 2017 Free Software Foundation, Inc.
This is free software; see the source for copying conditions.  There is NO
warranty; not even for MERCHANTABILITY or FITNESS FOR A PARTICULAR PURPOSE.

configure:2094: $? = 0
configure:2096: gcc -v </dev/null >&5
Using built-in specs.
COLLECT_GCC=gcc
COLLECT_LTO_WRAPPER=/usr/lib/gcc/x86_64-pc-linux-gnu/7.2.0/lto-wrapper
Target: x86_64-pc-linux-gnu
Configured with: /build/gcc-multilib/src/gcc/configure --prefix=/usr --libdir=/usr/lib --libexecdir=/usr/lib --mandir=/usr/share/man --infodir=/usr/share/info --with-bugurl=https://bugs.archlinux.org/ --enable-languages=c,c++,ada,fortran,go,lto,objc,obj-c++ --enable-shared --enable-threads=posix --enable-libmpx --with-system-zlib --with-isl --enable-__cxa_atexit --disable-libunwind-exceptions --enable-clocale=gnu --disable-libstdcxx-pch --disable-libssp --enable-gnu-unique-object --enable-linker-build-id --enable-lto --enable-plugin --enable-install-libiberty --with-linker-hash-style=gnu --enable-gnu-indirect-function --enable-multilib --disable-werror --enable-checking=release --enable-default-pie --enable-default-ssp
Thread model: posix
gcc version 7.2.0 (GCC) 
configure:2099: $? = 0
configure:2101: gcc -V </dev/null >&5
gcc: error: unrecognized command line option '-V'
gcc: fatal error: no input files
compilation terminated.
configure:2104: $? = 1
configure:2123: gcc -o conftest -g -O2   conftest.c  >&5
configure:2126: $? = 0
configure:2160: checking for C compiler default output file name
configure:2163: gcc -g -O2   conftest.c  >&5
configure:2166: $? = 0
configure:2214: result: a.out
configure:2219: checking whether the C compiler works
configure:2225: ./a.out
configure:2228: $? = 0
configure:2247: result: yes
configure:2254: checking whether we are cross compiling
configure:2256: result: no
configure:2259: checking for suffix of executables
configure:2261: gcc -o conftest -g -O2   conftest.c  >&5
configure:2264: $? = 0
configure:2291: result: 
configure:2298: checking for suffix of object files
configure:2346: result: o
configure:2350: checking whether we are using the GNU C compiler
configure:2406: result: yes
configure:2412: checking whether gcc accepts -g
configure:2463: result: yes
configure:2480: checking for gcc option to accept ANSI C
configure:2587: result: none needed
configure:2605: gcc -c -g -O2  conftest.c >&5
conftest.c:2:3: error: unknown type name 'choke'
   choke me
   ^~~~~
conftest.c:2:3: error: expected '=', ',', ';', 'asm' or '__attribute__' at end of input
configure:2611: $? = 1
configure: failed program was:
| #ifndef __cplusplus
|   choke me
| #endif
configure:2749: checking how to run the C preprocessor
configure:2867: result: gcc -E
configure:2891: gcc -E  conftest.c
configure:2897: $? = 0
configure:2929: gcc -E  conftest.c
conftest.c:9:10: fatal error: ac_nonexistent.h: No such file or directory
 #include <ac_nonexistent.h>
          ^~~~~~~~~~~~~~~~~~
compilation terminated.
configure:2935: $? = 1
configure: failed program was:
| /* confdefs.h.  */
| 
| #define PACKAGE_NAME ""
| #define PACKAGE_TARNAME ""
| #define PACKAGE_VERSION ""
| #define PACKAGE_STRING ""
| #define PACKAGE_BUGREPORT ""
| /* end confdefs.h.  */
| #include <ac_nonexistent.h>
configure:2990: checking whether gcc supports -W
configure:3043: result: yes
configure:2990: checking whether gcc supports -Wall
configure:3043: result: yes
configure:2990: checking whether gcc supports -Wwrite-strings
configure:3043: result: yes
configure:2990: checking whether gcc supports -Wc++-compat
configure:3043: result: yes
configure:2990: checking whether gcc supports -Wstrict-prototypes
configure:3043: result: yes
configure:3053: checking whether gcc supports -pedantic 
configure:3107: result: yes
configure:3119: checking whether gcc and cc understand -c and -o together
configure:3196: result: yes
configure:3217: checking for an ANSI C-conforming const
configure:3314: result: yes
configure:3324: checking for inline
configure:3376: result: inline
configure:3395: checking whether byte ordering is bigendian
configure:3606: result: no
configure:3645: checking for a BSD-compatible install
configure:3700: result: /usr/bin/install -c
configure:3814: checking for sys/file.h
configure:3854: result: yes
configure:3814: checking for sys/param.h
configure:3854: result: yes
configure:3814: checking for limits.h
configure:3854: result: yes
configure:3814: checking for stdlib.h
configure:3854: result: yes
configure:3814: checking for malloc.h
configure:3854: result: yes
configure:3814: checking for string.h
configure:3854: result: yes
configure:3814: checking for unistd.h
configure:3854: result: yes
configure:3814: checking for strings.h
configure:3854: result: yes
configure:3814: checking for sys/time.h
configure:3854: result: yes
configure:3814: checking for time.h
configure:3854: result: yes
configure:3814: checking for sys/resource.h
configure:3854: result: yes
configure:3814: checking for sys/stat.h
configure:3854: result: yes
configure:3814: checking for sys/mman.h
configure:3854: result: yes
configure:3814: checking for fcntl.h
configure:3854: result: yes
configure:3814: checking for alloca.h
configure:3854: result: yes
configure:3814: checking for sys/pstat.h
configure:3854: result: no
configure:3814: checking for sys/sysmp.h
configure:3854: result: no
configure:3814: checking for sys/sysinfo.h
configure:3854: result: yes
configure:3814: checking for machine/hal_sysinfo.h
configure:3854: result: no
configure:3814: checking for sys/table.h
configure:3854: result: no
configure:3814: checking for sys/sysctl.h
configure:3854: result: yes
configure:3814: checking for sys/systemcfg.h
configure:3854: result: no
configure:3814: checking for stdint.h
configure:3854: result: yes
configure:3814: checking for stdio_ext.h
configure:3854: result: yes
configure:3864: checking for sys/wait.h that is POSIX.1 compatible
configure:3925: result: yes
configure:3935: checking whether time.h and sys/time.h may both be included
configure:3990: result: yes
configure:4001: checking whether errno must be declared
configure:4052: result: no
configure:4064: checking for egrep
configure:4074: result: grep -E
configure:4079: checking for ANSI C header files
configure:4235: result: yes
configure:4259: checking for sys/types.h
configure:4299: result: yes
configure:4259: checking for sys/stat.h
configure:4299: result: yes
configure:4259: checking for stdlib.h
configure:4299: result: yes
configure:4259: checking for string.h
configure:4299: result: yes
configure:4259: checking for memory.h
configure:4299: result: yes
configure:4259: checking for strings.h
configure:4299: result: yes
configure:4259: checking for inttypes.h
configure:4299: result: yes
configure:4259: checking for stdint.h
configure:4299: result: yes
configure:4259: checking for unistd.h
configure:4299: result: yes
configure:4310: checking for int
configure:4364: result: yes
configure:4367: checking size of int
configure:4723: result: 4
configure:4731: checking for uintptr_t
configure:4785: result: yes
configure:4799: checking for a 64-bit type
configure:4951: result: uint64_t
configure:4970: checking for pid_t
configure:5024: result: yes
configure:6266: checking for library containing strerror
configure:6395: result: none required
configure:6406: checking for asprintf
configure:6493: result: yes
configure:6406: checking for atexit
configure:6493: result: yes
configure:6406: checking for basename
configure:6493: result: yes
configure:6406: checking for bcmp
configure:6493: result: yes
configure:6406: checking for bcopy
configure:6493: result: yes
configure:6406: checking for bsearch
configure:6493: result: yes
configure:6406: checking for bzero
configure:6493: result: yes
configure:6406: checking for calloc
configure:6493: result: yes
configure:6406: checking for clock
configure:6493: result: yes
configure:6406: checking for ffs
configure:6493: result: yes
configure:6406: checking for getcwd
configure:6493: result: yes
configure:6406: checking for getpagesize
configure:6493: result: yes
configure:6406: checking for gettimeofday
configure:6493: result: yes
configure:6406: checking for index
configure:6493: result: yes
configure:6406: checking for insque
configure:6493: result: yes
configure:6406: checking for memchr
configure:6493: result: yes
configure:6406: checking for memcmp
configure:6493: result: yes
configure:6406: checking for memcpy
configure:6493: result: yes
configure:6406: checking for memmove
configure:6493: result: yes
configure:6406: checking for mempcpy
configure:6493: result: yes
configure:6406: checking for memset
configure:6493: result: yes
configure:6406: checking for mkstemps
configure:6493: result: yes
configure:6406: checking for putenv
configure:6493: result: yes
configure:6406: checking for random
configure:6493: result: yes
configure:6406: checking for rename
configure:6493: result: yes
configure:6406: checking for rindex
configure:6493: result: yes
configure:6406: checking for setenv
configure:6493: result: yes
configure:6406: checking for snprintf
configure:6493: result: yes
configure:6406: checking for sigsetmask
configure:6493: result: yes
configure:6406: checking for stpcpy
configure:6493: result: yes
configure:6406: checking for stpncpy
configure:6493: result: yes
configure:6406: checking for strcasecmp
configure:6493: result: yes
configure:6406: checking for strchr
configure:6493: result: yes
configure:6406: checking for strdup
configure:6493: result: yes
configure:6406: checking for strncasecmp
configure:6493: result: yes
configure:6406: checking for strndup
configure:6493: result: yes
configure:6406: checking for strrchr
configure:6493: result: yes
configure:6406: checking for strstr
configure:6493: result: yes
configure:6406: checking for strtod
configure:6493: result: yes
configure:6406: checking for strtol
configure:6493: result: yes
configure:6406: checking for strtoul
configure:6493: result: yes
configure:6406: checking for strverscmp
configure:6493: result: yes
configure:6406: checking for tmpnam
configure:6493: result: yes
configure:6406: checking for vasprintf
configure:6493: result: yes
configure:6406: checking for vfprintf
configure:6493: result: yes
configure:6406: checking for vprintf
configure:6493: result: yes
configure:6406: checking for vsnprintf
configure:6493: result: yes
configure:6406: checking for vsprintf
configure:6493: result: yes
configure:6406: checking for waitpid
configure:6493: result: yes
configure:6513: checking whether alloca needs Cray hooks
configure:6540: result: no
configure:6645: checking stack direction for C alloca
configure:6699: result: -1
configure:6712: checking for unistd.h
configure:6752: result: yes
configure:6712: checking for vfork.h
configure:6752: result: no
configure:6767: checking for fork
configure:6854: result: yes
configure:6767: checking for vfork
configure:6854: result: yes
configure:6865: checking for working fork
configure:6910: result: yes
configure:6931: checking for working vfork
configure:7064: result: yes
configure:7225: checking for _doprnt
configure:7312: result: no
configure:7325: checking for sys_errlist
configure:7384: result: yes
configure:7325: checking for sys_nerr
configure:7384: result: yes
configure:7325: checking for sys_siglist
configure:7384: result: yes
configure:7399: checking for external symbol _system_configuration
configure:7417: gcc -c -g -O2  conftest.c >&5
conftest.c:101:10: fatal error: sys/systemcfg.h: No such file or directory
 #include <sys/systemcfg.h>
          ^~~~~~~~~~~~~~~~~
compilation terminated.
configure:7423: $? = 1
configure: failed program was:
| /* confdefs.h.  */
| 
| #define PACKAGE_NAME ""
| #define PACKAGE_TARNAME ""
| #define PACKAGE_VERSION ""
| #define PACKAGE_STRING ""
| #define PACKAGE_BUGREPORT ""
| #define HAVE_SYS_FILE_H 1
| #define HAVE_SYS_PARAM_H 1
| #define HAVE_LIMITS_H 1
| #define HAVE_STDLIB_H 1
| #define HAVE_MALLOC_H 1
| #define HAVE_STRING_H 1
| #define HAVE_UNISTD_H 1
| #define HAVE_STRINGS_H 1
| #define HAVE_SYS_TIME_H 1
| #define HAVE_TIME_H 1
| #define HAVE_SYS_RESOURCE_H 1
| #define HAVE_SYS_STAT_H 1
| #define HAVE_SYS_MMAN_H 1
| #define HAVE_FCNTL_H 1
| #define HAVE_ALLOCA_H 1
| #define HAVE_SYS_SYSINFO_H 1
| #define HAVE_SYS_SYSCTL_H 1
| #define HAVE_STDINT_H 1
| #define HAVE_STDIO_EXT_H 1
| #define HAVE_SYS_WAIT_H 1
| #define TIME_WITH_SYS_TIME 1
| #define STDC_HEADERS 1
| #define HAVE_SYS_TYPES_H 1
| #define HAVE_SYS_STAT_H 1
| #define HAVE_STDLIB_H 1
| #define HAVE_STRING_H 1
| #define HAVE_MEMORY_H 1
| #define HAVE_STRINGS_H 1
| #define HAVE_INTTYPES_H 1
| #define HAVE_STDINT_H 1
| #define HAVE_UNISTD_H 1
| #define SIZEOF_INT 4
| #define UNSIGNED_64BIT_TYPE uint64_t
| #define HAVE_UINTPTR_T 1
| #define HAVE_ASPRINTF 1
| #define HAVE_ATEXIT 1
| #define HAVE_BASENAME 1
| #define HAVE_BCMP 1
| #define HAVE_BCOPY 1
| #define HAVE_BSEARCH 1
| #define HAVE_BZERO 1
| #define HAVE_CALLOC 1
| #define HAVE_CLOCK 1
| #define HAVE_FFS 1
| #define HAVE_GETCWD 1
| #define HAVE_GETPAGESIZE 1
| #define HAVE_GETTIMEOFDAY 1
| #define HAVE_INDEX 1
| #define HAVE_INSQUE 1
| #define HAVE_MEMCHR 1
| #define HAVE_MEMCMP 1
| #define HAVE_MEMCPY 1
| #define HAVE_MEMMOVE 1
| #define HAVE_MEMPCPY 1
| #define HAVE_MEMSET 1
| #define HAVE_MKSTEMPS 1
| #define HAVE_PUTENV 1
| #define HAVE_RANDOM 1
| #define HAVE_RENAME 1
| #define HAVE_RINDEX 1
| #define HAVE_SETENV 1
| #define HAVE_SNPRINTF 1
| #define HAVE_SIGSETMASK 1
| #define HAVE_STPCPY 1
| #define HAVE_STPNCPY 1
| #define HAVE_STRCASECMP 1
| #define HAVE_STRCHR 1
| #define HAVE_STRDUP 1
| #define HAVE_STRNCASECMP 1
| #define HAVE_STRNDUP 1
| #define HAVE_STRRCHR 1
| #define HAVE_STRSTR 1
| #define HAVE_STRTOD 1
| #define HAVE_STRTOL 1
| #define HAVE_STRTOUL 1
| #define HAVE_STRVERSCMP 1
| #define HAVE_TMPNAM 1
| #define HAVE_VASPRINTF 1
| #define HAVE_VFPRINTF 1
| #define HAVE_VPRINTF 1
| #define HAVE_VSNPRINTF 1
| #define HAVE_VSPRINTF 1
| #define HAVE_WAITPID 1
| #define STACK_DIRECTION -1
| #define HAVE_UNISTD_H 1
| #define HAVE_FORK 1
| #define HAVE_VFORK 1
| #define HAVE_WORKING_VFORK 1
| #define HAVE_WORKING_FORK 1
| #define HAVE_SYS_ERRLIST 1
| #define HAVE_SYS_NERR 1
| #define HAVE_SYS_SIGLIST 1
| /* end confdefs.h.  */
| #include <sys/systemcfg.h>
| int
| main ()
| {
| double x = _system_configuration.physmem;
|   ;
|   return 0;
| }
configure:7449: result: no
configure:7458: checking for getrusage
configure:7545: result: yes
configure:7458: checking for on_exit
configure:7545: result: yes
configure:7458: checking for psignal
configure:7545: result: yes
configure:7458: checking for strerror
configure:7545: result: yes
configure:7458: checking for strsignal
configure:7545: result: yes
configure:7458: checking for sysconf
configure:7545: result: yes
configure:7458: checking for times
configure:7545: result: yes
configure:7458: checking for sbrk
configure:7545: result: yes
configure:7458: checking for gettimeofday
configure:7545: result: yes
configure:7458: checking for realpath
configure:7545: result: yes
configure:7458: checking for canonicalize_file_name
configure:7545: result: yes
configure:7458: checking for pstat_getstatic
configure:7545: result: no
configure:7458: checking for pstat_getdynamic
configure:7545: result: no
configure:7458: checking for sysmp
configure:7545: result: no
configure:7458: checking for getsysinfo
configure:7545: result: no
configure:7458: checking for table
configure:7545: result: no
configure:7458: checking for sysctl
configure:7545: result: yes
configure:7458: checking for wait3
configure:7545: result: yes
configure:7458: checking for wait4
configure:7545: result: yes
configure:7458: checking for __fsetlocking
configure:7545: result: yes
configure:7555: checking whether basename is declared
configure:7609: result: no
configure:7625: checking whether ffs is declared
configure:7679: result: yes
configure:7695: checking whether asprintf is declared
configure:7749: result: no
configure:7765: checking whether vasprintf is declared
configure:7819: result: no
configure:7835: checking whether snprintf is declared
configure:7889: result: yes
configure:7905: checking whether vsnprintf is declared
configure:7959: result: yes
configure:7977: checking whether calloc is declared
configure:8031: result: yes
configure:8047: checking whether getenv is declared
configure:8101: result: yes
configure:8117: checking whether getopt is declared
configure:8171: result: yes
configure:8187: checking whether malloc is declared
configure:8241: result: yes
configure:8257: checking whether realloc is declared
configure:8311: result: yes
configure:8327: checking whether sbrk is declared
configure:8381: result: yes
configure:8399: checking whether strverscmp is declared
configure:8453: result: no
configure:8471: checking whether canonicalize_file_name must be declared
configure:8538: result: yes
configure:8570: checking for stdlib.h
configure:8610: result: yes
configure:8570: checking for unistd.h
configure:8610: result: yes
configure:8624: checking for getpagesize
configure:8711: result: yes
configure:8721: checking for working mmap
configure:8885: result: yes
configure:8898: checking for working strncmp
configure:8998: result: yes
configure:9135: creating ./config.status

## ---------------------- ##
## Running config.status. ##
## ---------------------- ##

This file was extended by config.status, which was
generated by GNU Autoconf 2.59.  Invocation command line was

  CONFIG_FILES    = 
  CONFIG_HEADERS  = 
  CONFIG_LINKS    = 
  CONFIG_COMMANDS = 
  $ ./config.status 

on ArchLinux

config.status:703: creating Makefile
config.status:703: creating testsuite/Makefile
config.status:800: creating config.h
config.status:1186: config.h is unchanged
config.status:1344: executing default commands

## ---------------- ##
## Cache variables. ##
## ---------------- ##

ac_cv_build=x86_64-unknown-linux-gnu
ac_cv_build_alias=x86_64-unknown-linux-gnu
ac_cv_c_bigendian=no
ac_cv_c_compiler_gnu=yes
ac_cv_c_const=yes
ac_cv_c_inline=inline
ac_cv_c_stack_direction=-1
ac_cv_env_CC_set=set
ac_cv_env_CC_value=gcc
ac_cv_env_CFLAGS_set=set
ac_cv_env_CFLAGS_value='-g -O2'
ac_cv_env_CPPFLAGS_set=
ac_cv_env_CPPFLAGS_value=
ac_cv_env_CPP_set=
ac_cv_env_CPP_value=
ac_cv_env_LDFLAGS_set=set
ac_cv_env_LDFLAGS_value=
ac_cv_env_build_alias_set=set
ac_cv_env_build_alias_value=x86_64-unknown-linux-gnu
ac_cv_env_host_alias_set=set
ac_cv_env_host_alias_value=x86_64-unknown-linux-gnu
ac_cv_env_target_alias_set=set
ac_cv_env_target_alias_value=h8300-elf
ac_cv_exeext=
ac_cv_func___fsetlocking=yes
ac_cv_func__doprnt=no
ac_cv_func_asprintf=yes
ac_cv_func_atexit=yes
ac_cv_func_basename=yes
ac_cv_func_bcmp=yes
ac_cv_func_bcopy=yes
ac_cv_func_bsearch=yes
ac_cv_func_bzero=yes
ac_cv_func_calloc=yes
ac_cv_func_canonicalize_file_name=yes
ac_cv_func_clock=yes
ac_cv_func_ffs=yes
ac_cv_func_fork=yes
ac_cv_func_fork_works=yes
ac_cv_func_getcwd=yes
ac_cv_func_getpagesize=yes
ac_cv_func_getrusage=yes
ac_cv_func_getsysinfo=no
ac_cv_func_gettimeofday=yes
ac_cv_func_index=yes
ac_cv_func_insque=yes
ac_cv_func_memchr=yes
ac_cv_func_memcmp=yes
ac_cv_func_memcpy=yes
ac_cv_func_memmove=yes
ac_cv_func_mempcpy=yes
ac_cv_func_memset=yes
ac_cv_func_mkstemps=yes
ac_cv_func_mmap_fixed_mapped=yes
ac_cv_func_on_exit=yes
ac_cv_func_psignal=yes
ac_cv_func_pstat_getdynamic=no
ac_cv_func_pstat_getstatic=no
ac_cv_func_putenv=yes
ac_cv_func_random=yes
ac_cv_func_realpath=yes
ac_cv_func_rename=yes
ac_cv_func_rindex=yes
ac_cv_func_sbrk=yes
ac_cv_func_setenv=yes
ac_cv_func_sigsetmask=yes
ac_cv_func_snprintf=yes
ac_cv_func_stpcpy=yes
ac_cv_func_stpncpy=yes
ac_cv_func_strcasecmp=yes
ac_cv_func_strchr=yes
ac_cv_func_strdup=yes
ac_cv_func_strerror=yes
ac_cv_func_strncasecmp=yes
ac_cv_func_strncmp_works=yes
ac_cv_func_strndup=yes
ac_cv_func_strrchr=yes
ac_cv_func_strsignal=yes
ac_cv_func_strstr=yes
ac_cv_func_strtod=yes
ac_cv_func_strtol=yes
ac_cv_func_strtoul=yes
ac_cv_func_strverscmp=yes
ac_cv_func_sysconf=yes
ac_cv_func_sysctl=yes
ac_cv_func_sysmp=no
ac_cv_func_table=no
ac_cv_func_times=yes
ac_cv_func_tmpnam=yes
ac_cv_func_vasprintf=yes
ac_cv_func_vfork=yes
ac_cv_func_vfork_works=yes
ac_cv_func_vfprintf=yes
ac_cv_func_vprintf=yes
ac_cv_func_vsnprintf=yes
ac_cv_func_vsprintf=yes
ac_cv_func_wait3=yes
ac_cv_func_wait4=yes
ac_cv_func_waitpid=yes
ac_cv_have_decl_asprintf=no
ac_cv_have_decl_basename=no
ac_cv_have_decl_calloc=yes
ac_cv_have_decl_ffs=yes
ac_cv_have_decl_getenv=yes
ac_cv_have_decl_getopt=yes
ac_cv_have_decl_malloc=yes
ac_cv_have_decl_realloc=yes
ac_cv_have_decl_sbrk=yes
ac_cv_have_decl_snprintf=yes
ac_cv_have_decl_strverscmp=no
ac_cv_have_decl_vasprintf=no
ac_cv_have_decl_vsnprintf=yes
ac_cv_header_alloca_h=yes
ac_cv_header_fcntl_h=yes
ac_cv_header_inttypes_h=yes
ac_cv_header_limits_h=yes
ac_cv_header_machine_hal_sysinfo_h=no
ac_cv_header_malloc_h=yes
ac_cv_header_memory_h=yes
ac_cv_header_stdc=yes
ac_cv_header_stdint_h=yes
ac_cv_header_stdio_ext_h=yes
ac_cv_header_stdlib_h=yes
ac_cv_header_string_h=yes
ac_cv_header_strings_h=yes
ac_cv_header_sys_file_h=yes
ac_cv_header_sys_mman_h=yes
ac_cv_header_sys_param_h=yes
ac_cv_header_sys_pstat_h=no
ac_cv_header_sys_resource_h=yes
ac_cv_header_sys_stat_h=yes
ac_cv_header_sys_sysctl_h=yes
ac_cv_header_sys_sysinfo_h=yes
ac_cv_header_sys_sysmp_h=no
ac_cv_header_sys_systemcfg_h=no
ac_cv_header_sys_table_h=no
ac_cv_header_sys_time_h=yes
ac_cv_header_sys_types_h=yes
ac_cv_header_sys_wait_h=yes
ac_cv_header_time=yes
ac_cv_header_time_h=yes
ac_cv_header_unistd_h=yes
ac_cv_header_vfork_h=no
ac_cv_host=x86_64-unknown-linux-gnu
ac_cv_host_alias=x86_64-unknown-linux-gnu
ac_cv_objext=o
ac_cv_os_cray=no
ac_cv_prog_AR=ar
ac_cv_prog_CC=gcc
ac_cv_prog_CPP='gcc -E'
ac_cv_prog_MAKEINFO='makeinfo --split-size=5000000'
ac_cv_prog_PERL=perl
ac_cv_prog_RANLIB=ranlib
ac_cv_prog_cc_g=yes
ac_cv_prog_cc_gcc_c_o=yes
ac_cv_prog_cc_stdc=
ac_cv_prog_egrep='grep -E'
ac_cv_search_strerror='none required'
ac_cv_sizeof_int=4
ac_cv_type_int=yes
ac_cv_type_pid_t=yes
ac_cv_type_uintptr_t=yes
acx_cv_prog_cc_pedantic_=yes
acx_cv_prog_cc_warning__W=yes
acx_cv_prog_cc_warning__Wall=yes
acx_cv_prog_cc_warning__Wcpp_compat=yes
acx_cv_prog_cc_warning__Wstrict_prototypes=yes
acx_cv_prog_cc_warning__Wwrite_strings=yes
liberty_cv_uint64=uint64_t
libiberty_cv_decl_needed_canonicalize_file_name=yes
libiberty_cv_declare_errno=no
libiberty_cv_var_sys_errlist=yes
libiberty_cv_var_sys_nerr=yes
libiberty_cv_var_sys_siglist=yes

## ----------------- ##
## Output variables. ##
## ----------------- ##

AR='ar'
BUILD_INFO='info'
CC='gcc'
CFLAGS='-g -O2'
CHECK='really-check'
CPP='gcc -E'
CPPFLAGS=''
DEFS='-DHAVE_CONFIG_H'
ECHO_C=''
ECHO_N='-n'
ECHO_T=''
EGREP='grep -E'
EXEEXT=''
HAVE_PERL=''
INSTALL_DATA='/usr/bin/install -c -m 644'
INSTALL_DEST='libdir'
INSTALL_PROGRAM='/usr/bin/install -c'
INSTALL_SCRIPT='/usr/bin/install -c'
LDFLAGS=''
LIBOBJS=''
LIBS=''
LTLIBOBJS=''
MAINT='#'
MAKEINFO='makeinfo --split-size=5000000'
NOTMAINT=''
NO_MINUS_C_MINUS_O=''
OBJEXT='o'
OUTPUT_OPTION='-o $@'
PACKAGE_BUGREPORT=''
PACKAGE_NAME=''
PACKAGE_STRING=''
PACKAGE_TARNAME=''
PACKAGE_VERSION=''
PATH_SEPARATOR=':'
PERL='perl'
PICFLAG=''
RANLIB='ranlib'
SHELL='/bin/sh'
ac_ct_AR=''
ac_ct_CC=''
ac_ct_RANLIB=''
ac_libiberty_warn_cflags='-W -Wall -Wwrite-strings -Wc++-compat -Wstrict-prototypes -pedantic '
bindir='${exec_prefix}/bin'
build='x86_64-unknown-linux-gnu'
build_alias='x86_64-unknown-linux-gnu'
build_cpu='x86_64'
build_os='linux-gnu'
build_vendor='unknown'
datadir='${prefix}/share'
datarootdir='/home/takayuki/home2/work/h8_micon/tools/share'
docdir='/home/takayuki/home2/work/h8_micon/tools/share/doc'
exec_prefix='${prefix}'
host='x86_64-unknown-linux-gnu'
host_alias='x86_64-unknown-linux-gnu'
host_cpu='x86_64'
host_os='linux-gnu'
host_vendor='unknown'
htmldir='/home/takayuki/home2/work/h8_micon/tools/share/doc'
includedir='${prefix}/include'
infodir='${prefix}/info'
libdir='${exec_prefix}/lib'
libexecdir='${exec_prefix}/libexec'
libiberty_topdir='.././libiberty/..'
localstatedir='${prefix}/var'
mandir='${prefix}/man'
oldincludedir='/usr/include'
pexecute='./pex-unix.o'
prefix='/home/takayuki/home2/work/h8_micon/tools'
program_transform_name='s,^,h8300-elf-,'
sbindir='${exec_prefix}/sbin'
sharedstatedir='${prefix}/com'
sysconfdir='${prefix}/etc'
target_alias='h8300-elf'
target_header_dir=''

## ------------- ##
## Output files. ##
## ------------- ##

host_makefile_frag='xhost-mkfrag'

## ----------- ##
## confdefs.h. ##
## ----------- ##

#define HAVE_ALLOCA_H 1
#define HAVE_ASPRINTF 1
#define HAVE_ATEXIT 1
#define HAVE_BASENAME 1
#define HAVE_BCMP 1
#define HAVE_BCOPY 1
#define HAVE_BSEARCH 1
#define HAVE_BZERO 1
#define HAVE_CALLOC 1
#define HAVE_CANONICALIZE_FILE_NAME 1
#define HAVE_CLOCK 1
#define HAVE_DECL_ASPRINTF 0
#define HAVE_DECL_BASENAME 0
#define HAVE_DECL_CALLOC 1
#define HAVE_DECL_FFS 1
#define HAVE_DECL_GETENV 1
#define HAVE_DECL_GETOPT 1
#define HAVE_DECL_MALLOC 1
#define HAVE_DECL_REALLOC 1
#define HAVE_DECL_SBRK 1
#define HAVE_DECL_SNPRINTF 1
#define HAVE_DECL_STRVERSCMP 0
#define HAVE_DECL_VASPRINTF 0
#define HAVE_DECL_VSNPRINTF 1
#define HAVE_FCNTL_H 1
#define HAVE_FFS 1
#define HAVE_FORK 1
#define HAVE_GETCWD 1
#define HAVE_GETPAGESIZE 1
#define HAVE_GETPAGESIZE 1
#define HAVE_GETRUSAGE 1
#define HAVE_GETTIMEOFDAY 1
#define HAVE_GETTIMEOFDAY 1
#define HAVE_INDEX 1
#define HAVE_INSQUE 1
#define HAVE_INTTYPES_H 1
#define HAVE_LIMITS_H 1
#define HAVE_MALLOC_H 1
#define HAVE_MEMCHR 1
#define HAVE_MEMCMP 1
#define HAVE_MEMCPY 1
#define HAVE_MEMMOVE 1
#define HAVE_MEMORY_H 1
#define HAVE_MEMPCPY 1
#define HAVE_MEMSET 1
#define HAVE_MKSTEMPS 1
#define HAVE_MMAP 1
#define HAVE_ON_EXIT 1
#define HAVE_PSIGNAL 1
#define HAVE_PUTENV 1
#define HAVE_RANDOM 1
#define HAVE_REALPATH 1
#define HAVE_RENAME 1
#define HAVE_RINDEX 1
#define HAVE_SBRK 1
#define HAVE_SETENV 1
#define HAVE_SIGSETMASK 1
#define HAVE_SNPRINTF 1
#define HAVE_STDINT_H 1
#define HAVE_STDINT_H 1
#define HAVE_STDIO_EXT_H 1
#define HAVE_STDLIB_H 1
#define HAVE_STDLIB_H 1
#define HAVE_STDLIB_H 1
#define HAVE_STPCPY 1
#define HAVE_STPNCPY 1
#define HAVE_STRCASECMP 1
#define HAVE_STRCHR 1
#define HAVE_STRDUP 1
#define HAVE_STRERROR 1
#define HAVE_STRINGS_H 1
#define HAVE_STRINGS_H 1
#define HAVE_STRING_H 1
#define HAVE_STRING_H 1
#define HAVE_STRNCASECMP 1
#define HAVE_STRNDUP 1
#define HAVE_STRRCHR 1
#define HAVE_STRSIGNAL 1
#define HAVE_STRSTR 1
#define HAVE_STRTOD 1
#define HAVE_STRTOL 1
#define HAVE_STRTOUL 1
#define HAVE_STRVERSCMP 1
#define HAVE_SYSCONF 1
#define HAVE_SYSCTL 1
#define HAVE_SYS_ERRLIST 1
#define HAVE_SYS_FILE_H 1
#define HAVE_SYS_MMAN_H 1
#define HAVE_SYS_NERR 1
#define HAVE_SYS_PARAM_H 1
#define HAVE_SYS_RESOURCE_H 1
#define HAVE_SYS_SIGLIST 1
#define HAVE_SYS_STAT_H 1
#define HAVE_SYS_STAT_H 1
#define HAVE_SYS_SYSCTL_H 1
#define HAVE_SYS_SYSINFO_H 1
#define HAVE_SYS_TIME_H 1
#define HAVE_SYS_TYPES_H 1
#define HAVE_SYS_WAIT_H 1
#define HAVE_TIMES 1
#define HAVE_TIME_H 1
#define HAVE_TMPNAM 1
#define HAVE_UINTPTR_T 1
#define HAVE_UNISTD_H 1
#define HAVE_UNISTD_H 1
#define HAVE_UNISTD_H 1
#define HAVE_UNISTD_H 1
#define HAVE_VASPRINTF 1
#define HAVE_VFORK 1
#define HAVE_VFPRINTF 1
#define HAVE_VPRINTF 1
#define HAVE_VSNPRINTF 1
#define HAVE_VSPRINTF 1
#define HAVE_WAIT3 1
#define HAVE_WAIT4 1
#define HAVE_WAITPID 1
#define HAVE_WORKING_FORK 1
#define HAVE_WORKING_VFORK 1
#define HAVE___FSETLOCKING 1
#define NEED_DECLARATION_CANONICALIZE_FILE_NAME 1
#define PACKAGE_BUGREPORT ""
#define PACKAGE_NAME ""
#define PACKAGE_STRING ""
#define PACKAGE_TARNAME ""
#define PACKAGE_VERSION ""
#define SIZEOF_INT 4
#define STACK_DIRECTION -1
#define STDC_HEADERS 1
#define TIME_WITH_SYS_TIME 1
#define UNSIGNED_64BIT_TYPE uint64_t

configure: exit 0
